#       r             V(r)
  1.67731314e-05  -2.38476639e+06
  1.69417042e-05  -2.36103757e+06
  1.71119711e-05  -2.33754485e+06
  1.72839493e-05  -2.31428589e+06
  1.74576559e-05  -2.29125836e+06
  1.76331082e-05  -2.26845996e+06
  1.78103239e-05  -2.24588841e+06
  1.79893206e-05  -2.22354144e+06
  1.81701163e-05  -2.20141684e+06
  1.83527290e-05  -2.17951237e+06
  1.85371770e-05  -2.15782586e+06
  1.87234787e-05  -2.13635514e+06
  1.89116528e-05  -2.11509805e+06
  1.91017181e-05  -2.09405247e+06
  1.92936936e-05  -2.07321630e+06
  1.94875984e-05  -2.05258745e+06
  1.96834520e-05  -2.03216387e+06
  1.98812740e-05  -2.01194350e+06
  2.00810841e-05  -1.99192433e+06
  2.02829024e-05  -1.97210435e+06
  2.04867489e-05  -1.95248158e+06
  2.06926442e-05  -1.93305407e+06
  2.09006087e-05  -1.91381986e+06
  2.11106633e-05  -1.89477703e+06
  2.13228290e-05  -1.87592368e+06
  2.15371270e-05  -1.85725793e+06
  2.17535788e-05  -1.83877791e+06
  2.19722059e-05  -1.82048176e+06
  2.21930302e-05  -1.80236766e+06
  2.24160739e-05  -1.78443381e+06
  2.26413591e-05  -1.76667839e+06
  2.28689086e-05  -1.74909965e+06
  2.30987449e-05  -1.73169582e+06
  2.33308912e-05  -1.71446516e+06
  2.35653705e-05  -1.69740594e+06
  2.38022065e-05  -1.68051647e+06
  2.40414226e-05  -1.66379505e+06
  2.42830429e-05  -1.64724002e+06
  2.45270916e-05  -1.63084970e+06
  2.47735929e-05  -1.61462248e+06
  2.50225717e-05  -1.59855672e+06
  2.52740527e-05  -1.58265081e+06
  2.55280612e-05  -1.56690317e+06
  2.57846224e-05  -1.55131223e+06
  2.60437622e-05  -1.53587641e+06
  2.63055064e-05  -1.52059419e+06
  2.65698811e-05  -1.50546402e+06
  2.68369128e-05  -1.49048440e+06
  2.71066283e-05  -1.47565384e+06
  2.73790544e-05  -1.46097083e+06
  2.76542185e-05  -1.44643393e+06
  2.79321480e-05  -1.43204167e+06
  2.82128708e-05  -1.41779262e+06
  2.84964148e-05  -1.40368535e+06
  2.87828086e-05  -1.38971845e+06
  2.90720806e-05  -1.37589052e+06
  2.93642599e-05  -1.36220018e+06
  2.96593756e-05  -1.34864606e+06
  2.99574573e-05  -1.33522681e+06
  3.02585347e-05  -1.32194108e+06
  3.05626381e-05  -1.30878754e+06
  3.08697977e-05  -1.29576489e+06
  3.11800443e-05  -1.28287181e+06
  3.14934090e-05  -1.27010703e+06
  3.18099230e-05  -1.25746925e+06
  3.21296180e-05  -1.24495722e+06
  3.24525260e-05  -1.23256969e+06
  3.27786794e-05  -1.22030542e+06
  3.31081106e-05  -1.20816318e+06
  3.34408526e-05  -1.19614175e+06
  3.37769388e-05  -1.18423994e+06
  3.41164026e-05  -1.17245656e+06
  3.44592782e-05  -1.16079042e+06
  3.48055997e-05  -1.14924036e+06
  3.51554018e-05  -1.13780523e+06
  3.55087194e-05  -1.12648388e+06
  3.58655880e-05  -1.11527518e+06
  3.62260432e-05  -1.10417800e+06
  3.65901209e-05  -1.09319125e+06
  3.69578578e-05  -1.08231381e+06
  3.73292904e-05  -1.07154461e+06
  3.77044560e-05  -1.06088256e+06
  3.80833921e-05  -1.05032661e+06
  3.84661366e-05  -1.03987568e+06
  3.88527277e-05  -1.02952875e+06
  3.92432041e-05  -1.01928476e+06
  3.96376048e-05  -1.00914271e+06
  4.00359694e-05  -9.99101574e+05
  4.04383376e-05  -9.89160347e+05
  4.08447496e-05  -9.79318037e+05
  4.12552462e-05  -9.69573660e+05
  4.16698683e-05  -9.59926240e+05
  4.20886574e-05  -9.50374815e+05
  4.25116555e-05  -9.40918427e+05
  4.29389047e-05  -9.31556133e+05
  4.33704479e-05  -9.22286994e+05
  4.38063281e-05  -9.13110085e+05
  4.42465890e-05  -9.04024488e+05
  4.46912746e-05  -8.95029294e+05
  4.51404294e-05  -8.86123604e+05
  4.55940983e-05  -8.77306527e+05
  4.60523266e-05  -8.68577181e+05
  4.65151602e-05  -8.59934694e+05
  4.69826453e-05  -8.51378200e+05
  4.74548287e-05  -8.42906846e+05
  4.79317577e-05  -8.34519783e+05
  4.84134799e-05  -8.26216172e+05
  4.89000434e-05  -8.17995184e+05
  4.93914970e-05  -8.09855996e+05
  4.98878898e-05  -8.01797794e+05
  5.03892715e-05  -7.93819772e+05
  5.08956920e-05  -7.85921134e+05
  5.14072023e-05  -7.78101088e+05
  5.19238532e-05  -7.70358853e+05
  5.24456966e-05  -7.62693654e+05
  5.29727846e-05  -7.55104725e+05
  5.35051700e-05  -7.47591308e+05
  5.40429059e-05  -7.40152650e+05
  5.45860461e-05  -7.32788008e+05
  5.51346450e-05  -7.25496646e+05
  5.56887574e-05  -7.18277833e+05
  5.62484387e-05  -7.11130849e+05
  5.68137449e-05  -7.04054979e+05
  5.73847325e-05  -6.97049515e+05
  5.79614587e-05  -6.90113757e+05
  5.85439810e-05  -6.83247010e+05
  5.91323578e-05  -6.76448589e+05
  5.97266479e-05  -6.69717813e+05
  6.03269107e-05  -6.63054009e+05
  6.09332062e-05  -6.56456512e+05
  6.15455951e-05  -6.49924660e+05
  6.21641386e-05  -6.43457802e+05
  6.27888986e-05  -6.37055290e+05
  6.34199376e-05  -6.30716484e+05
  6.40573185e-05  -6.24440750e+05
  6.47011053e-05  -6.18227460e+05
  6.53513622e-05  -6.12075994e+05
  6.60081543e-05  -6.05985737e+05
  6.66715473e-05  -5.99956078e+05
  6.73416075e-05  -5.93986415e+05
  6.80184019e-05  -5.88076151e+05
  6.87019982e-05  -5.82224696e+05
  6.93924647e-05  -5.76431463e+05
  7.00898706e-05  -5.70695875e+05
  7.07942855e-05  -5.65017356e+05
  7.15057799e-05  -5.59395339e+05
  7.22244250e-05  -5.53829262e+05
  7.29502925e-05  -5.48318569e+05
  7.36834551e-05  -5.42862708e+05
  7.44239862e-05  -5.37461134e+05
  7.51719596e-05  -5.32113306e+05
  7.59274504e-05  -5.26818691e+05
  7.66905340e-05  -5.21576757e+05
  7.74612866e-05  -5.16386982e+05
  7.82397855e-05  -5.11248845e+05
  7.90261084e-05  -5.06161834e+05
  7.98203340e-05  -5.01125440e+05
  8.06225417e-05  -4.96139158e+05
  8.14328117e-05  -4.91202491e+05
  8.22512251e-05  -4.86314945e+05
  8.30778637e-05  -4.81476030e+05
  8.39128101e-05  -4.76685264e+05
  8.47561478e-05  -4.71942166e+05
  8.56079613e-05  -4.67246263e+05
  8.64683356e-05  -4.62597085e+05
  8.73373568e-05  -4.57994167e+05
  8.82151118e-05  -4.53437049e+05
  8.91016885e-05  -4.48925275e+05
  8.99971753e-05  -4.44458394e+05
  9.09016620e-05  -4.40035959e+05
  9.18152389e-05  -4.35657528e+05
  9.27379973e-05  -4.31322663e+05
  9.36700297e-05  -4.27030931e+05
  9.46114292e-05  -4.22781902e+05
  9.55622898e-05  -4.18575152e+05
  9.65227068e-05  -4.14410260e+05
  9.74927761e-05  -4.10286809e+05
  9.84725948e-05  -4.06204387e+05
  9.94622609e-05  -4.02162586e+05
  1.00461873e-04  -3.98161001e+05
  1.01471532e-04  -3.94199233e+05
  1.02491338e-04  -3.90276885e+05
  1.03521393e-04  -3.86393565e+05
  1.04561800e-04  -3.82548885e+05
  1.05612664e-04  -3.78742460e+05
  1.06674089e-04  -3.74973909e+05
  1.07746181e-04  -3.71242857e+05
  1.08829048e-04  -3.67548929e+05
  1.09922798e-04  -3.63891756e+05
  1.11027541e-04  -3.60270972e+05
  1.12143386e-04  -3.56686216e+05
  1.13270446e-04  -3.53137129e+05
  1.14408833e-04  -3.49623356e+05
  1.15558661e-04  -3.46144545e+05
  1.16720044e-04  -3.42700349e+05
  1.17893100e-04  -3.39290424e+05
  1.19077946e-04  -3.35914428e+05
  1.20274699e-04  -3.32572024e+05
  1.21483480e-04  -3.29262877e+05
  1.22704409e-04  -3.25986656e+05
  1.23937609e-04  -3.22743035e+05
  1.25183203e-04  -3.19531688e+05
  1.26441315e-04  -3.16352295e+05
  1.27712071e-04  -3.13204537e+05
  1.28995599e-04  -3.10088099e+05
  1.30292026e-04  -3.07002671e+05
  1.31601483e-04  -3.03947944e+05
  1.32924099e-04  -3.00923611e+05
  1.34260009e-04  -2.97929371e+05
  1.35609344e-04  -2.94964924e+05
  1.36972241e-04  -2.92029974e+05
  1.38348835e-04  -2.89124227e+05
  1.39739264e-04  -2.86247393e+05
  1.41143667e-04  -2.83399184e+05
  1.42562184e-04  -2.80579315e+05
  1.43994958e-04  -2.77787504e+05
  1.45442131e-04  -2.75023473e+05
  1.46903849e-04  -2.72286943e+05
  1.48380257e-04  -2.69577643e+05
  1.49871504e-04  -2.66895301e+05
  1.51377737e-04  -2.64239648e+05
  1.52899109e-04  -2.61610420e+05
  1.54435770e-04  -2.59007352e+05
  1.55987876e-04  -2.56430186e+05
  1.57555580e-04  -2.53878663e+05
  1.59139040e-04  -2.51352528e+05
  1.60738414e-04  -2.48851529e+05
  1.62353862e-04  -2.46375415e+05
  1.63985545e-04  -2.43923938e+05
  1.65633627e-04  -2.41496855e+05
  1.67298273e-04  -2.39093921e+05
  1.68979648e-04  -2.36714897e+05
  1.70677922e-04  -2.34359544e+05
  1.72393264e-04  -2.32027628e+05
  1.74125845e-04  -2.29718914e+05
  1.75875839e-04  -2.27433173e+05
  1.77643420e-04  -2.25170175e+05
  1.79428766e-04  -2.22929694e+05
  1.81232055e-04  -2.20711507e+05
  1.83053468e-04  -2.18515390e+05
  1.84893186e-04  -2.16341126e+05
  1.86751393e-04  -2.14188496e+05
  1.88628276e-04  -2.12057285e+05
  1.90524022e-04  -2.09947279e+05
  1.92438820e-04  -2.07858269e+05
  1.94372862e-04  -2.05790045e+05
  1.96326342e-04  -2.03742400e+05
  1.98299454e-04  -2.01715129e+05
  2.00292397e-04  -1.99708030e+05
  2.02305369e-04  -1.97720902e+05
  2.04338572e-04  -1.95753546e+05
  2.06392209e-04  -1.93805765e+05
  2.08466485e-04  -1.91877366e+05
  2.10561608e-04  -1.89968154e+05
  2.12677787e-04  -1.88077939e+05
  2.14815235e-04  -1.86206533e+05
  2.16974164e-04  -1.84353747e+05
  2.19154790e-04  -1.82519396e+05
  2.21357332e-04  -1.80703298e+05
  2.23582011e-04  -1.78905270e+05
  2.25829047e-04  -1.77125133e+05
  2.28098667e-04  -1.75362708e+05
  2.30391096e-04  -1.73617820e+05
  2.32706566e-04  -1.71890294e+05
  2.35045305e-04  -1.70179957e+05
  2.37407550e-04  -1.68486638e+05
  2.39793536e-04  -1.66810168e+05
  2.42203501e-04  -1.65150379e+05
  2.44637686e-04  -1.63507106e+05
  2.47096336e-04  -1.61880183e+05
  2.49579695e-04  -1.60269448e+05
  2.52088013e-04  -1.58674740e+05
  2.54621540e-04  -1.57095900e+05
  2.57180529e-04  -1.55532770e+05
  2.59765236e-04  -1.53985193e+05
  2.62375920e-04  -1.52453015e+05
  2.65012842e-04  -1.50936082e+05
  2.67676265e-04  -1.49434243e+05
  2.70366456e-04  -1.47947347e+05
  2.73083684e-04  -1.46475247e+05
  2.75828221e-04  -1.45017794e+05
  2.78600341e-04  -1.43574842e+05
  2.81400321e-04  -1.42146249e+05
  2.84228441e-04  -1.40731870e+05
  2.87084984e-04  -1.39331564e+05
  2.89970236e-04  -1.37945192e+05
  2.92884486e-04  -1.36572615e+05
  2.95828024e-04  -1.35213694e+05
  2.98801145e-04  -1.33868296e+05
  3.01804146e-04  -1.32536284e+05
  3.04837328e-04  -1.31217526e+05
  3.07900994e-04  -1.29911890e+05
  3.10995451e-04  -1.28619245e+05
  3.14121007e-04  -1.27339462e+05
  3.17277976e-04  -1.26072413e+05
  3.20466672e-04  -1.24817972e+05
  3.23687416e-04  -1.23576012e+05
  3.26940529e-04  -1.22346410e+05
  3.30226335e-04  -1.21129043e+05
  3.33545165e-04  -1.19923789e+05
  3.36897350e-04  -1.18730527e+05
  3.40283225e-04  -1.17549139e+05
  3.43703128e-04  -1.16379505e+05
  3.47157402e-04  -1.15221510e+05
  3.50646392e-04  -1.14075037e+05
  3.54170446e-04  -1.12939971e+05
  3.57729919e-04  -1.11816200e+05
  3.61325164e-04  -1.10703610e+05
  3.64956542e-04  -1.09602091e+05
  3.68624417e-04  -1.08511532e+05
  3.72329154e-04  -1.07431824e+05
  3.76071124e-04  -1.06362859e+05
  3.79850701e-04  -1.05304531e+05
  3.83668264e-04  -1.04256734e+05
  3.87524195e-04  -1.03219362e+05
  3.91418877e-04  -1.02192312e+05
  3.95352703e-04  -1.01175481e+05
  3.99326063e-04  -1.00168769e+05
  4.03339357e-04  -9.91720726e+04
  4.07392985e-04  -9.81852940e+04
  4.11487352e-04  -9.72083340e+04
  4.15622869e-04  -9.62410949e+04
  4.19799948e-04  -9.52834800e+04
  4.24019008e-04  -9.43353936e+04
  4.28280470e-04  -9.33967407e+04
  4.32584760e-04  -9.24674276e+04
  4.36932309e-04  -9.15473613e+04
  4.41323552e-04  -9.06364499e+04
  4.45758927e-04  -8.97346021e+04
  4.50238879e-04  -8.88417279e+04
  4.54763855e-04  -8.79577380e+04
  4.59334308e-04  -8.70825438e+04
  4.63950694e-04  -8.62160581e+04
  4.68613476e-04  -8.53581939e+04
  4.73323120e-04  -8.45088657e+04
  4.78080097e-04  -8.36679885e+04
  4.82884881e-04  -8.28354781e+04
  4.87737955e-04  -8.20112513e+04
  4.92639803e-04  -8.11952257e+04
  4.97590915e-04  -8.03873197e+04
  5.02591787e-04  -7.95874525e+04
  5.07642919e-04  -7.87955441e+04
  5.12744815e-04  -7.80115154e+04
  5.17897986e-04  -7.72352878e+04
  5.23102947e-04  -7.64667839e+04
  5.28360219e-04  -7.57059267e+04
  5.33670328e-04  -7.49526401e+04
  5.39033804e-04  -7.42068489e+04
  5.44451183e-04  -7.34684784e+04
  5.49923009e-04  -7.27374548e+04
  5.55449827e-04  -7.20137050e+04
  5.61032190e-04  -7.12971567e+04
  5.66670658e-04  -7.05877381e+04
  5.72365793e-04  -6.98853784e+04
  5.78118164e-04  -6.91900073e+04
  5.83928349e-04  -6.85015552e+04
  5.89796926e-04  -6.78199533e+04
  5.95724484e-04  -6.71451335e+04
  6.01711614e-04  -6.64770283e+04
  6.07758916e-04  -6.58155708e+04
  6.13866995e-04  -6.51606949e+04
  6.20036461e-04  -6.45123352e+04
  6.26267931e-04  -6.38704267e+04
  6.32562028e-04  -6.32349054e+04
  6.38919382e-04  -6.26057075e+04
  6.45340629e-04  -6.19827703e+04
  6.51826410e-04  -6.13660315e+04
  6.58377375e-04  -6.07554293e+04
  6.64994177e-04  -6.01509026e+04
  6.71677480e-04  -5.95523912e+04
  6.78427951e-04  -5.89598350e+04
  6.85246265e-04  -5.83731748e+04
  6.92133104e-04  -5.77923520e+04
  6.99089158e-04  -5.72173085e+04
  7.06115121e-04  -5.66479868e+04
  7.13211695e-04  -5.60843299e+04
  7.20379592e-04  -5.55262815e+04
  7.27619527e-04  -5.49737857e+04
  7.34932225e-04  -5.44267874e+04
  7.42318417e-04  -5.38852318e+04
  7.49778841e-04  -5.33490648e+04
  7.57314244e-04  -5.28182328e+04
  7.64925378e-04  -5.22926826e+04
  7.72613006e-04  -5.17723617e+04
  7.80377896e-04  -5.12572181e+04
  7.88220824e-04  -5.07472002e+04
  7.96142575e-04  -5.02422572e+04
  8.04143941e-04  -4.97423383e+04
  8.12225722e-04  -4.92473938e+04
  8.20388726e-04  -4.87573741e+04
  8.28633770e-04  -4.82722301e+04
  8.36961678e-04  -4.77919134e+04
  8.45373283e-04  -4.73163759e+04
  8.53869425e-04  -4.68455701e+04
  8.62450956e-04  -4.63794489e+04
  8.71118732e-04  -4.59179656e+04
  8.79873621e-04  -4.54610742e+04
  8.88716498e-04  -4.50087290e+04
  8.97648247e-04  -4.45608847e+04
  9.06669762e-04  -4.41174965e+04
  9.15781944e-04  -4.36785200e+04
  9.24985706e-04  -4.32439115e+04
  9.34281967e-04  -4.28136274e+04
  9.43671657e-04  -4.23876247e+04
  9.53155715e-04  -4.19658608e+04
  9.62735089e-04  -4.15482935e+04
  9.72410737e-04  -4.11348810e+04
  9.82183628e-04  -4.07255821e+04
  9.92054737e-04  -4.03203558e+04
  1.00202505e-03  -3.99191616e+04
  1.01209557e-03  -3.95219593e+04
  1.02226730e-03  -3.91287092e+04
  1.03254126e-03  -3.87393721e+04
  1.04291847e-03  -3.83539089e+04
  1.05339998e-03  -3.79722811e+04
  1.06398682e-03  -3.75944506e+04
  1.07468007e-03  -3.72203796e+04
  1.08548078e-03  -3.68500306e+04
  1.09639004e-03  -3.64833667e+04
  1.10740895e-03  -3.61203511e+04
  1.11853859e-03  -3.57609476e+04
  1.12978009e-03  -3.54051202e+04
  1.14113457e-03  -3.50528334e+04
  1.15260316e-03  -3.47040519e+04
  1.16418702e-03  -3.43587408e+04
  1.17588729e-03  -3.40168656e+04
  1.18770516e-03  -3.36783921e+04
  1.19964179e-03  -3.33432865e+04
  1.21169839e-03  -3.30115153e+04
  1.22387616e-03  -3.26830452e+04
  1.23617632e-03  -3.23578435e+04
  1.24860010e-03  -3.20358776e+04
  1.26114874e-03  -3.17171153e+04
  1.27382350e-03  -3.14015247e+04
  1.28662564e-03  -3.10890743e+04
  1.29955644e-03  -3.07797328e+04
  1.31261720e-03  -3.04734694e+04
  1.32580922e-03  -3.01702533e+04
  1.33913382e-03  -2.98700543e+04
  1.35259234e-03  -2.95728423e+04
  1.36618612e-03  -2.92785876e+04
  1.37991652e-03  -2.89872607e+04
  1.39378491e-03  -2.86988327e+04
  1.40779268e-03  -2.84132745e+04
  1.42194124e-03  -2.81305577e+04
  1.43623198e-03  -2.78506540e+04
  1.45066635e-03  -2.75735354e+04
  1.46524579e-03  -2.72991741e+04
  1.47997176e-03  -2.70275428e+04
  1.49484572e-03  -2.67586142e+04
  1.50986917e-03  -2.64923616e+04
  1.52504361e-03  -2.62287582e+04
  1.54037055e-03  -2.59677777e+04
  1.55585153e-03  -2.57093940e+04
  1.57148810e-03  -2.54535812e+04
  1.58728182e-03  -2.52003138e+04
  1.60323427e-03  -2.49495665e+04
  1.61934704e-03  -2.47013142e+04
  1.63562175e-03  -2.44555320e+04
  1.65206002e-03  -2.42121954e+04
  1.66866350e-03  -2.39712800e+04
  1.68543384e-03  -2.37327618e+04
  1.70237274e-03  -2.34966169e+04
  1.71948187e-03  -2.32628216e+04
  1.73676295e-03  -2.30313527e+04
  1.75421771e-03  -2.28021869e+04
  1.77184789e-03  -2.25753014e+04
  1.78965525e-03  -2.23506734e+04
  1.80764159e-03  -2.21282804e+04
  1.82580869e-03  -2.19081004e+04
  1.84415837e-03  -2.16901111e+04
  1.86269247e-03  -2.14742909e+04
  1.88141284e-03  -2.12606182e+04
  1.90032135e-03  -2.10490715e+04
  1.91941990e-03  -2.08396297e+04
  1.93871039e-03  -2.06322719e+04
  1.95819475e-03  -2.04269774e+04
  1.97787494e-03  -2.02237256e+04
  1.99775291e-03  -2.00224961e+04
  2.01783066e-03  -1.98232690e+04
  2.03811020e-03  -1.96260242e+04
  2.05859355e-03  -1.94307420e+04
  2.07928276e-03  -1.92374028e+04
  2.10017990e-03  -1.90459875e+04
  2.12128705e-03  -1.88564767e+04
  2.14260634e-03  -1.86688517e+04
  2.16413990e-03  -1.84830935e+04
  2.18588986e-03  -1.82991836e+04
  2.20785842e-03  -1.81171037e+04
  2.23004777e-03  -1.79368355e+04
  2.25246012e-03  -1.77583610e+04
  2.27509772e-03  -1.75816624e+04
  2.29796283e-03  -1.74067219e+04
  2.32105774e-03  -1.72335221e+04
  2.34438476e-03  -1.70620457e+04
  2.36794622e-03  -1.68922755e+04
  2.39174447e-03  -1.67241946e+04
  2.41578191e-03  -1.65577861e+04
  2.44006092e-03  -1.63930333e+04
  2.46458394e-03  -1.62299199e+04
  2.48935342e-03  -1.60684295e+04
  2.51437184e-03  -1.59085460e+04
  2.53964169e-03  -1.57502533e+04
  2.56516552e-03  -1.55935357e+04
  2.59094586e-03  -1.54383774e+04
  2.61698530e-03  -1.52847630e+04
  2.64328644e-03  -1.51326770e+04
  2.66985191e-03  -1.49821044e+04
  2.69668437e-03  -1.48330300e+04
  2.72378649e-03  -1.46854389e+04
  2.75116100e-03  -1.45393163e+04
  2.77881063e-03  -1.43946477e+04
  2.80673814e-03  -1.42514185e+04
  2.83494633e-03  -1.41096146e+04
  2.86343801e-03  -1.39692215e+04
  2.89221604e-03  -1.38302255e+04
  2.92128330e-03  -1.36926124e+04
  2.95064268e-03  -1.35563687e+04
  2.98029714e-03  -1.34214805e+04
  3.01024962e-03  -1.32879346e+04
  3.04050313e-03  -1.31557174e+04
  3.07106070e-03  -1.30248158e+04
  3.10192537e-03  -1.28952168e+04
  3.13310024e-03  -1.27669072e+04
  3.16458842e-03  -1.26398744e+04
  3.19639306e-03  -1.25141055e+04
  3.22851734e-03  -1.23895881e+04
  3.26096448e-03  -1.22663096e+04
  3.29373772e-03  -1.21442578e+04
  3.32684034e-03  -1.20234204e+04
  3.36027564e-03  -1.19037854e+04
  3.39404697e-03  -1.17853407e+04
  3.42815771e-03  -1.16680746e+04
  3.46261127e-03  -1.15519754e+04
  3.49741109e-03  -1.14370313e+04
  3.53256065e-03  -1.13232309e+04
  3.56806348e-03  -1.12105629e+04
  3.60392311e-03  -1.10990159e+04
  3.64014314e-03  -1.09885789e+04
  3.67672719e-03  -1.08792407e+04
  3.71367891e-03  -1.07709904e+04
  3.75100200e-03  -1.06638173e+04
  3.78870020e-03  -1.05577105e+04
  3.82677727e-03  -1.04526596e+04
  3.86523702e-03  -1.03486539e+04
  3.90408330e-03  -1.02456830e+04
  3.94331999e-03  -1.01437368e+04
  3.98295101e-03  -1.00428049e+04
  4.02298034e-03  -9.94287733e+03
  4.06341196e-03  -9.84394405e+03
  4.10424993e-03  -9.74599517e+03
  4.14549833e-03  -9.64902090e+03
  4.18716128e-03  -9.55301153e+03
  4.22924295e-03  -9.45795748e+03
  4.27174755e-03  -9.36384923e+03
  4.31467932e-03  -9.27067738e+03
  4.35804257e-03  -9.17843259e+03
  4.40184163e-03  -9.08710566e+03
  4.44608087e-03  -8.99668745e+03
  4.49076473e-03  -8.90716892e+03
  4.53589766e-03  -8.81854110e+03
  4.58148419e-03  -8.73079515e+03
  4.62752888e-03  -8.64392229e+03
  4.67403631e-03  -8.55791383e+03
  4.72101116e-03  -8.47276116e+03
  4.76845811e-03  -8.38845578e+03
  4.81638191e-03  -8.30498925e+03
  4.86478735e-03  -8.22235323e+03
  4.91367928e-03  -8.14053944e+03
  4.96306258e-03  -8.05953972e+03
  5.01294219e-03  -7.97934596e+03
  5.06332309e-03  -7.89995014e+03
  5.11421034e-03  -7.82134433e+03
  5.16560900e-03  -7.74352065e+03
  5.21752424e-03  -7.66647133e+03
  5.26996123e-03  -7.59018867e+03
  5.32292522e-03  -7.51466503e+03
  5.37642151e-03  -7.43989286e+03
  5.43045544e-03  -7.36586469e+03
  5.48503243e-03  -7.29257311e+03
  5.54015792e-03  -7.22001080e+03
  5.59583743e-03  -7.14817049e+03
  5.65207653e-03  -7.07704501e+03
  5.70888085e-03  -7.00662723e+03
  5.76625605e-03  -6.93691013e+03
  5.82420789e-03  -6.86788672e+03
  5.88274215e-03  -6.79955010e+03
  5.94186469e-03  -6.73189345e+03
  6.00158143e-03  -6.66490999e+03
  6.06189832e-03  -6.59859303e+03
  6.12282141e-03  -6.53293593e+03
  6.18435679e-03  -6.46793213e+03
  6.24651061e-03  -6.40357513e+03
  6.30928909e-03  -6.33985849e+03
  6.37269849e-03  -6.27677585e+03
  6.43674518e-03  -6.21432089e+03
  6.50143554e-03  -6.15248736e+03
  6.56677606e-03  -6.09126909e+03
  6.63277325e-03  -6.03065995e+03
  6.69943373e-03  -5.97065388e+03
  6.76676416e-03  -5.91124488e+03
  6.83477127e-03  -5.85242701e+03
  6.90346187e-03  -5.79419439e+03
  6.97284281e-03  -5.73654119e+03
  7.04292105e-03  -5.67946165e+03
  7.11370358e-03  -5.62295006e+03
  7.18519749e-03  -5.56700078e+03
  7.25740992e-03  -5.51160819e+03
  7.33034811e-03  -5.45676678e+03
  7.40401933e-03  -5.40247104e+03
  7.47843096e-03  -5.34871555e+03
  7.55359044e-03  -5.29549494e+03
  7.62950529e-03  -5.24280389e+03
  7.70618309e-03  -5.19063712e+03
  7.78363152e-03  -5.13898942e+03
  7.86185832e-03  -5.08785562e+03
  7.94087131e-03  -5.03723061e+03
  8.02067839e-03  -4.98710933e+03
  8.10128755e-03  -4.93748676e+03
  8.18270684e-03  -4.88835795e+03
  8.26494441e-03  -4.83971797e+03
  8.34800848e-03  -4.79156197e+03
  8.43190736e-03  -4.74388513e+03
  8.51664944e-03  -4.69668269e+03
  8.60224319e-03  -4.64994992e+03
  8.68869717e-03  -4.60368214e+03
  8.77602003e-03  -4.55787474e+03
  8.86422050e-03  -4.51252313e+03
  8.95330740e-03  -4.46762277e+03
  9.04328963e-03  -4.42316918e+03
  9.13417620e-03  -4.37915791e+03
  9.22597620e-03  -4.33558456e+03
  9.31869880e-03  -4.29244478e+03
  9.41235328e-03  -4.24973424e+03
  9.50694901e-03  -4.20744868e+03
  9.60249543e-03  -4.16558386e+03
  9.69900211e-03  -4.12413561e+03
  9.79647871e-03  -4.08309977e+03
  9.89493495e-03  -4.04247225e+03
  9.99438070e-03  -4.00224898e+03
  1.00948259e-02  -3.96242594e+03
  1.01962806e-02  -3.92299914e+03
  1.02987549e-02  -3.88396465e+03
  1.04022591e-02  -3.84531856e+03
  1.05068036e-02  -3.80705700e+03
  1.06123987e-02  -3.76917615e+03
  1.07190551e-02  -3.73167222e+03
  1.08267834e-02  -3.69454146e+03
  1.09355943e-02  -3.65778016e+03
  1.10454989e-02  -3.62138464e+03
  1.11565080e-02  -3.58535126e+03
  1.12686328e-02  -3.54967642e+03
  1.13818844e-02  -3.51435654e+03
  1.14962743e-02  -3.47938811e+03
  1.16118137e-02  -3.44476762e+03
  1.17285144e-02  -3.41049161e+03
  1.18463879e-02  -3.37655665e+03
  1.19654461e-02  -3.34295935e+03
  1.20857008e-02  -3.30969635e+03
  1.22071642e-02  -3.27676432e+03
  1.23298482e-02  -3.24415997e+03
  1.24537652e-02  -3.21188004e+03
  1.25789277e-02  -3.17992130e+03
  1.27053480e-02  -3.14828056e+03
  1.28330388e-02  -3.11695464e+03
  1.29620130e-02  -3.08594042e+03
  1.30922834e-02  -3.05523480e+03
  1.32238631e-02  -3.02483471e+03
  1.33567651e-02  -2.99473710e+03
  1.34910028e-02  -2.96493897e+03
  1.36265897e-02  -2.93543733e+03
  1.37635392e-02  -2.90622924e+03
  1.39018650e-02  -2.87731178e+03
  1.40415811e-02  -2.84868205e+03
  1.41827013e-02  -2.82033719e+03
  1.43252398e-02  -2.79227437e+03
  1.44692109e-02  -2.76449077e+03
  1.46146289e-02  -2.73698363e+03
  1.47615083e-02  -2.70975019e+03
  1.49098640e-02  -2.68278772e+03
  1.50597106e-02  -2.65609354e+03
  1.52110632e-02  -2.62966497e+03
  1.53639369e-02  -2.60349936e+03
  1.55183471e-02  -2.57759411e+03
  1.56743090e-02  -2.55194662e+03
  1.58318385e-02  -2.52655433e+03
  1.59909511e-02  -2.50141469e+03
  1.61516628e-02  -2.47652520e+03
  1.63139897e-02  -2.45188336e+03
  1.64779481e-02  -2.42748672e+03
  1.66435542e-02  -2.40333282e+03
  1.68108247e-02  -2.37941926e+03
  1.69797763e-02  -2.35574364e+03
  1.71504259e-02  -2.33230360e+03
  1.73227905e-02  -2.30909679e+03
  1.74968875e-02  -2.28612089e+03
  1.76727341e-02  -2.26337361e+03
  1.78503480e-02  -2.24085267e+03
  1.80297470e-02  -2.21855581e+03
  1.82109490e-02  -2.19648081e+03
  1.83939721e-02  -2.17462546e+03
  1.85788346e-02  -2.15298758e+03
  1.87655549e-02  -2.13156499e+03
  1.89541519e-02  -2.11035557e+03
  1.91446443e-02  -2.08935718e+03
  1.93370512e-02  -2.06856773e+03
  1.95313918e-02  -2.04798513e+03
  1.97276855e-02  -2.02760734e+03
  1.99259521e-02  -2.00743231e+03
  2.01262112e-02  -1.98745803e+03
  2.03284830e-02  -1.96768249e+03
  2.05327876e-02  -1.94810372e+03
  2.07391456e-02  -1.92871977e+03
  2.09475775e-02  -1.90952868e+03
  2.11581041e-02  -1.89052855e+03
  2.13707466e-02  -1.87171748e+03
  2.15855262e-02  -1.85309358e+03
  2.18024643e-02  -1.83465499e+03
  2.20215827e-02  -1.81639987e+03
  2.22429033e-02  -1.79832639e+03
  2.24664482e-02  -1.78043274e+03
  2.26922398e-02  -1.76271714e+03
  2.29203006e-02  -1.74517781e+03
  2.31506534e-02  -1.72781300e+03
  2.33833214e-02  -1.71062098e+03
  2.36183276e-02  -1.69360001e+03
  2.38556958e-02  -1.67674841e+03
  2.40954495e-02  -1.66006449e+03
  2.43376128e-02  -1.64354657e+03
  2.45822099e-02  -1.62719301e+03
  2.48292652e-02  -1.61100217e+03
  2.50788035e-02  -1.59497243e+03
  2.53308496e-02  -1.57910219e+03
  2.55854289e-02  -1.56338986e+03
  2.58425667e-02  -1.54783387e+03
  2.61022888e-02  -1.53243266e+03
  2.63646212e-02  -1.51718470e+03
  2.66295901e-02  -1.50208846e+03
  2.68972219e-02  -1.48714243e+03
  2.71675435e-02  -1.47234512e+03
  2.74405818e-02  -1.45769504e+03
  2.77163642e-02  -1.44319073e+03
  2.79949183e-02  -1.42883074e+03
  2.82762719e-02  -1.41461364e+03
  2.85604532e-02  -1.40053800e+03
  2.88474905e-02  -1.38660241e+03
  2.91374126e-02  -1.37280549e+03
  2.94302485e-02  -1.35914585e+03
  2.97260274e-02  -1.34562212e+03
  3.00247789e-02  -1.33223296e+03
  3.03265330e-02  -1.31897702e+03
  3.06313197e-02  -1.30585298e+03
  3.09391696e-02  -1.29285952e+03
  3.12501134e-02  -1.27999535e+03
  3.15641823e-02  -1.26725919e+03
  3.18814076e-02  -1.25464975e+03
  3.22018211e-02  -1.24216577e+03
  3.25254547e-02  -1.22980602e+03
  3.28523410e-02  -1.21756924e+03
  3.31825125e-02  -1.20545423e+03
  3.35160023e-02  -1.19345976e+03
  3.38528437e-02  -1.18158464e+03
  3.41930705e-02  -1.16982767e+03
  3.45367165e-02  -1.15818769e+03
  3.48838163e-02  -1.14666353e+03
  3.52344045e-02  -1.13525404e+03
  3.55885161e-02  -1.12395807e+03
  3.59461867e-02  -1.11277450e+03
  3.63074519e-02  -1.10170221e+03
  3.66723478e-02  -1.09074009e+03
  3.70409110e-02  -1.07988705e+03
  3.74131784e-02  -1.06914199e+03
  3.77891871e-02  -1.05850385e+03
  3.81689747e-02  -1.04797156e+03
  3.85525793e-02  -1.03754407e+03
  3.89400392e-02  -1.02722033e+03
  3.93313931e-02  -1.01699932e+03
  3.97266801e-02  -1.00688001e+03
  4.01259399e-02  -9.96861384e+02
  4.05292123e-02  -9.86942448e+02
  4.09365377e-02  -9.77122207e+02
  4.13479567e-02  -9.67399678e+02
  4.17635106e-02  -9.57773890e+02
  4.21832408e-02  -9.48243881e+02
  4.26071894e-02  -9.38808697e+02
  4.30353988e-02  -9.29467394e+02
  4.34679118e-02  -9.20219039e+02
  4.39047715e-02  -9.11062707e+02
  4.43460218e-02  -9.01997481e+02
  4.47917068e-02  -8.93022456e+02
  4.52418709e-02  -8.84136734e+02
  4.56965593e-02  -8.75339427e+02
  4.61558173e-02  -8.66629654e+02
  4.66196910e-02  -8.58006545e+02
  4.70882267e-02  -8.49469237e+02
  4.75614712e-02  -8.41016877e+02
  4.80394720e-02  -8.32648619e+02
  4.85222767e-02  -8.24363627e+02
  4.90099337e-02  -8.16161072e+02
  4.95024917e-02  -8.08040134e+02
  5.00000000e-02  -8.00000000e+02
  5.05025084e-02  -7.92039867e+02
  5.10100670e-02  -7.84158939e+02
  5.15227267e-02  -7.76356427e+02
  5.20405387e-02  -7.68631551e+02
  5.25635548e-02  -7.60983540e+02
  5.30918273e-02  -7.53411627e+02
  5.36254091e-02  -7.45915056e+02
  5.41643534e-02  -7.38493077e+02
  5.47087142e-02  -7.31144948e+02
  5.52585459e-02  -7.23869934e+02
  5.58139035e-02  -7.16667308e+02
  5.63748426e-02  -7.09536349e+02
  5.69414192e-02  -7.02476345e+02
  5.75136899e-02  -6.95486588e+02
  5.80917121e-02  -6.88566381e+02
  5.86755435e-02  -6.81715031e+02
  5.92652426e-02  -6.74931853e+02
  5.98608682e-02  -6.68216169e+02
  6.04624799e-02  -6.61567307e+02
  6.10701379e-02  -6.54984602e+02
  6.16839030e-02  -6.48467397e+02
  6.23038365e-02  -6.42015038e+02
  6.29300005e-02  -6.35626882e+02
  6.35624575e-02  -6.29302289e+02
  6.42012708e-02  -6.23040626e+02
  6.48465043e-02  -6.16841269e+02
  6.54982225e-02  -6.10703595e+02
  6.61564906e-02  -6.04626993e+02
  6.68213744e-02  -5.98610854e+02
  6.74929404e-02  -5.92654577e+02
  6.81712557e-02  -5.86757565e+02
  6.88563882e-02  -5.80919230e+02
  6.95484064e-02  -5.75138987e+02
  7.02473795e-02  -5.69416258e+02
  7.09533774e-02  -5.63750472e+02
  7.16664707e-02  -5.58141061e+02
  7.23867307e-02  -5.52587465e+02
  7.31142295e-02  -5.47089127e+02
  7.38490397e-02  -5.41645500e+02
  7.45912349e-02  -5.36256037e+02
  7.53408893e-02  -5.30920200e+02
  7.60980778e-02  -5.25637456e+02
  7.68628762e-02  -5.20407276e+02
  7.76353609e-02  -5.15229137e+02
  7.84156093e-02  -5.10102521e+02
  7.92036992e-02  -5.05026916e+02
  7.99997097e-02  -5.00001815e+02
  8.08037201e-02  -4.95026713e+02
  8.16158110e-02  -4.90101115e+02
  8.24360635e-02  -4.85224528e+02
  8.32645597e-02  -4.80396463e+02
  8.41013825e-02  -4.75616438e+02
  8.49466154e-02  -4.70883976e+02
  8.58003431e-02  -4.66198602e+02
  8.66626509e-02  -4.61559848e+02
  8.75336250e-02  -4.56967251e+02
  8.84133526e-02  -4.52420351e+02
  8.93019215e-02  -4.47918693e+02
  9.01994208e-02  -4.43461828e+02
  9.11059400e-02  -4.39049309e+02
  9.20215699e-02  -4.34680695e+02
  9.29464021e-02  -4.30355550e+02
  9.38805290e-02  -4.26073441e+02
  9.48240440e-02  -4.21833939e+02
  9.57770415e-02  -4.17636621e+02
  9.67396167e-02  -4.13481068e+02
  9.77118660e-02  -4.09366862e+02
  9.86938866e-02  -4.05293594e+02
  9.96857767e-02  -4.01260855e+02
  1.00687635e-01  -3.97268243e+02
  1.01699563e-01  -3.93315358e+02
  1.02721661e-01  -3.89401805e+02
  1.03754030e-01  -3.85527192e+02
  1.04796776e-01  -3.81691132e+02
  1.05850001e-01  -3.77893242e+02
  1.06913811e-01  -3.74133142e+02
  1.07988313e-01  -3.70410455e+02
  1.09073613e-01  -3.66724809e+02
  1.10169821e-01  -3.63075836e+02
  1.11277046e-01  -3.59463171e+02
  1.12395399e-01  -3.55886453e+02
  1.13524992e-01  -3.52345324e+02
  1.14665937e-01  -3.48839429e+02
  1.15818349e-01  -3.45368419e+02
  1.16982343e-01  -3.41931946e+02
  1.18158035e-01  -3.38529666e+02
  1.19345543e-01  -3.35161239e+02
  1.20544985e-01  -3.31826329e+02
  1.21756483e-01  -3.28524602e+02
  1.22980156e-01  -3.25255728e+02
  1.24216127e-01  -3.22019379e+02
  1.25464519e-01  -3.18815233e+02
  1.26725459e-01  -3.15642968e+02
  1.27999071e-01  -3.12502268e+02
  1.29285483e-01  -3.09392819e+02
  1.30584824e-01  -3.06314309e+02
  1.31897223e-01  -3.03266430e+02
  1.33222812e-01  -3.00248879e+02
  1.34561724e-01  -2.97261353e+02
  1.35914091e-01  -2.94303553e+02
  1.37280051e-01  -2.91375184e+02
  1.38659738e-01  -2.88475952e+02
  1.40053292e-01  -2.85605568e+02
  1.41460851e-01  -2.82763746e+02
  1.42882556e-01  -2.79950199e+02
  1.44318549e-01  -2.77164648e+02
  1.45768975e-01  -2.74406814e+02
  1.47233978e-01  -2.71676421e+02
  1.48713704e-01  -2.68973195e+02
  1.50208301e-01  -2.66296867e+02
  1.51717920e-01  -2.63647169e+02
  1.53242710e-01  -2.61023836e+02
  1.54782825e-01  -2.58426605e+02
  1.56338418e-01  -2.55855217e+02
  1.57909645e-01  -2.53309416e+02
  1.59496664e-01  -2.50788945e+02
  1.61099632e-01  -2.48293553e+02
  1.62718710e-01  -2.45822991e+02
  1.64354060e-01  -2.43377011e+02
  1.66005846e-01  -2.40955370e+02
  1.67674233e-01  -2.38557824e+02
  1.69359387e-01  -2.36184134e+02
  1.71061477e-01  -2.33834062e+02
  1.72780673e-01  -2.31507374e+02
  1.74517148e-01  -2.29203837e+02
  1.76271074e-01  -2.26923221e+02
  1.78042628e-01  -2.24665297e+02
  1.79831986e-01  -2.22429840e+02
  1.81639328e-01  -2.20216626e+02
  1.83464833e-01  -2.18025434e+02
  1.85308686e-01  -2.15856045e+02
  1.87171069e-01  -2.13708242e+02
  1.89052169e-01  -2.11581809e+02
  1.90952175e-01  -2.09476535e+02
  1.92871277e-01  -2.07392209e+02
  1.94809665e-01  -2.05328622e+02
  1.96767535e-01  -2.03285568e+02
  1.98745081e-01  -2.01262842e+02
  2.00742503e-01  -1.99260244e+02
  2.02759998e-01  -1.97277571e+02
  2.04797770e-01  -1.95314627e+02
  2.06856022e-01  -1.93371214e+02
  2.08934960e-01  -1.91447138e+02
  2.11034791e-01  -1.89542207e+02
  2.13155726e-01  -1.87656230e+02
  2.15297976e-01  -1.85789020e+02
  2.17461757e-01  -1.83940388e+02
  2.19647284e-01  -1.82110151e+02
  2.21854776e-01  -1.80298124e+02
  2.24084454e-01  -1.78504128e+02
  2.26336540e-01  -1.76727982e+02
  2.28611260e-01  -1.74969510e+02
  2.30908841e-01  -1.73228534e+02
  2.33229514e-01  -1.71504881e+02
  2.35573509e-01  -1.69798379e+02
  2.37941062e-01  -1.68108857e+02
  2.40332410e-01  -1.66436146e+02
  2.42747791e-01  -1.64780079e+02
  2.45187446e-01  -1.63140489e+02
  2.47651621e-01  -1.61517214e+02
  2.50140561e-01  -1.59910091e+02
  2.52654516e-01  -1.58318959e+02
  2.55193736e-01  -1.56743659e+02
  2.57758476e-01  -1.55184034e+02
  2.60348991e-01  -1.53639927e+02
  2.62965542e-01  -1.52111184e+02
  2.65608390e-01  -1.50597653e+02
  2.68277799e-01  -1.49099181e+02
  2.70974035e-01  -1.47615619e+02
  2.73697370e-01  -1.46146819e+02
  2.76448074e-01  -1.44692634e+02
  2.79226423e-01  -1.43252918e+02
  2.82032695e-01  -1.41827528e+02
  2.84867171e-01  -1.40416320e+02
  2.87730134e-01  -1.39019155e+02
  2.90621870e-01  -1.37635891e+02
  2.93542668e-01  -1.36266391e+02
  2.96492821e-01  -1.34910518e+02
  2.99472623e-01  -1.33568136e+02
  3.02482373e-01  -1.32239111e+02
  3.05522372e-01  -1.30923309e+02
  3.08592922e-01  -1.29620601e+02
  3.11694333e-01  -1.28330854e+02
  3.14826913e-01  -1.27053941e+02
  3.17990976e-01  -1.25789733e+02
  3.21186839e-01  -1.24538104e+02
  3.24414820e-01  -1.23298929e+02
  3.27675243e-01  -1.22072085e+02
  3.30968434e-01  -1.20857447e+02
  3.34294722e-01  -1.19654895e+02
  3.37654440e-01  -1.18464309e+02
  3.41047923e-01  -1.17285570e+02
  3.44475512e-01  -1.16118559e+02
  3.47937549e-01  -1.14963160e+02
  3.51434379e-01  -1.13819257e+02
  3.54966353e-01  -1.12686737e+02
  3.58533824e-01  -1.11565485e+02
  3.62137149e-01  -1.10455390e+02
  3.65776688e-01  -1.09356340e+02
  3.69452805e-01  -1.08268227e+02
  3.73165867e-01  -1.07190940e+02
  3.76916247e-01  -1.06124372e+02
  3.80704318e-01  -1.05068417e+02
  3.84530460e-01  -1.04022969e+02
  3.88395055e-01  -1.02987923e+02
  3.92298491e-01  -1.01963176e+02
  3.96241156e-01  -1.00948625e+02
  4.00223446e-01  -9.99441698e+01
  4.04245758e-01  -9.89497087e+01
  4.08308496e-01  -9.79651426e+01
  4.12412064e-01  -9.69903731e+01
  4.16556874e-01  -9.60253028e+01
  4.20743341e-01  -9.50698351e+01
  4.24971881e-01  -9.41238744e+01
  4.29242920e-01  -9.31873262e+01
  4.33556883e-01  -9.22600968e+01
  4.37914202e-01  -9.13420935e+01
  4.42315313e-01  -9.04332245e+01
  4.46760656e-01  -8.95333989e+01
  4.51250675e-01  -8.86425267e+01
  4.55785820e-01  -8.77605188e+01
  4.60366543e-01  -8.68872871e+01
  4.64993304e-01  -8.60227441e+01
  4.69666564e-01  -8.51668035e+01
  4.74386792e-01  -8.43193796e+01
  4.79154458e-01  -8.34803878e+01
  4.83970041e-01  -8.26497441e+01
  4.88834020e-01  -8.18273654e+01
  4.93746884e-01  -8.10131695e+01
  4.98709123e-01  -8.02070750e+01
  5.03721233e-01  -7.94090012e+01
  5.08783715e-01  -7.86188685e+01
  5.13897077e-01  -7.78365977e+01
  5.19061828e-01  -7.70621106e+01
  5.24278486e-01  -7.62953298e+01
  5.29547573e-01  -7.55361786e+01
  5.34869614e-01  -7.47845810e+01
  5.40245143e-01  -7.40404620e+01
  5.45674697e-01  -7.33037471e+01
  5.51158819e-01  -7.25743626e+01
  5.56698057e-01  -7.18522357e+01
  5.62292966e-01  -7.11372940e+01
  5.67944104e-01  -7.04294661e+01
  5.73652037e-01  -6.97286812e+01
  5.79417336e-01  -6.90348692e+01
  5.85240577e-01  -6.83479608e+01
  5.91122343e-01  -6.76678872e+01
  5.97063221e-01  -6.69945805e+01
  6.03063806e-01  -6.63279733e+01
  6.09124698e-01  -6.56679989e+01
  6.15246503e-01  -6.50145914e+01
  6.21429833e-01  -6.43676854e+01
  6.27675307e-01  -6.37272162e+01
  6.33983549e-01  -6.30931198e+01
  6.40355189e-01  -6.24653328e+01
  6.46790866e-01  -6.18437924e+01
  6.53291222e-01  -6.12284363e+01
  6.59856908e-01  -6.06192032e+01
  6.66488580e-01  -6.00160321e+01
  6.73186902e-01  -5.94188626e+01
  6.79952543e-01  -5.88276350e+01
  6.86786179e-01  -5.82422903e+01
  6.93688495e-01  -5.76627698e+01
  7.00660180e-01  -5.70890156e+01
  7.07701932e-01  -5.65209704e+01
  7.14814455e-01  -5.59585774e+01
  7.21998460e-01  -5.54017802e+01
  7.29254665e-01  -5.48505233e+01
  7.36583796e-01  -5.43047515e+01
  7.43986586e-01  -5.37644102e+01
  7.51463776e-01  -5.32294454e+01
  7.59016112e-01  -5.26998035e+01
  7.66644351e-01  -5.21754317e+01
  7.74349255e-01  -5.16562775e+01
  7.82131594e-01  -5.11422890e+01
  7.89992147e-01  -5.06334147e+01
  7.97931700e-01  -5.01296038e+01
  8.05951047e-01  -4.96308059e+01
  8.14050990e-01  -4.91369711e+01
  8.22232339e-01  -4.86480501e+01
  8.30495911e-01  -4.81639939e+01
  8.38842534e-01  -4.76847542e+01
  8.47273041e-01  -4.72102829e+01
  8.55788277e-01  -4.67405328e+01
  8.64389092e-01  -4.62754567e+01
  8.73076347e-01  -4.58150082e+01
  8.81850910e-01  -4.53591413e+01
  8.90713659e-01  -4.49078103e+01
  8.99665480e-01  -4.44609701e+01
  9.08707268e-01  -4.40185760e+01
  9.17839928e-01  -4.35805839e+01
  9.27064373e-01  -4.31469498e+01
  9.36381525e-01  -4.27176305e+01
  9.45792316e-01  -4.22925830e+01
  9.55297686e-01  -4.18717648e+01
  9.64898588e-01  -4.14551337e+01
  9.74595980e-01  -4.10426483e+01
  9.84390832e-01  -4.06342671e+01
  9.94284125e-01  -4.02299494e+01
  1.00427685e+00  -3.98296547e+01
  1.01437000e+00  -3.94333430e+01
  1.02456458e+00  -3.90409747e+01
  1.03486163e+00  -3.86525105e+01
  1.04526216e+00  -3.82679116e+01
  1.05576722e+00  -3.78871395e+01
  1.06637786e+00  -3.75101562e+01
  1.07709513e+00  -3.71369239e+01
  1.08792012e+00  -3.67674053e+01
  1.09885390e+00  -3.64015635e+01
  1.10989756e+00  -3.60393619e+01
  1.12105222e+00  -3.56807643e+01
  1.13231898e+00  -3.53257347e+01
  1.14369898e+00  -3.49742378e+01
  1.15519334e+00  -3.46262383e+01
  1.16680323e+00  -3.42817015e+01
  1.17852980e+00  -3.39405929e+01
  1.19037422e+00  -3.36028783e+01
  1.20233768e+00  -3.32685241e+01
  1.21442137e+00  -3.29374968e+01
  1.22662651e+00  -3.26097632e+01
  1.23895431e+00  -3.22852906e+01
  1.25140601e+00  -3.19640466e+01
  1.26398285e+00  -3.16459990e+01
  1.27668609e+00  -3.13311161e+01
  1.28951700e+00  -3.10193663e+01
  1.30247686e+00  -3.07107184e+01
  1.31556697e+00  -3.04051417e+01
  1.32878863e+00  -3.01026054e+01
  1.34214318e+00  -2.98030795e+01
  1.35563195e+00  -2.95065339e+01
  1.36925627e+00  -2.92129390e+01
  1.38301753e+00  -2.89222654e+01
  1.39691709e+00  -2.86344841e+01
  1.41095634e+00  -2.83495662e+01
  1.42513668e+00  -2.80674833e+01
  1.43945954e+00  -2.77882072e+01
  1.45392635e+00  -2.75117099e+01
  1.46853856e+00  -2.72379638e+01
  1.48329761e+00  -2.69669415e+01
  1.49820500e+00  -2.66986160e+01
  1.51326221e+00  -2.64329603e+01
  1.52847075e+00  -2.61699480e+01
  1.54383214e+00  -2.59095526e+01
  1.55934791e+00  -2.56517483e+01
  1.57501962e+00  -2.53965091e+01
  1.59084883e+00  -2.51438096e+01
  1.60683712e+00  -2.48936245e+01
  1.62298610e+00  -2.46459288e+01
  1.63929739e+00  -2.44006977e+01
  1.65577260e+00  -2.41579067e+01
  1.67241339e+00  -2.39175315e+01
  1.68922142e+00  -2.36795481e+01
  1.70619838e+00  -2.34439327e+01
  1.72334596e+00  -2.32106617e+01
  1.74066587e+00  -2.29797117e+01
  1.75815986e+00  -2.27510598e+01
  1.77582966e+00  -2.25246829e+01
  1.79367704e+00  -2.23005586e+01
  1.81170380e+00  -2.20786643e+01
  1.82991172e+00  -2.18589780e+01
  1.84830264e+00  -2.16414775e+01
  1.86687839e+00  -2.14261412e+01
  1.88564083e+00  -2.12129475e+01
  1.90459184e+00  -2.10018752e+01
  1.92373330e+00  -2.07929030e+01
  1.94306714e+00  -2.05860102e+01
  1.96259529e+00  -2.03811760e+01
  1.98231970e+00  -2.01783799e+01
  2.00224235e+00  -1.99776016e+01
  2.02236522e+00  -1.97788212e+01
  2.04269033e+00  -1.95820186e+01
  2.06321971e+00  -1.93871743e+01
  2.08395541e+00  -1.91942687e+01
  2.10489951e+00  -1.90032825e+01
  2.12605410e+00  -1.88141967e+01
  2.14742130e+00  -1.86269923e+01
  2.16900324e+00  -1.84416506e+01
  2.19080209e+00  -1.82581531e+01
  2.21282001e+00  -1.80764815e+01
  2.23505922e+00  -1.78966175e+01
  2.25752194e+00  -1.77185432e+01
  2.28021042e+00  -1.75422407e+01
  2.30312691e+00  -1.73676925e+01
  2.32627372e+00  -1.71948811e+01
  2.34965316e+00  -1.70237892e+01
  2.37326757e+00  -1.68543996e+01
  2.39711930e+00  -1.66866955e+01
  2.42121075e+00  -1.65206601e+01
  2.44554433e+00  -1.63562768e+01
  2.47012246e+00  -1.61935292e+01
  2.49494760e+00  -1.60324008e+01
  2.52002224e+00  -1.58728758e+01
  2.54534888e+00  -1.57149380e+01
  2.57093007e+00  -1.55585718e+01
  2.59676834e+00  -1.54037614e+01
  2.62286630e+00  -1.52504914e+01
  2.64922654e+00  -1.50987465e+01
  2.67585171e+00  -1.49485115e+01
  2.70274447e+00  -1.47997713e+01
  2.72990750e+00  -1.46525111e+01
  2.75734353e+00  -1.45067162e+01
  2.78505529e+00  -1.43623720e+01
  2.81304556e+00  -1.42194640e+01
  2.84131714e+00  -1.40779779e+01
  2.86987285e+00  -1.39378997e+01
  2.89871555e+00  -1.37992153e+01
  2.92784813e+00  -1.36619108e+01
  2.95727349e+00  -1.35259725e+01
  2.98699459e+00  -1.33913868e+01
  3.01701438e+00  -1.32581403e+01
  3.04733588e+00  -1.31262196e+01
  3.07796211e+00  -1.29956116e+01
  3.10889615e+00  -1.28663031e+01
  3.14014107e+00  -1.27382812e+01
  3.17170001e+00  -1.26115332e+01
  3.20357613e+00  -1.24860463e+01
  3.23577261e+00  -1.23618081e+01
  3.26829266e+00  -1.22388061e+01
  3.30113955e+00  -1.21170279e+01
  3.33431655e+00  -1.19964615e+01
  3.36782699e+00  -1.18770947e+01
  3.40167421e+00  -1.17589156e+01
  3.43586161e+00  -1.16419124e+01
  3.47039259e+00  -1.15260735e+01
  3.50527062e+00  -1.14113871e+01
  3.54049917e+00  -1.12978419e+01
  3.57608178e+00  -1.11854265e+01
  3.61202200e+00  -1.10741297e+01
  3.64832342e+00  -1.09639402e+01
  3.68498968e+00  -1.08548472e+01
  3.72202445e+00  -1.07468397e+01
  3.75943141e+00  -1.06399068e+01
  3.79721433e+00  -1.05340380e+01
  3.83537697e+00  -1.04292226e+01
  3.87392315e+00  -1.03254501e+01
  3.91285672e+00  -1.02227101e+01
  3.95218158e+00  -1.01209925e+01
  3.99190167e+00  -1.00202869e+01
  4.03202095e+00  -9.92058338e+00
  4.07254343e+00  -9.82187192e+00
  4.11347318e+00  -9.72414266e+00
  4.15481427e+00  -9.62738583e+00
  4.19657085e+00  -9.53159174e+00
  4.23874708e+00  -9.43675082e+00
  4.28134720e+00  -9.34285358e+00
  4.32437545e+00  -9.24989063e+00
  4.36783615e+00  -9.15785268e+00
  4.41173363e+00  -9.06673052e+00
  4.45607229e+00  -8.97651505e+00
  4.50085657e+00  -8.88719723e+00
  4.54609093e+00  -8.79876814e+00
  4.59177990e+00  -8.71121893e+00
  4.63792805e+00  -8.62454086e+00
  4.68454001e+00  -8.53872524e+00
  4.73162042e+00  -8.45376351e+00
  4.77917399e+00  -8.36964715e+00
  4.82720549e+00  -8.28636777e+00
  4.87571971e+00  -8.20391704e+00
  4.92472151e+00  -8.12228670e+00
  4.97421578e+00  -8.04146860e+00
  5.02420748e+00  -7.96145465e+00
  5.07470161e+00  -7.88223685e+00
  5.12570321e+00  -7.80380728e+00
  5.17721738e+00  -7.72615810e+00
  5.22924928e+00  -7.64928154e+00
  5.28180411e+00  -7.57316992e+00
  5.33488712e+00  -7.49781562e+00
  5.38850363e+00  -7.42321111e+00
  5.44265899e+00  -7.34934892e+00
  5.49735862e+00  -7.27622168e+00
  5.55260800e+00  -7.20382207e+00
  5.60841263e+00  -7.13214284e+00
  5.66477812e+00  -7.06117683e+00
  5.72171008e+00  -6.99091695e+00
  5.77921423e+00  -6.92135616e+00
  5.83729629e+00  -6.85248752e+00
  5.89596210e+00  -6.78430413e+00
  5.95521750e+00  -6.71679917e+00
  6.01506843e+00  -6.64996591e+00
  6.07552088e+00  -6.58379764e+00
  6.13658088e+00  -6.51828776e+00
  6.19825454e+00  -6.45342971e+00
  6.26054803e+00  -6.38921701e+00
  6.32346759e+00  -6.32564324e+00
  6.38701949e+00  -6.26270204e+00
  6.45121011e+00  -6.20038711e+00
  6.51604584e+00  -6.13869223e+00
  6.58153319e+00  -6.07761122e+00
  6.64767870e+00  -6.01713798e+00
  6.71448898e+00  -5.95726646e+00
  6.78197072e+00  -5.89799067e+00
  6.85013066e+00  -5.83930468e+00
  6.91897562e+00  -5.78120263e+00
  6.98851248e+00  -5.72367870e+00
  7.05874820e+00  -5.66672714e+00
  7.12968979e+00  -5.61034227e+00
  7.20134437e+00  -5.55451843e+00
  7.27371908e+00  -5.49925005e+00
  7.34682117e+00  -5.44453159e+00
  7.42065796e+00  -5.39035760e+00
  7.49523681e+00  -5.33672265e+00
  7.57056519e+00  -5.28362137e+00
  7.64665063e+00  -5.23104846e+00
  7.72350075e+00  -5.17899865e+00
  7.80112322e+00  -5.12746676e+00
  7.87952582e+00  -5.07644761e+00
  7.95871637e+00  -5.02593611e+00
  8.03870280e+00  -4.97592721e+00
  8.11949310e+00  -4.92641591e+00
  8.20109536e+00  -4.87739725e+00
  8.28351774e+00  -4.82886634e+00
  8.36676848e+00  -4.78081832e+00
  8.45085590e+00  -4.73324838e+00
  8.53578842e+00  -4.68615177e+00
  8.62157452e+00  -4.63952378e+00
  8.70822278e+00  -4.59335975e+00
  8.79574187e+00  -4.54765506e+00
  8.88414055e+00  -4.50240513e+00
  8.97342765e+00  -4.45760545e+00
  9.06361209e+00  -4.41325154e+00
  9.15470291e+00  -4.36933895e+00
  9.24670920e+00  -4.32586330e+00
  9.33964018e+00  -4.28282024e+00
  9.43350512e+00  -4.24020547e+00
  9.52831342e+00  -4.19801472e+00
  9.62407456e+00  -4.15624377e+00
  9.72079812e+00  -4.11488846e+00
  9.81849377e+00  -4.07394463e+00
  9.91717127e+00  -4.03340821e+00
  1.00168405e+01  -3.99327513e+00
  1.01175114e+01  -3.95354137e+00
  1.02191941e+01  -3.91420298e+00
  1.03218987e+01  -3.87525601e+00
  1.04256355e+01  -3.83669657e+00
  1.05304149e+01  -3.79852080e+00
  1.06362473e+01  -3.76072489e+00
  1.07431434e+01  -3.72330505e+00
  1.08511138e+01  -3.68625754e+00
  1.09601693e+01  -3.64957867e+00
  1.10703208e+01  -3.61326475e+00
  1.11815794e+01  -3.57731217e+00
  1.12939561e+01  -3.54171732e+00
  1.14074623e+01  -3.50647664e+00
  1.15221092e+01  -3.47158662e+00
  1.16379083e+01  -3.43704375e+00
  1.17548712e+01  -3.40284460e+00
  1.18730096e+01  -3.36898573e+00
  1.19923354e+01  -3.33546376e+00
  1.21128603e+01  -3.30227534e+00
  1.22345966e+01  -3.26941715e+00
  1.23575564e+01  -3.23688591e+00
  1.24817519e+01  -3.20467835e+00
  1.26071956e+01  -3.17279127e+00
  1.27339000e+01  -3.14122147e+00
  1.28618778e+01  -3.10996579e+00
  1.29911418e+01  -3.07902112e+00
  1.31217050e+01  -3.04838435e+00
  1.32535803e+01  -3.01805242e+00
  1.33867810e+01  -2.98802229e+00
  1.35213204e+01  -2.95829097e+00
  1.36572119e+01  -2.92885549e+00
  1.37944692e+01  -2.89971289e+00
  1.39331059e+01  -2.87086026e+00
  1.40731359e+01  -2.84229472e+00
  1.42145733e+01  -2.81401342e+00
  1.43574321e+01  -2.78601352e+00
  1.45017267e+01  -2.75829222e+00
  1.46474715e+01  -2.73084675e+00
  1.47946810e+01  -2.70367438e+00
  1.49433700e+01  -2.67677237e+00
  1.50935534e+01  -2.65013804e+00
  1.52452461e+01  -2.62376872e+00
  1.53984634e+01  -2.59766179e+00
  1.55532205e+01  -2.57181462e+00
  1.57095330e+01  -2.54622464e+00
  1.58674164e+01  -2.52088928e+00
  1.60268866e+01  -2.49580601e+00
  1.61879595e+01  -2.47097233e+00
  1.63506512e+01  -2.44638574e+00
  1.65149780e+01  -2.42204380e+00
  1.66809563e+01  -2.39794406e+00
  1.68486027e+01  -2.37408412e+00
  1.70179340e+01  -2.35046158e+00
  1.71889670e+01  -2.32707410e+00
  1.73617190e+01  -2.30391933e+00
  1.75362072e+01  -2.28099495e+00
  1.77124490e+01  -2.25829867e+00
  1.78904621e+01  -2.23582822e+00
  1.80702642e+01  -2.21358136e+00
  1.82518734e+01  -2.19155586e+00
  1.84353078e+01  -2.16974951e+00
  1.86205857e+01  -2.14816014e+00
  1.88077257e+01  -2.12678559e+00
  1.89967465e+01  -2.10562372e+00
  1.91876670e+01  -2.08467241e+00
  1.93805062e+01  -2.06392958e+00
  1.95752835e+01  -2.04339314e+00
  1.97720184e+01  -2.02306103e+00
  1.99707305e+01  -2.00293124e+00
  2.01714397e+01  -1.98300174e+00
  2.03741660e+01  -1.96327054e+00
  2.05789298e+01  -1.94373568e+00
  2.07857515e+01  -1.92439518e+00
  2.09946517e+01  -1.90524713e+00
  2.12056515e+01  -1.88628961e+00
  2.14187718e+01  -1.86752071e+00
  2.16340341e+01  -1.84893857e+00
  2.18514597e+01  -1.83054132e+00
  2.20710706e+01  -1.81232713e+00
  2.22928885e+01  -1.79429418e+00
  2.25169358e+01  -1.77644065e+00
  2.27432347e+01  -1.75876477e+00
  2.29718080e+01  -1.74126477e+00
  2.32026785e+01  -1.72393889e+00
  2.34358693e+01  -1.70678542e+00
  2.36714037e+01  -1.68980262e+00
  2.39093053e+01  -1.67298880e+00
  2.41495978e+01  -1.65634228e+00
  2.43923053e+01  -1.63986140e+00
  2.46374521e+01  -1.62354451e+00
  2.48850626e+01  -1.60738997e+00
  2.51351616e+01  -1.59139617e+00
  2.53877742e+01  -1.57556152e+00
  2.56429255e+01  -1.55988442e+00
  2.59006412e+01  -1.54436331e+00
  2.61609470e+01  -1.52899664e+00
  2.64238689e+01  -1.51378287e+00
  2.66894332e+01  -1.49872048e+00
  2.69576665e+01  -1.48380796e+00
  2.72285955e+01  -1.46904382e+00
  2.75022474e+01  -1.45442659e+00
  2.77786496e+01  -1.43995480e+00
  2.80578297e+01  -1.42562702e+00
  2.83398156e+01  -1.41144179e+00
  2.86246355e+01  -1.39739771e+00
  2.89123178e+01  -1.38349337e+00
  2.92028914e+01  -1.36972738e+00
  2.94963854e+01  -1.35609837e+00
  2.97928290e+01  -1.34260496e+00
  3.00922519e+01  -1.32924582e+00
  3.03946841e+01  -1.31601960e+00
  3.07001557e+01  -1.30292499e+00
  3.10086974e+01  -1.28996067e+00
  3.13203400e+01  -1.27712534e+00
  3.16351146e+01  -1.26441773e+00
  3.19530528e+01  -1.25183657e+00
  3.22741863e+01  -1.23938059e+00
  3.25985473e+01  -1.22704854e+00
  3.29261682e+01  -1.21483921e+00
  3.32570817e+01  -1.20275135e+00
  3.35913209e+01  -1.19078378e+00
  3.39289193e+01  -1.17893528e+00
  3.42699106e+01  -1.16720468e+00
  3.46143289e+01  -1.15559080e+00
  3.49622087e+01  -1.14409248e+00
  3.53135847e+01  -1.13270857e+00
  3.56684922e+01  -1.12143793e+00
  3.60269665e+01  -1.11027944e+00
  3.63890435e+01  -1.09923197e+00
  3.67547595e+01  -1.08829443e+00
  3.71241509e+01  -1.07746572e+00
  3.74972549e+01  -1.06674476e+00
  3.78741085e+01  -1.05613047e+00
  3.82547497e+01  -1.04562180e+00
  3.86392163e+01  -1.03521768e+00
  3.90275469e+01  -1.02491710e+00
  3.94197802e+01  -1.01471900e+00
  3.98159556e+01  -1.00462238e+00
  4.02161126e+01  -9.94626218e-01
  4.06202913e+01  -9.84729522e-01
  4.10285320e+01  -9.74931300e-01
  4.14408756e+01  -9.65230571e-01
  4.18573633e+01  -9.55626367e-01
  4.22780368e+01  -9.46117725e-01
  4.27029381e+01  -9.36703697e-01
  4.31321098e+01  -9.27383339e-01
  4.35655947e+01  -9.18155721e-01
  4.40034362e+01  -9.09019919e-01
  4.44456781e+01  -8.99975019e-01
  4.48923646e+01  -8.91020118e-01
  4.53435403e+01  -8.82154320e-01
  4.57992505e+01  -8.73376738e-01
  4.62595406e+01  -8.64686494e-01
  4.67244567e+01  -8.56082720e-01
  4.71940453e+01  -8.47564554e-01
  4.76683534e+01  -8.39131146e-01
  4.81474283e+01  -8.30781652e-01
  4.86313180e+01  -8.22515236e-01
  4.91200709e+01  -8.14331073e-01
  4.96137358e+01  -8.06228343e-01
  5.01123621e+01  -7.98206237e-01
  5.06159997e+01  -7.90263952e-01
  5.11246990e+01  -7.82400695e-01
  5.16385107e+01  -7.74615678e-01
  5.21574864e+01  -7.66908123e-01
  5.26816779e+01  -7.59277260e-01
  5.32111375e+01  -7.51722325e-01
  5.37459183e+01  -7.44242563e-01
  5.42860738e+01  -7.36837225e-01
  5.48316579e+01  -7.29505572e-01
  5.53827252e+01  -7.22246871e-01
  5.59393309e+01  -7.15060394e-01
  5.65015305e+01  -7.07945424e-01
  5.70693803e+01  -7.00901250e-01
  5.76429371e+01  -6.93927166e-01
  5.82222583e+01  -6.87022475e-01
  5.88074017e+01  -6.80186487e-01
  5.93984259e+01  -6.73418519e-01
  5.99953900e+01  -6.66717892e-01
  6.05983537e+01  -6.60083939e-01
  6.12073773e+01  -6.53515994e-01
  6.18225217e+01  -6.47013401e-01
  6.24438483e+01  -6.40575510e-01
  6.30714195e+01  -6.34201677e-01
  6.37052978e+01  -6.27891265e-01
  6.43455466e+01  -6.21643643e-01
  6.49922301e+01  -6.15458185e-01
  6.56454129e+01  -6.09334274e-01
  6.63051603e+01  -6.03271296e-01
  6.69715382e+01  -5.97268647e-01
  6.76446134e+01  -5.91325724e-01
  6.83244530e+01  -5.85441935e-01
  6.90111252e+01  -5.79616691e-01
  6.97046985e+01  -5.73849408e-01
  7.04052424e+01  -5.68139511e-01
  7.11128269e+01  -5.62486428e-01
  7.18275227e+01  -5.56889595e-01
  7.25494013e+01  -5.51348451e-01
  7.32785349e+01  -5.45862442e-01
  7.40149964e+01  -5.40431020e-01
  7.47588595e+01  -5.35053642e-01
  7.55101985e+01  -5.29729769e-01
  7.62690886e+01  -5.24458870e-01
  7.70356057e+01  -5.19240417e-01
  7.78098264e+01  -5.14073888e-01
  7.85918281e+01  -5.08958768e-01
  7.93816892e+01  -5.03894543e-01
  8.01794884e+01  -4.98880709e-01
  8.09853056e+01  -4.93916763e-01
  8.17992215e+01  -4.89002209e-01
  8.26213173e+01  -4.84136556e-01
  8.34516754e+01  -4.79319316e-01
  8.42903787e+01  -4.74550010e-01
  8.51375111e+01  -4.69828158e-01
  8.59931573e+01  -4.65153290e-01
  8.68574029e+01  -4.60524937e-01
  8.77303343e+01  -4.55942638e-01
  8.86120388e+01  -4.51405932e-01
  8.95026046e+01  -4.46914368e-01
  9.04021207e+01  -4.42467496e-01
  9.13106771e+01  -4.38064871e-01
  9.22283647e+01  -4.33706053e-01
  9.31552752e+01  -4.29390605e-01
  9.40915013e+01  -4.25118097e-01
  9.50371366e+01  -4.20888102e-01
  9.59922757e+01  -4.16700195e-01
  9.69570141e+01  -4.12553959e-01
  9.79314483e+01  -4.08448978e-01
  9.89156757e+01  -4.04384843e-01
  9.99097948e+01  -4.00361147e-01
