#       r             R(r)          X(r)=rR(r)          e
  1.677313e-05   1.788255e+02   2.999463e-03  -4.000000e+02
  1.694170e-05   1.788249e+02   3.029598e-03  -4.000000e+02
  1.711197e-05   1.788242e+02   3.060035e-03  -4.000000e+02
  1.728395e-05   1.788236e+02   3.090779e-03  -4.000000e+02
  1.745766e-05   1.788230e+02   3.121831e-03  -4.000000e+02
  1.763311e-05   1.788224e+02   3.153194e-03  -4.000000e+02
  1.781032e-05   1.788217e+02   3.184873e-03  -4.000000e+02
  1.798932e-05   1.788211e+02   3.216870e-03  -4.000000e+02
  1.817012e-05   1.788205e+02   3.249189e-03  -4.000000e+02
  1.835273e-05   1.788198e+02   3.281831e-03  -4.000000e+02
  1.853718e-05   1.788191e+02   3.314802e-03  -4.000000e+02
  1.872348e-05   1.788185e+02   3.348104e-03  -4.000000e+02
  1.891165e-05   1.788178e+02   3.381740e-03  -4.000000e+02
  1.910172e-05   1.788171e+02   3.415714e-03  -4.000000e+02
  1.929369e-05   1.788164e+02   3.450030e-03  -4.000000e+02
  1.948760e-05   1.788157e+02   3.484689e-03  -4.000000e+02
  1.968345e-05   1.788150e+02   3.519697e-03  -4.000000e+02
  1.988127e-05   1.788143e+02   3.555057e-03  -4.000000e+02
  2.008108e-05   1.788136e+02   3.590771e-03  -4.000000e+02
  2.028290e-05   1.788129e+02   3.626845e-03  -4.000000e+02
  2.048675e-05   1.788122e+02   3.663280e-03  -4.000000e+02
  2.069264e-05   1.788114e+02   3.700081e-03  -4.000000e+02
  2.090061e-05   1.788107e+02   3.737252e-03  -4.000000e+02
  2.111066e-05   1.788099e+02   3.774797e-03  -4.000000e+02
  2.132283e-05   1.788092e+02   3.812718e-03  -4.000000e+02
  2.153713e-05   1.788084e+02   3.851020e-03  -4.000000e+02
  2.175358e-05   1.788076e+02   3.889706e-03  -4.000000e+02
  2.197221e-05   1.788069e+02   3.928781e-03  -4.000000e+02
  2.219303e-05   1.788061e+02   3.968249e-03  -4.000000e+02
  2.241607e-05   1.788053e+02   4.008112e-03  -4.000000e+02
  2.264136e-05   1.788045e+02   4.048376e-03  -4.000000e+02
  2.286891e-05   1.788037e+02   4.089044e-03  -4.000000e+02
  2.309874e-05   1.788028e+02   4.130121e-03  -4.000000e+02
  2.333089e-05   1.788020e+02   4.171610e-03  -4.000000e+02
  2.356537e-05   1.788012e+02   4.213516e-03  -4.000000e+02
  2.380221e-05   1.788003e+02   4.255842e-03  -4.000000e+02
  2.404142e-05   1.787995e+02   4.298593e-03  -4.000000e+02
  2.428304e-05   1.787986e+02   4.341774e-03  -4.000000e+02
  2.452709e-05   1.787977e+02   4.385388e-03  -4.000000e+02
  2.477359e-05   1.787968e+02   4.429440e-03  -4.000000e+02
  2.502257e-05   1.787960e+02   4.473934e-03  -4.000000e+02
  2.527405e-05   1.787951e+02   4.518876e-03  -4.000000e+02
  2.552806e-05   1.787941e+02   4.564268e-03  -4.000000e+02
  2.578462e-05   1.787932e+02   4.610116e-03  -4.000000e+02
  2.604376e-05   1.787923e+02   4.656424e-03  -4.000000e+02
  2.630551e-05   1.787914e+02   4.703197e-03  -4.000000e+02
  2.656988e-05   1.787904e+02   4.750440e-03  -4.000000e+02
  2.683691e-05   1.787895e+02   4.798157e-03  -4.000000e+02
  2.710663e-05   1.787885e+02   4.846353e-03  -4.000000e+02
  2.737905e-05   1.787875e+02   4.895033e-03  -4.000000e+02
  2.765422e-05   1.787865e+02   4.944202e-03  -4.000000e+02
  2.793215e-05   1.787855e+02   4.993864e-03  -4.000000e+02
  2.821287e-05   1.787845e+02   5.044025e-03  -4.000000e+02
  2.849641e-05   1.787835e+02   5.094690e-03  -4.000000e+02
  2.878281e-05   1.787825e+02   5.145863e-03  -4.000000e+02
  2.907208e-05   1.787815e+02   5.197549e-03  -4.000000e+02
  2.936426e-05   1.787804e+02   5.249755e-03  -4.000000e+02
  2.965938e-05   1.787794e+02   5.302484e-03  -4.000000e+02
  2.995746e-05   1.787783e+02   5.355743e-03  -4.000000e+02
  3.025853e-05   1.787772e+02   5.409537e-03  -4.000000e+02
  3.056264e-05   1.787761e+02   5.463870e-03  -4.000000e+02
  3.086980e-05   1.787750e+02   5.518749e-03  -4.000000e+02
  3.118004e-05   1.787739e+02   5.574179e-03  -4.000000e+02
  3.149341e-05   1.787728e+02   5.630165e-03  -4.000000e+02
  3.180992e-05   1.787717e+02   5.686713e-03  -4.000000e+02
  3.212962e-05   1.787705e+02   5.743829e-03  -4.000000e+02
  3.245253e-05   1.787694e+02   5.801518e-03  -4.000000e+02
  3.277868e-05   1.787682e+02   5.859786e-03  -4.000000e+02
  3.310811e-05   1.787670e+02   5.918639e-03  -4.000000e+02
  3.344085e-05   1.787658e+02   5.978082e-03  -4.000000e+02
  3.377694e-05   1.787646e+02   6.038122e-03  -4.000000e+02
  3.411640e-05   1.787634e+02   6.098765e-03  -4.000000e+02
  3.445928e-05   1.787622e+02   6.160017e-03  -4.000000e+02
  3.480560e-05   1.787610e+02   6.221883e-03  -4.000000e+02
  3.515540e-05   1.787597e+02   6.284370e-03  -4.000000e+02
  3.550872e-05   1.787585e+02   6.347484e-03  -4.000000e+02
  3.586559e-05   1.787572e+02   6.411231e-03  -4.000000e+02
  3.622604e-05   1.787559e+02   6.475619e-03  -4.000000e+02
  3.659012e-05   1.787546e+02   6.540652e-03  -4.000000e+02
  3.695786e-05   1.787533e+02   6.606338e-03  -4.000000e+02
  3.732929e-05   1.787519e+02   6.672683e-03  -4.000000e+02
  3.770446e-05   1.787506e+02   6.739694e-03  -4.000000e+02
  3.808339e-05   1.787492e+02   6.807378e-03  -4.000000e+02
  3.846614e-05   1.787479e+02   6.875740e-03  -4.000000e+02
  3.885273e-05   1.787465e+02   6.944789e-03  -4.000000e+02
  3.924320e-05   1.787451e+02   7.014530e-03  -4.000000e+02
  3.963760e-05   1.787437e+02   7.084972e-03  -4.000000e+02
  4.003597e-05   1.787423e+02   7.156120e-03  -4.000000e+02
  4.043834e-05   1.787408e+02   7.227982e-03  -4.000000e+02
  4.084475e-05   1.787394e+02   7.300565e-03  -4.000000e+02
  4.125525e-05   1.787379e+02   7.373876e-03  -4.000000e+02
  4.166987e-05   1.787364e+02   7.447923e-03  -4.000000e+02
  4.208866e-05   1.787349e+02   7.522713e-03  -4.000000e+02
  4.251166e-05   1.787334e+02   7.598253e-03  -4.000000e+02
  4.293890e-05   1.787319e+02   7.674552e-03  -4.000000e+02
  4.337045e-05   1.787303e+02   7.751615e-03  -4.000000e+02
  4.380633e-05   1.787288e+02   7.829452e-03  -4.000000e+02
  4.424659e-05   1.787272e+02   7.908070e-03  -4.000000e+02
  4.469127e-05   1.787256e+02   7.987476e-03  -4.000000e+02
  4.514043e-05   1.787240e+02   8.067679e-03  -4.000000e+02
  4.559410e-05   1.787224e+02   8.148687e-03  -4.000000e+02
  4.605233e-05   1.787208e+02   8.230507e-03  -4.000000e+02
  4.651516e-05   1.787191e+02   8.313148e-03  -4.000000e+02
  4.698265e-05   1.787174e+02   8.396618e-03  -4.000000e+02
  4.745483e-05   1.787157e+02   8.480925e-03  -4.000000e+02
  4.793176e-05   1.787140e+02   8.566078e-03  -4.000000e+02
  4.841348e-05   1.787123e+02   8.652085e-03  -4.000000e+02
  4.890004e-05   1.787106e+02   8.738955e-03  -4.000000e+02
  4.939150e-05   1.787088e+02   8.826696e-03  -4.000000e+02
  4.988789e-05   1.787070e+02   8.915318e-03  -4.000000e+02
  5.038927e-05   1.787053e+02   9.004828e-03  -4.000000e+02
  5.089569e-05   1.787034e+02   9.095236e-03  -4.000000e+02
  5.140720e-05   1.787016e+02   9.186550e-03  -4.000000e+02
  5.192385e-05   1.786998e+02   9.278781e-03  -4.000000e+02
  5.244570e-05   1.786979e+02   9.371936e-03  -4.000000e+02
  5.297278e-05   1.786960e+02   9.466026e-03  -4.000000e+02
  5.350517e-05   1.786941e+02   9.561059e-03  -4.000000e+02
  5.404291e-05   1.786922e+02   9.657046e-03  -4.000000e+02
  5.458605e-05   1.786903e+02   9.753995e-03  -4.000000e+02
  5.513464e-05   1.786883e+02   9.851916e-03  -4.000000e+02
  5.568876e-05   1.786863e+02   9.950819e-03  -4.000000e+02
  5.624844e-05   1.786843e+02   1.005071e-02  -4.000000e+02
  5.681374e-05   1.786823e+02   1.015161e-02  -4.000000e+02
  5.738473e-05   1.786803e+02   1.025352e-02  -4.000000e+02
  5.796146e-05   1.786782e+02   1.035645e-02  -4.000000e+02
  5.854398e-05   1.786761e+02   1.046041e-02  -4.000000e+02
  5.913236e-05   1.786740e+02   1.056542e-02  -4.000000e+02
  5.972665e-05   1.786719e+02   1.067147e-02  -4.000000e+02
  6.032691e-05   1.786697e+02   1.077859e-02  -4.000000e+02
  6.093321e-05   1.786676e+02   1.088679e-02  -4.000000e+02
  6.154560e-05   1.786654e+02   1.099607e-02  -4.000000e+02
  6.216414e-05   1.786632e+02   1.110644e-02  -4.000000e+02
  6.278890e-05   1.786609e+02   1.121792e-02  -4.000000e+02
  6.341994e-05   1.786587e+02   1.133052e-02  -4.000000e+02
  6.405732e-05   1.786564e+02   1.144425e-02  -4.000000e+02
  6.470111e-05   1.786541e+02   1.155912e-02  -4.000000e+02
  6.535136e-05   1.786518e+02   1.167514e-02  -4.000000e+02
  6.600815e-05   1.786494e+02   1.179232e-02  -4.000000e+02
  6.667155e-05   1.786471e+02   1.191068e-02  -4.000000e+02
  6.734161e-05   1.786447e+02   1.203022e-02  -4.000000e+02
  6.801840e-05   1.786423e+02   1.215096e-02  -4.000000e+02
  6.870200e-05   1.786398e+02   1.227291e-02  -4.000000e+02
  6.939246e-05   1.786373e+02   1.239609e-02  -4.000000e+02
  7.008987e-05   1.786349e+02   1.252049e-02  -4.000000e+02
  7.079429e-05   1.786323e+02   1.264615e-02  -4.000000e+02
  7.150578e-05   1.786298e+02   1.277306e-02  -4.000000e+02
  7.222442e-05   1.786272e+02   1.290125e-02  -4.000000e+02
  7.295029e-05   1.786246e+02   1.303072e-02  -4.000000e+02
  7.368346e-05   1.786220e+02   1.316149e-02  -4.000000e+02
  7.442399e-05   1.786194e+02   1.329357e-02  -4.000000e+02
  7.517196e-05   1.786167e+02   1.342697e-02  -4.000000e+02
  7.592745e-05   1.786140e+02   1.356171e-02  -4.000000e+02
  7.669053e-05   1.786113e+02   1.369779e-02  -4.000000e+02
  7.746129e-05   1.786085e+02   1.383525e-02  -4.000000e+02
  7.823979e-05   1.786057e+02   1.397407e-02  -4.000000e+02
  7.902611e-05   1.786029e+02   1.411429e-02  -4.000000e+02
  7.982033e-05   1.786001e+02   1.425592e-02  -4.000000e+02
  8.062254e-05   1.785972e+02   1.439896e-02  -4.000000e+02
  8.143281e-05   1.785943e+02   1.454344e-02  -4.000000e+02
  8.225123e-05   1.785914e+02   1.468936e-02  -4.000000e+02
  8.307786e-05   1.785885e+02   1.483675e-02  -4.000000e+02
  8.391281e-05   1.785855e+02   1.498561e-02  -4.000000e+02
  8.475615e-05   1.785825e+02   1.513596e-02  -4.000000e+02
  8.560796e-05   1.785794e+02   1.528782e-02  -4.000000e+02
  8.646834e-05   1.785764e+02   1.544120e-02  -4.000000e+02
  8.733736e-05   1.785732e+02   1.559612e-02  -4.000000e+02
  8.821511e-05   1.785701e+02   1.575258e-02  -4.000000e+02
  8.910169e-05   1.785669e+02   1.591062e-02  -4.000000e+02
  8.999718e-05   1.785637e+02   1.607023e-02  -4.000000e+02
  9.090166e-05   1.785605e+02   1.623145e-02  -4.000000e+02
  9.181524e-05   1.785573e+02   1.639428e-02  -4.000000e+02
  9.273800e-05   1.785540e+02   1.655874e-02  -4.000000e+02
  9.367003e-05   1.785506e+02   1.672484e-02  -4.000000e+02
  9.461143e-05   1.785473e+02   1.689261e-02  -4.000000e+02
  9.556229e-05   1.785439e+02   1.706206e-02  -4.000000e+02
  9.652271e-05   1.785404e+02   1.723321e-02  -4.000000e+02
  9.749278e-05   1.785370e+02   1.740607e-02  -4.000000e+02
  9.847259e-05   1.785335e+02   1.758066e-02  -4.000000e+02
  9.946226e-05   1.785299e+02   1.775699e-02  -4.000000e+02
  1.004619e-04   1.785264e+02   1.793509e-02  -4.000000e+02
  1.014715e-04   1.785228e+02   1.811498e-02  -4.000000e+02
  1.024913e-04   1.785191e+02   1.829666e-02  -4.000000e+02
  1.035214e-04   1.785155e+02   1.848017e-02  -4.000000e+02
  1.045618e-04   1.785117e+02   1.866551e-02  -4.000000e+02
  1.056127e-04   1.785080e+02   1.885270e-02  -4.000000e+02
  1.066741e-04   1.785042e+02   1.904177e-02  -4.000000e+02
  1.077462e-04   1.785004e+02   1.923273e-02  -4.000000e+02
  1.088290e-04   1.784965e+02   1.942560e-02  -4.000000e+02
  1.099228e-04   1.784926e+02   1.962041e-02  -4.000000e+02
  1.110275e-04   1.784887e+02   1.981716e-02  -4.000000e+02
  1.121434e-04   1.784847e+02   2.001588e-02  -4.000000e+02
  1.132704e-04   1.784807e+02   2.021658e-02  -4.000000e+02
  1.144088e-04   1.784766e+02   2.041930e-02  -4.000000e+02
  1.155587e-04   1.784725e+02   2.062404e-02  -4.000000e+02
  1.167200e-04   1.784683e+02   2.083083e-02  -4.000000e+02
  1.178931e-04   1.784642e+02   2.103969e-02  -4.000000e+02
  1.190779e-04   1.784599e+02   2.125064e-02  -4.000000e+02
  1.202747e-04   1.784557e+02   2.146370e-02  -4.000000e+02
  1.214835e-04   1.784513e+02   2.167889e-02  -4.000000e+02
  1.227044e-04   1.784470e+02   2.189623e-02  -4.000000e+02
  1.239376e-04   1.784426e+02   2.211575e-02  -4.000000e+02
  1.251832e-04   1.784381e+02   2.233746e-02  -4.000000e+02
  1.264413e-04   1.784336e+02   2.256138e-02  -4.000000e+02
  1.277121e-04   1.784291e+02   2.278755e-02  -4.000000e+02
  1.289956e-04   1.784245e+02   2.301598e-02  -4.000000e+02
  1.302920e-04   1.784199e+02   2.324669e-02  -4.000000e+02
  1.316015e-04   1.784152e+02   2.347971e-02  -4.000000e+02
  1.329241e-04   1.784105e+02   2.371506e-02  -4.000000e+02
  1.342600e-04   1.784057e+02   2.395276e-02  -4.000000e+02
  1.356093e-04   1.784009e+02   2.419283e-02  -4.000000e+02
  1.369722e-04   1.783961e+02   2.443531e-02  -4.000000e+02
  1.383488e-04   1.783912e+02   2.468021e-02  -4.000000e+02
  1.397393e-04   1.783862e+02   2.492756e-02  -4.000000e+02
  1.411437e-04   1.783812e+02   2.517737e-02  -4.000000e+02
  1.425622e-04   1.783761e+02   2.542969e-02  -4.000000e+02
  1.439950e-04   1.783710e+02   2.568453e-02  -4.000000e+02
  1.454421e-04   1.783658e+02   2.594191e-02  -4.000000e+02
  1.469038e-04   1.783606e+02   2.620186e-02  -4.000000e+02
  1.483803e-04   1.783554e+02   2.646442e-02  -4.000000e+02
  1.498715e-04   1.783500e+02   2.672959e-02  -4.000000e+02
  1.513777e-04   1.783447e+02   2.699741e-02  -4.000000e+02
  1.528991e-04   1.783392e+02   2.726791e-02  -4.000000e+02
  1.544358e-04   1.783338e+02   2.754111e-02  -4.000000e+02
  1.559879e-04   1.783282e+02   2.781704e-02  -4.000000e+02
  1.575556e-04   1.783226e+02   2.809573e-02  -4.000000e+02
  1.591390e-04   1.783170e+02   2.837719e-02  -4.000000e+02
  1.607384e-04   1.783113e+02   2.866147e-02  -4.000000e+02
  1.623539e-04   1.783055e+02   2.894859e-02  -4.000000e+02
  1.639855e-04   1.782997e+02   2.923857e-02  -4.000000e+02
  1.656336e-04   1.782938e+02   2.953145e-02  -4.000000e+02
  1.672983e-04   1.782879e+02   2.982726e-02  -4.000000e+02
  1.689796e-04   1.782819e+02   3.012601e-02  -4.000000e+02
  1.706779e-04   1.782758e+02   3.042775e-02  -4.000000e+02
  1.723933e-04   1.782697e+02   3.073250e-02  -4.000000e+02
  1.741258e-04   1.782636e+02   3.104029e-02  -4.000000e+02
  1.758758e-04   1.782573e+02   3.135115e-02  -4.000000e+02
  1.776434e-04   1.782510e+02   3.166512e-02  -4.000000e+02
  1.794288e-04   1.782446e+02   3.198222e-02  -4.000000e+02
  1.812321e-04   1.782382e+02   3.230248e-02  -4.000000e+02
  1.830535e-04   1.782317e+02   3.262594e-02  -4.000000e+02
  1.848932e-04   1.782252e+02   3.295262e-02  -4.000000e+02
  1.867514e-04   1.782185e+02   3.328256e-02  -4.000000e+02
  1.886283e-04   1.782119e+02   3.361579e-02  -4.000000e+02
  1.905240e-04   1.782051e+02   3.395235e-02  -4.000000e+02
  1.924388e-04   1.781983e+02   3.429227e-02  -4.000000e+02
  1.943729e-04   1.781914e+02   3.463557e-02  -4.000000e+02
  1.963263e-04   1.781844e+02   3.498230e-02  -4.000000e+02
  1.982995e-04   1.781774e+02   3.533248e-02  -4.000000e+02
  2.002924e-04   1.781703e+02   3.568615e-02  -4.000000e+02
  2.023054e-04   1.781631e+02   3.604335e-02  -4.000000e+02
  2.043386e-04   1.781559e+02   3.640412e-02  -4.000000e+02
  2.063922e-04   1.781486e+02   3.676847e-02  -4.000000e+02
  2.084665e-04   1.781412e+02   3.713646e-02  -4.000000e+02
  2.105616e-04   1.781337e+02   3.750812e-02  -4.000000e+02
  2.126778e-04   1.781262e+02   3.788348e-02  -4.000000e+02
  2.148152e-04   1.781185e+02   3.826258e-02  -4.000000e+02
  2.169742e-04   1.781109e+02   3.864545e-02  -4.000000e+02
  2.191548e-04   1.781031e+02   3.903214e-02  -4.000000e+02
  2.213573e-04   1.780952e+02   3.942269e-02  -4.000000e+02
  2.235820e-04   1.780873e+02   3.981712e-02  -4.000000e+02
  2.258290e-04   1.780793e+02   4.021548e-02  -4.000000e+02
  2.280987e-04   1.780712e+02   4.061781e-02  -4.000000e+02
  2.303911e-04   1.780631e+02   4.102414e-02  -4.000000e+02
  2.327066e-04   1.780548e+02   4.143453e-02  -4.000000e+02
  2.350453e-04   1.780465e+02   4.184899e-02  -4.000000e+02
  2.374075e-04   1.780381e+02   4.226758e-02  -4.000000e+02
  2.397935e-04   1.780296e+02   4.269034e-02  -4.000000e+02
  2.422035e-04   1.780210e+02   4.311731e-02  -4.000000e+02
  2.446377e-04   1.780123e+02   4.354853e-02  -4.000000e+02
  2.470963e-04   1.780036e+02   4.398403e-02  -4.000000e+02
  2.495797e-04   1.779947e+02   4.442387e-02  -4.000000e+02
  2.520880e-04   1.779858e+02   4.486809e-02  -4.000000e+02
  2.546215e-04   1.779768e+02   4.531673e-02  -4.000000e+02
  2.571805e-04   1.779677e+02   4.576982e-02  -4.000000e+02
  2.597652e-04   1.779585e+02   4.622743e-02  -4.000000e+02
  2.623759e-04   1.779492e+02   4.668958e-02  -4.000000e+02
  2.650128e-04   1.779398e+02   4.715633e-02  -4.000000e+02
  2.676763e-04   1.779303e+02   4.762773e-02  -4.000000e+02
  2.703665e-04   1.779208e+02   4.810380e-02  -4.000000e+02
  2.730837e-04   1.779111e+02   4.858462e-02  -4.000000e+02
  2.758282e-04   1.779013e+02   4.907021e-02  -4.000000e+02
  2.786003e-04   1.778915e+02   4.956062e-02  -4.000000e+02
  2.814003e-04   1.778815e+02   5.005591e-02  -4.000000e+02
  2.842284e-04   1.778714e+02   5.055612e-02  -4.000000e+02
  2.870850e-04   1.778613e+02   5.106130e-02  -4.000000e+02
  2.899702e-04   1.778510e+02   5.157150e-02  -4.000000e+02
  2.928845e-04   1.778406e+02   5.208677e-02  -4.000000e+02
  2.958280e-04   1.778302e+02   5.260715e-02  -4.000000e+02
  2.988011e-04   1.778196e+02   5.313270e-02  -4.000000e+02
  3.018041e-04   1.778089e+02   5.366347e-02  -4.000000e+02
  3.048373e-04   1.777981e+02   5.419951e-02  -4.000000e+02
  3.079010e-04   1.777872e+02   5.474087e-02  -4.000000e+02
  3.109955e-04   1.777762e+02   5.528760e-02  -4.000000e+02
  3.141210e-04   1.777651e+02   5.583976e-02  -4.000000e+02
  3.172780e-04   1.777539e+02   5.639740e-02  -4.000000e+02
  3.204667e-04   1.777426e+02   5.696057e-02  -4.000000e+02
  3.236874e-04   1.777311e+02   5.752933e-02  -4.000000e+02
  3.269405e-04   1.777196e+02   5.810373e-02  -4.000000e+02
  3.302263e-04   1.777079e+02   5.868382e-02  -4.000000e+02
  3.335452e-04   1.776961e+02   5.926967e-02  -4.000000e+02
  3.368973e-04   1.776842e+02   5.986133e-02  -4.000000e+02
  3.402832e-04   1.776721e+02   6.045885e-02  -4.000000e+02
  3.437031e-04   1.776600e+02   6.106229e-02  -4.000000e+02
  3.471574e-04   1.776477e+02   6.167172e-02  -4.000000e+02
  3.506464e-04   1.776353e+02   6.228718e-02  -4.000000e+02
  3.541704e-04   1.776228e+02   6.290875e-02  -4.000000e+02
  3.577299e-04   1.776102e+02   6.353647e-02  -4.000000e+02
  3.613252e-04   1.775974e+02   6.417040e-02  -4.000000e+02
  3.649565e-04   1.775845e+02   6.481062e-02  -4.000000e+02
  3.686244e-04   1.775715e+02   6.545718e-02  -4.000000e+02
  3.723292e-04   1.775583e+02   6.611013e-02  -4.000000e+02
  3.760711e-04   1.775450e+02   6.676955e-02  -4.000000e+02
  3.798507e-04   1.775316e+02   6.743550e-02  -4.000000e+02
  3.836683e-04   1.775180e+02   6.810804e-02  -4.000000e+02
  3.875242e-04   1.775043e+02   6.878723e-02  -4.000000e+02
  3.914189e-04   1.774905e+02   6.947314e-02  -4.000000e+02
  3.953527e-04   1.774766e+02   7.016584e-02  -4.000000e+02
  3.993261e-04   1.774625e+02   7.086538e-02  -4.000000e+02
  4.033394e-04   1.774482e+02   7.157185e-02  -4.000000e+02
  4.073930e-04   1.774338e+02   7.228530e-02  -4.000000e+02
  4.114874e-04   1.774193e+02   7.300580e-02  -4.000000e+02
  4.156229e-04   1.774046e+02   7.373342e-02  -4.000000e+02
  4.197999e-04   1.773898e+02   7.446823e-02  -4.000000e+02
  4.240190e-04   1.773748e+02   7.521030e-02  -4.000000e+02
  4.282805e-04   1.773597e+02   7.595970e-02  -4.000000e+02
  4.325848e-04   1.773445e+02   7.671651e-02  -4.000000e+02
  4.369323e-04   1.773290e+02   7.748078e-02  -4.000000e+02
  4.413236e-04   1.773135e+02   7.825261e-02  -4.000000e+02
  4.457589e-04   1.772977e+02   7.903205e-02  -4.000000e+02
  4.502389e-04   1.772818e+02   7.981918e-02  -4.000000e+02
  4.547639e-04   1.772658e+02   8.061408e-02  -4.000000e+02
  4.593343e-04   1.772496e+02   8.141682e-02  -4.000000e+02
  4.639507e-04   1.772332e+02   8.222748e-02  -4.000000e+02
  4.686135e-04   1.772167e+02   8.304614e-02  -4.000000e+02
  4.733231e-04   1.772000e+02   8.387286e-02  -4.000000e+02
  4.780801e-04   1.771832e+02   8.470774e-02  -4.000000e+02
  4.828849e-04   1.771661e+02   8.555085e-02  -4.000000e+02
  4.877380e-04   1.771489e+02   8.640226e-02  -4.000000e+02
  4.926398e-04   1.771316e+02   8.726206e-02  -4.000000e+02
  4.975909e-04   1.771140e+02   8.813033e-02  -4.000000e+02
  5.025918e-04   1.770963e+02   8.900716e-02  -4.000000e+02
  5.076429e-04   1.770784e+02   8.989261e-02  -4.000000e+02
  5.127448e-04   1.770604e+02   9.078678e-02  -4.000000e+02
  5.178980e-04   1.770421e+02   9.168975e-02  -4.000000e+02
  5.231029e-04   1.770237e+02   9.260161e-02  -4.000000e+02
  5.283602e-04   1.770051e+02   9.352244e-02  -4.000000e+02
  5.336703e-04   1.769863e+02   9.445232e-02  -4.000000e+02
  5.390338e-04   1.769673e+02   9.539135e-02  -4.000000e+02
  5.444512e-04   1.769481e+02   9.633961e-02  -4.000000e+02
  5.499230e-04   1.769288e+02   9.729719e-02  -4.000000e+02
  5.554498e-04   1.769092e+02   9.826418e-02  -4.000000e+02
  5.610322e-04   1.768894e+02   9.924067e-02  -4.000000e+02
  5.666707e-04   1.768695e+02   1.002268e-01  -4.000000e+02
  5.723658e-04   1.768494e+02   1.012225e-01  -4.000000e+02
  5.781182e-04   1.768290e+02   1.022281e-01  -4.000000e+02
  5.839283e-04   1.768085e+02   1.032435e-01  -4.000000e+02
  5.897969e-04   1.767877e+02   1.042689e-01  -4.000000e+02
  5.957245e-04   1.767668e+02   1.053043e-01  -4.000000e+02
  6.017116e-04   1.767456e+02   1.063499e-01  -4.000000e+02
  6.077589e-04   1.767242e+02   1.074057e-01  -4.000000e+02
  6.138670e-04   1.767026e+02   1.084719e-01  -4.000000e+02
  6.200365e-04   1.766808e+02   1.095486e-01  -4.000000e+02
  6.262679e-04   1.766588e+02   1.106357e-01  -4.000000e+02
  6.325620e-04   1.766366e+02   1.117336e-01  -4.000000e+02
  6.389194e-04   1.766141e+02   1.128422e-01  -4.000000e+02
  6.453406e-04   1.765914e+02   1.139616e-01  -4.000000e+02
  6.518264e-04   1.765685e+02   1.150920e-01  -4.000000e+02
  6.583774e-04   1.765454e+02   1.162335e-01  -4.000000e+02
  6.649942e-04   1.765220e+02   1.173861e-01  -4.000000e+02
  6.716775e-04   1.764984e+02   1.185500e-01  -4.000000e+02
  6.784280e-04   1.764746e+02   1.197253e-01  -4.000000e+02
  6.852463e-04   1.764506e+02   1.209121e-01  -4.000000e+02
  6.921331e-04   1.764262e+02   1.221104e-01  -4.000000e+02
  6.990892e-04   1.764017e+02   1.233205e-01  -4.000000e+02
  7.061151e-04   1.763769e+02   1.245424e-01  -4.000000e+02
  7.132117e-04   1.763519e+02   1.257762e-01  -4.000000e+02
  7.203796e-04   1.763266e+02   1.270221e-01  -4.000000e+02
  7.276195e-04   1.763011e+02   1.282801e-01  -4.000000e+02
  7.349322e-04   1.762753e+02   1.295504e-01  -4.000000e+02
  7.423184e-04   1.762493e+02   1.308331e-01  -4.000000e+02
  7.497788e-04   1.762230e+02   1.321282e-01  -4.000000e+02
  7.573142e-04   1.761964e+02   1.334360e-01  -4.000000e+02
  7.649254e-04   1.761696e+02   1.347566e-01  -4.000000e+02
  7.726130e-04   1.761425e+02   1.360900e-01  -4.000000e+02
  7.803779e-04   1.761151e+02   1.374364e-01  -4.000000e+02
  7.882208e-04   1.760875e+02   1.387959e-01  -4.000000e+02
  7.961426e-04   1.760596e+02   1.401686e-01  -4.000000e+02
  8.041439e-04   1.760315e+02   1.415546e-01  -4.000000e+02
  8.122257e-04   1.760030e+02   1.429542e-01  -4.000000e+02
  8.203887e-04   1.759743e+02   1.443673e-01  -4.000000e+02
  8.286338e-04   1.759453e+02   1.457942e-01  -4.000000e+02
  8.369617e-04   1.759160e+02   1.472349e-01  -4.000000e+02
  8.453733e-04   1.758864e+02   1.486896e-01  -4.000000e+02
  8.538694e-04   1.758565e+02   1.501585e-01  -4.000000e+02
  8.624510e-04   1.758263e+02   1.516416e-01  -4.000000e+02
  8.711187e-04   1.757958e+02   1.531390e-01  -4.000000e+02
  8.798736e-04   1.757650e+02   1.546510e-01  -4.000000e+02
  8.887165e-04   1.757340e+02   1.561777e-01  -4.000000e+02
  8.976482e-04   1.757026e+02   1.577191e-01  -4.000000e+02
  9.066698e-04   1.756709e+02   1.592755e-01  -4.000000e+02
  9.157819e-04   1.756389e+02   1.608469e-01  -4.000000e+02
  9.249857e-04   1.756065e+02   1.624335e-01  -4.000000e+02
  9.342820e-04   1.755739e+02   1.640355e-01  -4.000000e+02
  9.436717e-04   1.755409e+02   1.656530e-01  -4.000000e+02
  9.531557e-04   1.755076e+02   1.672861e-01  -4.000000e+02
  9.627351e-04   1.754740e+02   1.689350e-01  -4.000000e+02
  9.724107e-04   1.754400e+02   1.705998e-01  -4.000000e+02
  9.821836e-04   1.754058e+02   1.722807e-01  -4.000000e+02
  9.920547e-04   1.753711e+02   1.739778e-01  -4.000000e+02
  1.002025e-03   1.753362e+02   1.756912e-01  -4.000000e+02
  1.012096e-03   1.753009e+02   1.774212e-01  -4.000000e+02
  1.022267e-03   1.752652e+02   1.791679e-01  -4.000000e+02
  1.032541e-03   1.752292e+02   1.809314e-01  -4.000000e+02
  1.042918e-03   1.751928e+02   1.827118e-01  -4.000000e+02
  1.053400e-03   1.751561e+02   1.845094e-01  -4.000000e+02
  1.063987e-03   1.751190e+02   1.863243e-01  -4.000000e+02
  1.074680e-03   1.750816e+02   1.881567e-01  -4.000000e+02
  1.085481e-03   1.750438e+02   1.900066e-01  -4.000000e+02
  1.096390e-03   1.750056e+02   1.918744e-01  -4.000000e+02
  1.107409e-03   1.749670e+02   1.937600e-01  -4.000000e+02
  1.118539e-03   1.749281e+02   1.956638e-01  -4.000000e+02
  1.129780e-03   1.748887e+02   1.975858e-01  -4.000000e+02
  1.141135e-03   1.748490e+02   1.995263e-01  -4.000000e+02
  1.152603e-03   1.748089e+02   2.014853e-01  -4.000000e+02
  1.164187e-03   1.747684e+02   2.034631e-01  -4.000000e+02
  1.175887e-03   1.747275e+02   2.054599e-01  -4.000000e+02
  1.187705e-03   1.746862e+02   2.074758e-01  -4.000000e+02
  1.199642e-03   1.746445e+02   2.095109e-01  -4.000000e+02
  1.211698e-03   1.746024e+02   2.115655e-01  -4.000000e+02
  1.223876e-03   1.745599e+02   2.136397e-01  -4.000000e+02
  1.236176e-03   1.745170e+02   2.157338e-01  -4.000000e+02
  1.248600e-03   1.744736e+02   2.178478e-01  -4.000000e+02
  1.261149e-03   1.744298e+02   2.199820e-01  -4.000000e+02
  1.273823e-03   1.743856e+02   2.221365e-01  -4.000000e+02
  1.286626e-03   1.743410e+02   2.243116e-01  -4.000000e+02
  1.299556e-03   1.742959e+02   2.265074e-01  -4.000000e+02
  1.312617e-03   1.742504e+02   2.287240e-01  -4.000000e+02
  1.325809e-03   1.742044e+02   2.309618e-01  -4.000000e+02
  1.339134e-03   1.741580e+02   2.332209e-01  -4.000000e+02
  1.352592e-03   1.741111e+02   2.355014e-01  -4.000000e+02
  1.366186e-03   1.740638e+02   2.378035e-01  -4.000000e+02
  1.379917e-03   1.740160e+02   2.401276e-01  -4.000000e+02
  1.393785e-03   1.739677e+02   2.424736e-01  -4.000000e+02
  1.407793e-03   1.739190e+02   2.448419e-01  -4.000000e+02
  1.421941e-03   1.738698e+02   2.472326e-01  -4.000000e+02
  1.436232e-03   1.738201e+02   2.496460e-01  -4.000000e+02
  1.450666e-03   1.737699e+02   2.520822e-01  -4.000000e+02
  1.465246e-03   1.737193e+02   2.545414e-01  -4.000000e+02
  1.479972e-03   1.736681e+02   2.570239e-01  -4.000000e+02
  1.494846e-03   1.736165e+02   2.595298e-01  -4.000000e+02
  1.509869e-03   1.735643e+02   2.620594e-01  -4.000000e+02
  1.525044e-03   1.735116e+02   2.646128e-01  -4.000000e+02
  1.540371e-03   1.734585e+02   2.671903e-01  -4.000000e+02
  1.555852e-03   1.734048e+02   2.697921e-01  -4.000000e+02
  1.571488e-03   1.733505e+02   2.724183e-01  -4.000000e+02
  1.587282e-03   1.732958e+02   2.750693e-01  -4.000000e+02
  1.603234e-03   1.732405e+02   2.777451e-01  -4.000000e+02
  1.619347e-03   1.731847e+02   2.804461e-01  -4.000000e+02
  1.635622e-03   1.731283e+02   2.831725e-01  -4.000000e+02
  1.652060e-03   1.730714e+02   2.859244e-01  -4.000000e+02
  1.668663e-03   1.730140e+02   2.887021e-01  -4.000000e+02
  1.685434e-03   1.729559e+02   2.915058e-01  -4.000000e+02
  1.702373e-03   1.728974e+02   2.943358e-01  -4.000000e+02
  1.719482e-03   1.728382e+02   2.971922e-01  -4.000000e+02
  1.736763e-03   1.727785e+02   3.000753e-01  -4.000000e+02
  1.754218e-03   1.727182e+02   3.029853e-01  -4.000000e+02
  1.771848e-03   1.726573e+02   3.059225e-01  -4.000000e+02
  1.789655e-03   1.725958e+02   3.088870e-01  -4.000000e+02
  1.807642e-03   1.725337e+02   3.118791e-01  -4.000000e+02
  1.825809e-03   1.724711e+02   3.148991e-01  -4.000000e+02
  1.844158e-03   1.724078e+02   3.179472e-01  -4.000000e+02
  1.862692e-03   1.723439e+02   3.210236e-01  -4.000000e+02
  1.881413e-03   1.722794e+02   3.241286e-01  -4.000000e+02
  1.900321e-03   1.722142e+02   3.272624e-01  -4.000000e+02
  1.919420e-03   1.721485e+02   3.304252e-01  -4.000000e+02
  1.938710e-03   1.720820e+02   3.336173e-01  -4.000000e+02
  1.958195e-03   1.720150e+02   3.368389e-01  -4.000000e+02
  1.977875e-03   1.719473e+02   3.400903e-01  -4.000000e+02
  1.997753e-03   1.718790e+02   3.433717e-01  -4.000000e+02
  2.017831e-03   1.718100e+02   3.466834e-01  -4.000000e+02
  2.038110e-03   1.717403e+02   3.500256e-01  -4.000000e+02
  2.058594e-03   1.716699e+02   3.533986e-01  -4.000000e+02
  2.079283e-03   1.715989e+02   3.568027e-01  -4.000000e+02
  2.100180e-03   1.715272e+02   3.602380e-01  -4.000000e+02
  2.121287e-03   1.714548e+02   3.637049e-01  -4.000000e+02
  2.142606e-03   1.713817e+02   3.672036e-01  -4.000000e+02
  2.164140e-03   1.713079e+02   3.707344e-01  -4.000000e+02
  2.185890e-03   1.712334e+02   3.742974e-01  -4.000000e+02
  2.207858e-03   1.711582e+02   3.778931e-01  -4.000000e+02
  2.230048e-03   1.710823e+02   3.815217e-01  -4.000000e+02
  2.252460e-03   1.710056e+02   3.851833e-01  -4.000000e+02
  2.275098e-03   1.709282e+02   3.888784e-01  -4.000000e+02
  2.297963e-03   1.708501e+02   3.926071e-01  -4.000000e+02
  2.321058e-03   1.707712e+02   3.963697e-01  -4.000000e+02
  2.344385e-03   1.706915e+02   4.001666e-01  -4.000000e+02
  2.367946e-03   1.706111e+02   4.039979e-01  -4.000000e+02
  2.391744e-03   1.705299e+02   4.078640e-01  -4.000000e+02
  2.415782e-03   1.704479e+02   4.117651e-01  -4.000000e+02
  2.440061e-03   1.703652e+02   4.157015e-01  -4.000000e+02
  2.464584e-03   1.702817e+02   4.196735e-01  -4.000000e+02
  2.489353e-03   1.701973e+02   4.236813e-01  -4.000000e+02
  2.514372e-03   1.701122e+02   4.277253e-01  -4.000000e+02
  2.539642e-03   1.700262e+02   4.318057e-01  -4.000000e+02
  2.565166e-03   1.699395e+02   4.359229e-01  -4.000000e+02
  2.590946e-03   1.698519e+02   4.400770e-01  -4.000000e+02
  2.616985e-03   1.697634e+02   4.442684e-01  -4.000000e+02
  2.643286e-03   1.696742e+02   4.484974e-01  -4.000000e+02
  2.669852e-03   1.695840e+02   4.527642e-01  -4.000000e+02
  2.696684e-03   1.694930e+02   4.570692e-01  -4.000000e+02
  2.723786e-03   1.694012e+02   4.614127e-01  -4.000000e+02
  2.751161e-03   1.693085e+02   4.657949e-01  -4.000000e+02
  2.778811e-03   1.692149e+02   4.702161e-01  -4.000000e+02
  2.806738e-03   1.691204e+02   4.746766e-01  -4.000000e+02
  2.834946e-03   1.690250e+02   4.791768e-01  -4.000000e+02
  2.863438e-03   1.689287e+02   4.837169e-01  -4.000000e+02
  2.892216e-03   1.688315e+02   4.882972e-01  -4.000000e+02
  2.921283e-03   1.687334e+02   4.929180e-01  -4.000000e+02
  2.950643e-03   1.686343e+02   4.975797e-01  -4.000000e+02
  2.980297e-03   1.685344e+02   5.022825e-01  -4.000000e+02
  3.010250e-03   1.684334e+02   5.070267e-01  -4.000000e+02
  3.040503e-03   1.683315e+02   5.118126e-01  -4.000000e+02
  3.071061e-03   1.682287e+02   5.166406e-01  -4.000000e+02
  3.101925e-03   1.681249e+02   5.215109e-01  -4.000000e+02
  3.133100e-03   1.680201e+02   5.264238e-01  -4.000000e+02
  3.164588e-03   1.679143e+02   5.313797e-01  -4.000000e+02
  3.196393e-03   1.678075e+02   5.363789e-01  -4.000000e+02
  3.228517e-03   1.676998e+02   5.414216e-01  -4.000000e+02
  3.260964e-03   1.675910e+02   5.465082e-01  -4.000000e+02
  3.293738e-03   1.674812e+02   5.516390e-01  -4.000000e+02
  3.326840e-03   1.673703e+02   5.568143e-01  -4.000000e+02
  3.360276e-03   1.672584e+02   5.620344e-01  -4.000000e+02
  3.394047e-03   1.671455e+02   5.672997e-01  -4.000000e+02
  3.428158e-03   1.670315e+02   5.726103e-01  -4.000000e+02
  3.462611e-03   1.669164e+02   5.779668e-01  -4.000000e+02
  3.497411e-03   1.668003e+02   5.833693e-01  -4.000000e+02
  3.532561e-03   1.666831e+02   5.888181e-01  -4.000000e+02
  3.568063e-03   1.665648e+02   5.943137e-01  -4.000000e+02
  3.603923e-03   1.664454e+02   5.998563e-01  -4.000000e+02
  3.640143e-03   1.663248e+02   6.054462e-01  -4.000000e+02
  3.676727e-03   1.662032e+02   6.110838e-01  -4.000000e+02
  3.713679e-03   1.660804e+02   6.167693e-01  -4.000000e+02
  3.751002e-03   1.659565e+02   6.225031e-01  -4.000000e+02
  3.788700e-03   1.658314e+02   6.282854e-01  -4.000000e+02
  3.826777e-03   1.657052e+02   6.341167e-01  -4.000000e+02
  3.865237e-03   1.655777e+02   6.399972e-01  -4.000000e+02
  3.904083e-03   1.654492e+02   6.459273e-01  -4.000000e+02
  3.943320e-03   1.653194e+02   6.519072e-01  -4.000000e+02
  3.982951e-03   1.651884e+02   6.579373e-01  -4.000000e+02
  4.022980e-03   1.650562e+02   6.640178e-01  -4.000000e+02
  4.063412e-03   1.649228e+02   6.701492e-01  -4.000000e+02
  4.104250e-03   1.647881e+02   6.763317e-01  -4.000000e+02
  4.145498e-03   1.646522e+02   6.825656e-01  -4.000000e+02
  4.187161e-03   1.645151e+02   6.888513e-01  -4.000000e+02
  4.229243e-03   1.643767e+02   6.951890e-01  -4.000000e+02
  4.271748e-03   1.642370e+02   7.015791e-01  -4.000000e+02
  4.314679e-03   1.640961e+02   7.080219e-01  -4.000000e+02
  4.358043e-03   1.639538e+02   7.145177e-01  -4.000000e+02
  4.401842e-03   1.638103e+02   7.210668e-01  -4.000000e+02
  4.446081e-03   1.636654e+02   7.276695e-01  -4.000000e+02
  4.490765e-03   1.635192e+02   7.343262e-01  -4.000000e+02
  4.535898e-03   1.633716e+02   7.410371e-01  -4.000000e+02
  4.581484e-03   1.632228e+02   7.478025e-01  -4.000000e+02
  4.627529e-03   1.630725e+02   7.546228e-01  -4.000000e+02
  4.674036e-03   1.629209e+02   7.614982e-01  -4.000000e+02
  4.721011e-03   1.627679e+02   7.684292e-01  -4.000000e+02
  4.768458e-03   1.626135e+02   7.754158e-01  -4.000000e+02
  4.816382e-03   1.624577e+02   7.824586e-01  -4.000000e+02
  4.864787e-03   1.623005e+02   7.895576e-01  -4.000000e+02
  4.913679e-03   1.621419e+02   7.967134e-01  -4.000000e+02
  4.963063e-03   1.619819e+02   8.039261e-01  -4.000000e+02
  5.012942e-03   1.618203e+02   8.111960e-01  -4.000000e+02
  5.063323e-03   1.616574e+02   8.185235e-01  -4.000000e+02
  5.114210e-03   1.614929e+02   8.259088e-01  -4.000000e+02
  5.165609e-03   1.613270e+02   8.333522e-01  -4.000000e+02
  5.217524e-03   1.611596e+02   8.408541e-01  -4.000000e+02
  5.269961e-03   1.609907e+02   8.484145e-01  -4.000000e+02
  5.322925e-03   1.608202e+02   8.560340e-01  -4.000000e+02
  5.376422e-03   1.606482e+02   8.637127e-01  -4.000000e+02
  5.430455e-03   1.604747e+02   8.714509e-01  -4.000000e+02
  5.485032e-03   1.602997e+02   8.792488e-01  -4.000000e+02
  5.540158e-03   1.601230e+02   8.871069e-01  -4.000000e+02
  5.595837e-03   1.599448e+02   8.950252e-01  -4.000000e+02
  5.652077e-03   1.597650e+02   9.030041e-01  -4.000000e+02
  5.708881e-03   1.595836e+02   9.110438e-01  -4.000000e+02
  5.766256e-03   1.594006e+02   9.191446e-01  -4.000000e+02
  5.824208e-03   1.592159e+02   9.273068e-01  -4.000000e+02
  5.882742e-03   1.590297e+02   9.355305e-01  -4.000000e+02
  5.941865e-03   1.588417e+02   9.438161e-01  -4.000000e+02
  6.001581e-03   1.586521e+02   9.521637e-01  -4.000000e+02
  6.061898e-03   1.584609e+02   9.605736e-01  -4.000000e+02
  6.122821e-03   1.582679e+02   9.690461e-01  -4.000000e+02
  6.184357e-03   1.580732e+02   9.775813e-01  -4.000000e+02
  6.246511e-03   1.578769e+02   9.861795e-01  -4.000000e+02
  6.309289e-03   1.576788e+02   9.948409e-01  -4.000000e+02
  6.372698e-03   1.574789e+02   1.003566e+00  -4.000000e+02
  6.436745e-03   1.572773e+02   1.012354e+00  -4.000000e+02
  6.501436e-03   1.570740e+02   1.021206e+00  -4.000000e+02
  6.566776e-03   1.568688e+02   1.030123e+00  -4.000000e+02
  6.632773e-03   1.566619e+02   1.039103e+00  -4.000000e+02
  6.699434e-03   1.564532e+02   1.048148e+00  -4.000000e+02
  6.766764e-03   1.562427e+02   1.057257e+00  -4.000000e+02
  6.834771e-03   1.560303e+02   1.066431e+00  -4.000000e+02
  6.903462e-03   1.558161e+02   1.075670e+00  -4.000000e+02
  6.972843e-03   1.556000e+02   1.084974e+00  -4.000000e+02
  7.042921e-03   1.553821e+02   1.094344e+00  -4.000000e+02
  7.113704e-03   1.551623e+02   1.103778e+00  -4.000000e+02
  7.185197e-03   1.549406e+02   1.113279e+00  -4.000000e+02
  7.257410e-03   1.547170e+02   1.122844e+00  -4.000000e+02
  7.330348e-03   1.544914e+02   1.132476e+00  -4.000000e+02
  7.404019e-03   1.542640e+02   1.142173e+00  -4.000000e+02
  7.478431e-03   1.540346e+02   1.151937e+00  -4.000000e+02
  7.553590e-03   1.538032e+02   1.161766e+00  -4.000000e+02
  7.629505e-03   1.535698e+02   1.171662e+00  -4.000000e+02
  7.706183e-03   1.533345e+02   1.181624e+00  -4.000000e+02
  7.783632e-03   1.530972e+02   1.191652e+00  -4.000000e+02
  7.861858e-03   1.528579e+02   1.201747e+00  -4.000000e+02
  7.940871e-03   1.526165e+02   1.211908e+00  -4.000000e+02
  8.020678e-03   1.523731e+02   1.222136e+00  -4.000000e+02
  8.101288e-03   1.521276e+02   1.232430e+00  -4.000000e+02
  8.182707e-03   1.518801e+02   1.242790e+00  -4.000000e+02
  8.264944e-03   1.516305e+02   1.253218e+00  -4.000000e+02
  8.348008e-03   1.513788e+02   1.263712e+00  -4.000000e+02
  8.431907e-03   1.511250e+02   1.274272e+00  -4.000000e+02
  8.516649e-03   1.508691e+02   1.284899e+00  -4.000000e+02
  8.602243e-03   1.506111e+02   1.295593e+00  -4.000000e+02
  8.688697e-03   1.503509e+02   1.306353e+00  -4.000000e+02
  8.776020e-03   1.500885e+02   1.317180e+00  -4.000000e+02
  8.864220e-03   1.498240e+02   1.328073e+00  -4.000000e+02
  8.953307e-03   1.495573e+02   1.339032e+00  -4.000000e+02
  9.043290e-03   1.492884e+02   1.350058e+00  -4.000000e+02
  9.134176e-03   1.490172e+02   1.361150e+00  -4.000000e+02
  9.225976e-03   1.487439e+02   1.372308e+00  -4.000000e+02
  9.318699e-03   1.484683e+02   1.383532e+00  -4.000000e+02
  9.412353e-03   1.481905e+02   1.394821e+00  -4.000000e+02
  9.506949e-03   1.479104e+02   1.406177e+00  -4.000000e+02
  9.602495e-03   1.476280e+02   1.417597e+00  -4.000000e+02
  9.699002e-03   1.473433e+02   1.429083e+00  -4.000000e+02
  9.796479e-03   1.470564e+02   1.440635e+00  -4.000000e+02
  9.894935e-03   1.467671e+02   1.452251e+00  -4.000000e+02
  9.994381e-03   1.464755e+02   1.463932e+00  -4.000000e+02
  1.009483e-02   1.461815e+02   1.475677e+00  -4.000000e+02
  1.019628e-02   1.458852e+02   1.487486e+00  -4.000000e+02
  1.029875e-02   1.455865e+02   1.499360e+00  -4.000000e+02
  1.040226e-02   1.452854e+02   1.511297e+00  -4.000000e+02
  1.050680e-02   1.449820e+02   1.523297e+00  -4.000000e+02
  1.061240e-02   1.446761e+02   1.535361e+00  -4.000000e+02
  1.071906e-02   1.443678e+02   1.547487e+00  -4.000000e+02
  1.082678e-02   1.440571e+02   1.559675e+00  -4.000000e+02
  1.093559e-02   1.437440e+02   1.571926e+00  -4.000000e+02
  1.104550e-02   1.434284e+02   1.584238e+00  -4.000000e+02
  1.115651e-02   1.431103e+02   1.596611e+00  -4.000000e+02
  1.126863e-02   1.427897e+02   1.609045e+00  -4.000000e+02
  1.138188e-02   1.424666e+02   1.621539e+00  -4.000000e+02
  1.149627e-02   1.421411e+02   1.634093e+00  -4.000000e+02
  1.161181e-02   1.418130e+02   1.646706e+00  -4.000000e+02
  1.172851e-02   1.414824e+02   1.659378e+00  -4.000000e+02
  1.184639e-02   1.411492e+02   1.672109e+00  -4.000000e+02
  1.196545e-02   1.408135e+02   1.684897e+00  -4.000000e+02
  1.208570e-02   1.404753e+02   1.697742e+00  -4.000000e+02
  1.220716e-02   1.401344e+02   1.710644e+00  -4.000000e+02
  1.232985e-02   1.397910e+02   1.723602e+00  -4.000000e+02
  1.245377e-02   1.394450e+02   1.736615e+00  -4.000000e+02
  1.257893e-02   1.390964e+02   1.749683e+00  -4.000000e+02
  1.270535e-02   1.387451e+02   1.762805e+00  -4.000000e+02
  1.283304e-02   1.383912e+02   1.775980e+00  -4.000000e+02
  1.296201e-02   1.380347e+02   1.789208e+00  -4.000000e+02
  1.309228e-02   1.376756e+02   1.802487e+00  -4.000000e+02
  1.322386e-02   1.373137e+02   1.815818e+00  -4.000000e+02
  1.335677e-02   1.369492e+02   1.829199e+00  -4.000000e+02
  1.349100e-02   1.365821e+02   1.842629e+00  -4.000000e+02
  1.362659e-02   1.362122e+02   1.856107e+00  -4.000000e+02
  1.376354e-02   1.358396e+02   1.869634e+00  -4.000000e+02
  1.390187e-02   1.354643e+02   1.883207e+00  -4.000000e+02
  1.404158e-02   1.350863e+02   1.896825e+00  -4.000000e+02
  1.418270e-02   1.347056e+02   1.910489e+00  -4.000000e+02
  1.432524e-02   1.343221e+02   1.924197e+00  -4.000000e+02
  1.446921e-02   1.339359e+02   1.937947e+00  -4.000000e+02
  1.461463e-02   1.335469e+02   1.951739e+00  -4.000000e+02
  1.476151e-02   1.331552e+02   1.965572e+00  -4.000000e+02
  1.490986e-02   1.327607e+02   1.979444e+00  -4.000000e+02
  1.505971e-02   1.323634e+02   1.993355e+00  -4.000000e+02
  1.521106e-02   1.319634e+02   2.007303e+00  -4.000000e+02
  1.536394e-02   1.315605e+02   2.021287e+00  -4.000000e+02
  1.551835e-02   1.311548e+02   2.035306e+00  -4.000000e+02
  1.567431e-02   1.307464e+02   2.049359e+00  -4.000000e+02
  1.583184e-02   1.303351e+02   2.063444e+00  -4.000000e+02
  1.599095e-02   1.299210e+02   2.077560e+00  -4.000000e+02
  1.615166e-02   1.295041e+02   2.091706e+00  -4.000000e+02
  1.631399e-02   1.290843e+02   2.105880e+00  -4.000000e+02
  1.647795e-02   1.286617e+02   2.120081e+00  -4.000000e+02
  1.664355e-02   1.282363e+02   2.134307e+00  -4.000000e+02
  1.681082e-02   1.278080e+02   2.148558e+00  -4.000000e+02
  1.697978e-02   1.273769e+02   2.162831e+00  -4.000000e+02
  1.715043e-02   1.269429e+02   2.177124e+00  -4.000000e+02
  1.732279e-02   1.265060e+02   2.191437e+00  -4.000000e+02
  1.749689e-02   1.260663e+02   2.205768e+00  -4.000000e+02
  1.767273e-02   1.256237e+02   2.220114e+00  -4.000000e+02
  1.785035e-02   1.251782e+02   2.234475e+00  -4.000000e+02
  1.802975e-02   1.247299e+02   2.248849e+00  -4.000000e+02
  1.821095e-02   1.242787e+02   2.263233e+00  -4.000000e+02
  1.839397e-02   1.238246e+02   2.277626e+00  -4.000000e+02
  1.857883e-02   1.233676e+02   2.292027e+00  -4.000000e+02
  1.876555e-02   1.229078e+02   2.306433e+00  -4.000000e+02
  1.895415e-02   1.224451e+02   2.320843e+00  -4.000000e+02
  1.914464e-02   1.219795e+02   2.335253e+00  -4.000000e+02
  1.933705e-02   1.215110e+02   2.349664e+00  -4.000000e+02
  1.953139e-02   1.210396e+02   2.364072e+00  -4.000000e+02
  1.972769e-02   1.205653e+02   2.378475e+00  -4.000000e+02
  1.992595e-02   1.200882e+02   2.392872e+00  -4.000000e+02
  2.012621e-02   1.196082e+02   2.407260e+00  -4.000000e+02
  2.032848e-02   1.191253e+02   2.421637e+00  -4.000000e+02
  2.053279e-02   1.186395e+02   2.436001e+00  -4.000000e+02
  2.073915e-02   1.181509e+02   2.450349e+00  -4.000000e+02
  2.094758e-02   1.176594e+02   2.464679e+00  -4.000000e+02
  2.115810e-02   1.171650e+02   2.478990e+00  -4.000000e+02
  2.137075e-02   1.166678e+02   2.493278e+00  -4.000000e+02
  2.158553e-02   1.161677e+02   2.507542e+00  -4.000000e+02
  2.180246e-02   1.156648e+02   2.521778e+00  -4.000000e+02
  2.202158e-02   1.151590e+02   2.535984e+00  -4.000000e+02
  2.224290e-02   1.146504e+02   2.550158e+00  -4.000000e+02
  2.246645e-02   1.141390e+02   2.564297e+00  -4.000000e+02
  2.269224e-02   1.136247e+02   2.578399e+00  -4.000000e+02
  2.292030e-02   1.131076e+02   2.592460e+00  -4.000000e+02
  2.315065e-02   1.125877e+02   2.606479e+00  -4.000000e+02
  2.338332e-02   1.120650e+02   2.620452e+00  -4.000000e+02
  2.361833e-02   1.115395e+02   2.634377e+00  -4.000000e+02
  2.385570e-02   1.110113e+02   2.648251e+00  -4.000000e+02
  2.409545e-02   1.104802e+02   2.662071e+00  -4.000000e+02
  2.433761e-02   1.099464e+02   2.675834e+00  -4.000000e+02
  2.458221e-02   1.094099e+02   2.689537e+00  -4.000000e+02
  2.482927e-02   1.088706e+02   2.703178e+00  -4.000000e+02
  2.507880e-02   1.083286e+02   2.716753e+00  -4.000000e+02
  2.533085e-02   1.077839e+02   2.730259e+00  -4.000000e+02
  2.558543e-02   1.072365e+02   2.743693e+00  -4.000000e+02
  2.584257e-02   1.066865e+02   2.757052e+00  -4.000000e+02
  2.610229e-02   1.061337e+02   2.770333e+00  -4.000000e+02
  2.636462e-02   1.055783e+02   2.783533e+00  -4.000000e+02
  2.662959e-02   1.050203e+02   2.796648e+00  -4.000000e+02
  2.689722e-02   1.044597e+02   2.809675e+00  -4.000000e+02
  2.716754e-02   1.038964e+02   2.822611e+00  -4.000000e+02
  2.744058e-02   1.033306e+02   2.835453e+00  -4.000000e+02
  2.771636e-02   1.027623e+02   2.848197e+00  -4.000000e+02
  2.799492e-02   1.021914e+02   2.860839e+00  -4.000000e+02
  2.827627e-02   1.016179e+02   2.873377e+00  -4.000000e+02
  2.856045e-02   1.010420e+02   2.885806e+00  -4.000000e+02
  2.884749e-02   1.004636e+02   2.898124e+00  -4.000000e+02
  2.913741e-02   9.988278e+01   2.910326e+00  -4.000000e+02
  2.943025e-02   9.929951e+01   2.922409e+00  -4.000000e+02
  2.972603e-02   9.871383e+01   2.934370e+00  -4.000000e+02
  3.002478e-02   9.812577e+01   2.946205e+00  -4.000000e+02
  3.032653e-02   9.753536e+01   2.957909e+00  -4.000000e+02
  3.063132e-02   9.694261e+01   2.969480e+00  -4.000000e+02
  3.093917e-02   9.634757e+01   2.980914e+00  -4.000000e+02
  3.125011e-02   9.575026e+01   2.992206e+00  -4.000000e+02
  3.156418e-02   9.515070e+01   3.003354e+00  -4.000000e+02
  3.188141e-02   9.454893e+01   3.014353e+00  -4.000000e+02
  3.220182e-02   9.394497e+01   3.025199e+00  -4.000000e+02
  3.252545e-02   9.333886e+01   3.035889e+00  -4.000000e+02
  3.285234e-02   9.273062e+01   3.046418e+00  -4.000000e+02
  3.318251e-02   9.212030e+01   3.056783e+00  -4.000000e+02
  3.351600e-02   9.150792e+01   3.066980e+00  -4.000000e+02
  3.385284e-02   9.089352e+01   3.077004e+00  -4.000000e+02
  3.419307e-02   9.027713e+01   3.086852e+00  -4.000000e+02
  3.453672e-02   8.965879e+01   3.096520e+00  -4.000000e+02
  3.488382e-02   8.903854e+01   3.106004e+00  -4.000000e+02
  3.523440e-02   8.841640e+01   3.115299e+00  -4.000000e+02
  3.558852e-02   8.779243e+01   3.124402e+00  -4.000000e+02
  3.594619e-02   8.716665e+01   3.133309e+00  -4.000000e+02
  3.630745e-02   8.653912e+01   3.142015e+00  -4.000000e+02
  3.667235e-02   8.590986e+01   3.150516e+00  -4.000000e+02
  3.704091e-02   8.527893e+01   3.158809e+00  -4.000000e+02
  3.741318e-02   8.464635e+01   3.166889e+00  -4.000000e+02
  3.778919e-02   8.401219e+01   3.174752e+00  -4.000000e+02
  3.816897e-02   8.337647e+01   3.182394e+00  -4.000000e+02
  3.855258e-02   8.273924e+01   3.189811e+00  -4.000000e+02
  3.894004e-02   8.210056e+01   3.196999e+00  -4.000000e+02
  3.933139e-02   8.146046e+01   3.203953e+00  -4.000000e+02
  3.972668e-02   8.081899e+01   3.210670e+00  -4.000000e+02
  4.012594e-02   8.017621e+01   3.217146e+00  -4.000000e+02
  4.052921e-02   7.953215e+01   3.223375e+00  -4.000000e+02
  4.093654e-02   7.888687e+01   3.229355e+00  -4.000000e+02
  4.134796e-02   7.824042e+01   3.235082e+00  -4.000000e+02
  4.176351e-02   7.759286e+01   3.240550e+00  -4.000000e+02
  4.218324e-02   7.694422e+01   3.245757e+00  -4.000000e+02
  4.260719e-02   7.629457e+01   3.250697e+00  -4.000000e+02
  4.303540e-02   7.564396e+01   3.255368e+00  -4.000000e+02
  4.346791e-02   7.499244e+01   3.259765e+00  -4.000000e+02
  4.390477e-02   7.434007e+01   3.263884e+00  -4.000000e+02
  4.434602e-02   7.368691e+01   3.267721e+00  -4.000000e+02
  4.479171e-02   7.303300e+01   3.271273e+00  -4.000000e+02
  4.524187e-02   7.237842e+01   3.274535e+00  -4.000000e+02
  4.569656e-02   7.172321e+01   3.277504e+00  -4.000000e+02
  4.615582e-02   7.106744e+01   3.280176e+00  -4.000000e+02
  4.661969e-02   7.041116e+01   3.282547e+00  -4.000000e+02
  4.708823e-02   6.975444e+01   3.284613e+00  -4.000000e+02
  4.756147e-02   6.909734e+01   3.286371e+00  -4.000000e+02
  4.803947e-02   6.843991e+01   3.287817e+00  -4.000000e+02
  4.852228e-02   6.778223e+01   3.288948e+00  -4.000000e+02
  4.900993e-02   6.712435e+01   3.289760e+00  -4.000000e+02
  4.950249e-02   6.646635e+01   3.290250e+00  -4.000000e+02
  5.000000e-02   6.580828e+01   3.290414e+00  -4.000000e+02
  5.050251e-02   6.515020e+01   3.290249e+00  -4.000000e+02
  5.101007e-02   6.449220e+01   3.289751e+00  -4.000000e+02
  5.152273e-02   6.383433e+01   3.288918e+00  -4.000000e+02
  5.204054e-02   6.317665e+01   3.287747e+00  -4.000000e+02
  5.256355e-02   6.251925e+01   3.286234e+00  -4.000000e+02
  5.309183e-02   6.186218e+01   3.284376e+00  -4.000000e+02
  5.362541e-02   6.120552e+01   3.282171e+00  -4.000000e+02
  5.416435e-02   6.054934e+01   3.279616e+00  -4.000000e+02
  5.470871e-02   5.989370e+01   3.276707e+00  -4.000000e+02
  5.525855e-02   5.923868e+01   3.273443e+00  -4.000000e+02
  5.581390e-02   5.858435e+01   3.269821e+00  -4.000000e+02
  5.637484e-02   5.793077e+01   3.265838e+00  -4.000000e+02
  5.694142e-02   5.727803e+01   3.261493e+00  -4.000000e+02
  5.751369e-02   5.662620e+01   3.256782e+00  -4.000000e+02
  5.809171e-02   5.597535e+01   3.251704e+00  -4.000000e+02
  5.867554e-02   5.532554e+01   3.246256e+00  -4.000000e+02
  5.926524e-02   5.467687e+01   3.240438e+00  -4.000000e+02
  5.986087e-02   5.402939e+01   3.234246e+00  -4.000000e+02
  6.046248e-02   5.338319e+01   3.227680e+00  -4.000000e+02
  6.107014e-02   5.273835e+01   3.220738e+00  -4.000000e+02
  6.168390e-02   5.209492e+01   3.213418e+00  -4.000000e+02
  6.230384e-02   5.145300e+01   3.205720e+00  -4.000000e+02
  6.293000e-02   5.081266e+01   3.197641e+00  -4.000000e+02
  6.356246e-02   5.017397e+01   3.189181e+00  -4.000000e+02
  6.420127e-02   4.953702e+01   3.180339e+00  -4.000000e+02
  6.484650e-02   4.890186e+01   3.171115e+00  -4.000000e+02
  6.549822e-02   4.826859e+01   3.161507e+00  -4.000000e+02
  6.615649e-02   4.763729e+01   3.151516e+00  -4.000000e+02
  6.682137e-02   4.700801e+01   3.141140e+00  -4.000000e+02
  6.749294e-02   4.638086e+01   3.130380e+00  -4.000000e+02
  6.817126e-02   4.575589e+01   3.119236e+00  -4.000000e+02
  6.885639e-02   4.513319e+01   3.107708e+00  -4.000000e+02
  6.954841e-02   4.451283e+01   3.095796e+00  -4.000000e+02
  7.024738e-02   4.389489e+01   3.083501e+00  -4.000000e+02
  7.095338e-02   4.327946e+01   3.070824e+00  -4.000000e+02
  7.166647e-02   4.266659e+01   3.057764e+00  -4.000000e+02
  7.238673e-02   4.205637e+01   3.044323e+00  -4.000000e+02
  7.311423e-02   4.144889e+01   3.030503e+00  -4.000000e+02
  7.384904e-02   4.084420e+01   3.016305e+00  -4.000000e+02
  7.459123e-02   4.024239e+01   3.001729e+00  -4.000000e+02
  7.534089e-02   3.964353e+01   2.986779e+00  -4.000000e+02
  7.609808e-02   3.904770e+01   2.971455e+00  -4.000000e+02
  7.686288e-02   3.845497e+01   2.955760e+00  -4.000000e+02
  7.763536e-02   3.786542e+01   2.939696e+00  -4.000000e+02
  7.841561e-02   3.727912e+01   2.923265e+00  -4.000000e+02
  7.920370e-02   3.669614e+01   2.906470e+00  -4.000000e+02
  7.999971e-02   3.611656e+01   2.889314e+00  -4.000000e+02
  8.080372e-02   3.554044e+01   2.871800e+00  -4.000000e+02
  8.161581e-02   3.496786e+01   2.853930e+00  -4.000000e+02
  8.243606e-02   3.439889e+01   2.835709e+00  -4.000000e+02
  8.326456e-02   3.383360e+01   2.817140e+00  -4.000000e+02
  8.410138e-02   3.327206e+01   2.798226e+00  -4.000000e+02
  8.494662e-02   3.271433e+01   2.778972e+00  -4.000000e+02
  8.580034e-02   3.216049e+01   2.759381e+00  -4.000000e+02
  8.666265e-02   3.161060e+01   2.739459e+00  -4.000000e+02
  8.753363e-02   3.106473e+01   2.719208e+00  -4.000000e+02
  8.841335e-02   3.052294e+01   2.698635e+00  -4.000000e+02
  8.930192e-02   2.998530e+01   2.677745e+00  -4.000000e+02
  9.019942e-02   2.945186e+01   2.656541e+00  -4.000000e+02
  9.110594e-02   2.892270e+01   2.635030e+00  -4.000000e+02
  9.202157e-02   2.839787e+01   2.613217e+00  -4.000000e+02
  9.294640e-02   2.787743e+01   2.591107e+00  -4.000000e+02
  9.388053e-02   2.736145e+01   2.568707e+00  -4.000000e+02
  9.482404e-02   2.684997e+01   2.546023e+00  -4.000000e+02
  9.577704e-02   2.634306e+01   2.523060e+00  -4.000000e+02
  9.673962e-02   2.584076e+01   2.499826e+00  -4.000000e+02
  9.771187e-02   2.534314e+01   2.476326e+00  -4.000000e+02
  9.869389e-02   2.485025e+01   2.452568e+00  -4.000000e+02
  9.968578e-02   2.436213e+01   2.428558e+00  -4.000000e+02
  1.006876e-01   2.387884e+01   2.404304e+00  -4.000000e+02
  1.016996e-01   2.340043e+01   2.379813e+00  -4.000000e+02
  1.027217e-01   2.292693e+01   2.355093e+00  -4.000000e+02
  1.037540e-01   2.245841e+01   2.330150e+00  -4.000000e+02
  1.047968e-01   2.199489e+01   2.304993e+00  -4.000000e+02
  1.058500e-01   2.153642e+01   2.279630e+00  -4.000000e+02
  1.069138e-01   2.108305e+01   2.254069e+00  -4.000000e+02
  1.079883e-01   2.063481e+01   2.228318e+00  -4.000000e+02
  1.090736e-01   2.019173e+01   2.202385e+00  -4.000000e+02
  1.101698e-01   1.975386e+01   2.176280e+00  -4.000000e+02
  1.112770e-01   1.932123e+01   2.150010e+00  -4.000000e+02
  1.123954e-01   1.889387e+01   2.123584e+00  -4.000000e+02
  1.135250e-01   1.847181e+01   2.097012e+00  -4.000000e+02
  1.146659e-01   1.805508e+01   2.070302e+00  -4.000000e+02
  1.158183e-01   1.764370e+01   2.043464e+00  -4.000000e+02
  1.169823e-01   1.723770e+01   2.016506e+00  -4.000000e+02
  1.181580e-01   1.683710e+01   1.989439e+00  -4.000000e+02
  1.193455e-01   1.644193e+01   1.962271e+00  -4.000000e+02
  1.205450e-01   1.605220e+01   1.935012e+00  -4.000000e+02
  1.217565e-01   1.566793e+01   1.907672e+00  -4.000000e+02
  1.229802e-01   1.528914e+01   1.880260e+00  -4.000000e+02
  1.242161e-01   1.491583e+01   1.852787e+00  -4.000000e+02
  1.254645e-01   1.454802e+01   1.825261e+00  -4.000000e+02
  1.267255e-01   1.418573e+01   1.797693e+00  -4.000000e+02
  1.279991e-01   1.382895e+01   1.770093e+00  -4.000000e+02
  1.292855e-01   1.347769e+01   1.742470e+00  -4.000000e+02
  1.305848e-01   1.313196e+01   1.714835e+00  -4.000000e+02
  1.318972e-01   1.279176e+01   1.687197e+00  -4.000000e+02
  1.332228e-01   1.245708e+01   1.659568e+00  -4.000000e+02
  1.345617e-01   1.212793e+01   1.631955e+00  -4.000000e+02
  1.359141e-01   1.180430e+01   1.604371e+00  -4.000000e+02
  1.372801e-01   1.148618e+01   1.576823e+00  -4.000000e+02
  1.386597e-01   1.117357e+01   1.549324e+00  -4.000000e+02
  1.400533e-01   1.086645e+01   1.521882e+00  -4.000000e+02
  1.414609e-01   1.056481e+01   1.494507e+00  -4.000000e+02
  1.428826e-01   1.026864e+01   1.467209e+00  -4.000000e+02
  1.443185e-01   9.977919e+00   1.439999e+00  -4.000000e+02
  1.457690e-01   9.692633e+00   1.412885e+00  -4.000000e+02
  1.472340e-01   9.412758e+00   1.385878e+00  -4.000000e+02
  1.487137e-01   9.138274e+00   1.358987e+00  -4.000000e+02
  1.502083e-01   8.869155e+00   1.332221e+00  -4.000000e+02
  1.517179e-01   8.605377e+00   1.305590e+00  -4.000000e+02
  1.532427e-01   8.346910e+00   1.279103e+00  -4.000000e+02
  1.547828e-01   8.093725e+00   1.252770e+00  -4.000000e+02
  1.563384e-01   7.845791e+00   1.226599e+00  -4.000000e+02
  1.579096e-01   7.603074e+00   1.200599e+00  -4.000000e+02
  1.594967e-01   7.365540e+00   1.174779e+00  -4.000000e+02
  1.610996e-01   7.133150e+00   1.149148e+00  -4.000000e+02
  1.627187e-01   6.905867e+00   1.123714e+00  -4.000000e+02
  1.643541e-01   6.683651e+00   1.098485e+00  -4.000000e+02
  1.660058e-01   6.466459e+00   1.073470e+00  -4.000000e+02
  1.676742e-01   6.254248e+00   1.048676e+00  -4.000000e+02
  1.693594e-01   6.046973e+00   1.024112e+00  -4.000000e+02
  1.710615e-01   5.844588e+00   9.997838e-01  -4.000000e+02
  1.727807e-01   5.647043e+00   9.757000e-01  -4.000000e+02
  1.745171e-01   5.454291e+00   9.518673e-01  -4.000000e+02
  1.762711e-01   5.266279e+00   9.282927e-01  -4.000000e+02
  1.780426e-01   5.082956e+00   9.049829e-01  -4.000000e+02
  1.798320e-01   4.904268e+00   8.819443e-01  -4.000000e+02
  1.816393e-01   4.730160e+00   8.591831e-01  -4.000000e+02
  1.834648e-01   4.560576e+00   8.367053e-01  -4.000000e+02
  1.853087e-01   4.395459e+00   8.145167e-01  -4.000000e+02
  1.871711e-01   4.234750e+00   7.926226e-01  -4.000000e+02
  1.890522e-01   4.078390e+00   7.710284e-01  -4.000000e+02
  1.909522e-01   3.926318e+00   7.497390e-01  -4.000000e+02
  1.928713e-01   3.778473e+00   7.287590e-01  -4.000000e+02
  1.948097e-01   3.634793e+00   7.080929e-01  -4.000000e+02
  1.967675e-01   3.495215e+00   6.877448e-01  -4.000000e+02
  1.987451e-01   3.359674e+00   6.677187e-01  -4.000000e+02
  2.007425e-01   3.228106e+00   6.480180e-01  -4.000000e+02
  2.027600e-01   3.100445e+00   6.286462e-01  -4.000000e+02
  2.047978e-01   2.976625e+00   6.096062e-01  -4.000000e+02
  2.068560e-01   2.856580e+00   5.909008e-01  -4.000000e+02
  2.089350e-01   2.740242e+00   5.725324e-01  -4.000000e+02
  2.110348e-01   2.627545e+00   5.545033e-01  -4.000000e+02
  2.131557e-01   2.518418e+00   5.368153e-01  -4.000000e+02
  2.152980e-01   2.412796e+00   5.194700e-01  -4.000000e+02
  2.174618e-01   2.310607e+00   5.024688e-01  -4.000000e+02
  2.196473e-01   2.211785e+00   4.858126e-01  -4.000000e+02
  2.218548e-01   2.116259e+00   4.695022e-01  -4.000000e+02
  2.240845e-01   2.023961e+00   4.535382e-01  -4.000000e+02
  2.263365e-01   1.934821e+00   4.379207e-01  -4.000000e+02
  2.286113e-01   1.848770e+00   4.226496e-01  -4.000000e+02
  2.309088e-01   1.765738e+00   4.077245e-01  -4.000000e+02
  2.332295e-01   1.685657e+00   3.931449e-01  -4.000000e+02
  2.355735e-01   1.608457e+00   3.789099e-01  -4.000000e+02
  2.379411e-01   1.534070e+00   3.650182e-01  -4.000000e+02
  2.403324e-01   1.462427e+00   3.514686e-01  -4.000000e+02
  2.427478e-01   1.393460e+00   3.382593e-01  -4.000000e+02
  2.451874e-01   1.327101e+00   3.253884e-01  -4.000000e+02
  2.476516e-01   1.263282e+00   3.128539e-01  -4.000000e+02
  2.501406e-01   1.201937e+00   3.006532e-01  -4.000000e+02
  2.526545e-01   1.142999e+00   2.887838e-01  -4.000000e+02
  2.551937e-01   1.086402e+00   2.772429e-01  -4.000000e+02
  2.577585e-01   1.032080e+00   2.660273e-01  -4.000000e+02
  2.603490e-01   9.799691e-01   2.551340e-01  -4.000000e+02
  2.629655e-01   9.300051e-01   2.445593e-01  -4.000000e+02
  2.656084e-01   8.821244e-01   2.342996e-01  -4.000000e+02
  2.682778e-01   8.362645e-01   2.243512e-01  -4.000000e+02
  2.709740e-01   7.923634e-01   2.147099e-01  -4.000000e+02
  2.736974e-01   7.503603e-01   2.053716e-01  -4.000000e+02
  2.764481e-01   7.101949e-01   1.963320e-01  -4.000000e+02
  2.792264e-01   6.718079e-01   1.875865e-01  -4.000000e+02
  2.820327e-01   6.351410e-01   1.791305e-01  -4.000000e+02
  2.848672e-01   6.001367e-01   1.709592e-01  -4.000000e+02
  2.877301e-01   5.667386e-01   1.630678e-01  -4.000000e+02
  2.906219e-01   5.348913e-01   1.554511e-01  -4.000000e+02
  2.935427e-01   5.045402e-01   1.481041e-01  -4.000000e+02
  2.964928e-01   4.756320e-01   1.410215e-01  -4.000000e+02
  2.994726e-01   4.481143e-01   1.341980e-01  -4.000000e+02
  3.024824e-01   4.219359e-01   1.276282e-01  -4.000000e+02
  3.055224e-01   3.970465e-01   1.213066e-01  -4.000000e+02
  3.085929e-01   3.733971e-01   1.152277e-01  -4.000000e+02
  3.116943e-01   3.509396e-01   1.093859e-01  -4.000000e+02
  3.148269e-01   3.296273e-01   1.037755e-01  -4.000000e+02
  3.179910e-01   3.094144e-01   9.839097e-02  -4.000000e+02
  3.211868e-01   2.902562e-01   9.322648e-02  -4.000000e+02
  3.244148e-01   2.721095e-01   8.827635e-02  -4.000000e+02
  3.276752e-01   2.549318e-01   8.353484e-02  -4.000000e+02
  3.309684e-01   2.386820e-01   7.899621e-02  -4.000000e+02
  3.342947e-01   2.233202e-01   7.465475e-02  -4.000000e+02
  3.376544e-01   2.088074e-01   7.050473e-02  -4.000000e+02
  3.410479e-01   1.951059e-01   6.654046e-02  -4.000000e+02
  3.444755e-01   1.821792e-01   6.275626e-02  -4.000000e+02
  3.479375e-01   1.699917e-01   5.914651e-02  -4.000000e+02
  3.514344e-01   1.585093e-01   5.570562e-02  -4.000000e+02
  3.549664e-01   1.476986e-01   5.242804e-02  -4.000000e+02
  3.585338e-01   1.375276e-01   4.930828e-02  -4.000000e+02
  3.621371e-01   1.279651e-01   4.634093e-02  -4.000000e+02
  3.657767e-01   1.189814e-01   4.352062e-02  -4.000000e+02
  3.694528e-01   1.105474e-01   4.084206e-02  -4.000000e+02
  3.731659e-01   1.026355e-01   3.830005e-02  -4.000000e+02
  3.769162e-01   9.521866e-02   3.588946e-02  -4.000000e+02
  3.807043e-01   8.827126e-02   3.360525e-02  -4.000000e+02
  3.845305e-01   8.176847e-02   3.144247e-02  -4.000000e+02
  3.883951e-01   7.568650e-02   2.939626e-02  -4.000000e+02
  3.922985e-01   7.000251e-02   2.746188e-02  -4.000000e+02
  3.962412e-01   6.469460e-02   2.563466e-02  -4.000000e+02
  4.002234e-01   5.974180e-02   2.391007e-02  -4.000000e+02
  4.042458e-01   5.512403e-02   2.228365e-02  -4.000000e+02
  4.083085e-01   5.082208e-02   2.075109e-02  -4.000000e+02
  4.124121e-01   4.681762e-02   1.930815e-02  -4.000000e+02
  4.165569e-01   4.309312e-02   1.795074e-02  -4.000000e+02
  4.207433e-01   3.963189e-02   1.667485e-02  -4.000000e+02
  4.249719e-01   3.641800e-02   1.547663e-02  -4.000000e+02
  4.292429e-01   3.343631e-02   1.435230e-02  -4.000000e+02
  4.335569e-01   3.067240e-02   1.329823e-02  -4.000000e+02
  4.379142e-01   2.811257e-02   1.231089e-02  -4.000000e+02
  4.423153e-01   2.574382e-02   1.138689e-02  -4.000000e+02
  4.467607e-01   2.355381e-02   1.052292e-02  -4.000000e+02
  4.512507e-01   2.153086e-02   9.715816e-03  -4.000000e+02
  4.557858e-01   1.966390e-02   8.962527e-03  -4.000000e+02
  4.603665e-01   1.794246e-02   8.260109e-03  -4.000000e+02
  4.649933e-01   1.635665e-02   7.605735e-03  -4.000000e+02
  4.696666e-01   1.489715e-02   6.996691e-03  -4.000000e+02
  4.743868e-01   1.355513e-02   6.430374e-03  -4.000000e+02
  4.791545e-01   1.232231e-02   5.904291e-03  -4.000000e+02
  4.839700e-01   1.119089e-02   5.416056e-03  -4.000000e+02
  4.888340e-01   1.015352e-02   4.963386e-03  -4.000000e+02
  4.937469e-01   9.203310e-03   4.544106e-03  -4.000000e+02
  4.987091e-01   8.333791e-03   4.156137e-03  -4.000000e+02
  5.037212e-01   7.538900e-03   3.797504e-03  -4.000000e+02
  5.087837e-01   6.812959e-03   3.466323e-03  -4.000000e+02
  5.138971e-01   6.150660e-03   3.160806e-03  -4.000000e+02
  5.190618e-01   5.547039e-03   2.879256e-03  -4.000000e+02
  5.242785e-01   4.997467e-03   2.620064e-03  -4.000000e+02
  5.295476e-01   4.497625e-03   2.381706e-03  -4.000000e+02
  5.348696e-01   4.043492e-03   2.162741e-03  -4.000000e+02
  5.402451e-01   3.631326e-03   1.961806e-03  -4.000000e+02
  5.456747e-01   3.257653e-03   1.777619e-03  -4.000000e+02
  5.511588e-01   2.919243e-03   1.608967e-03  -4.000000e+02
  5.566981e-01   2.613106e-03   1.454711e-03  -4.000000e+02
  5.622930e-01   2.336471e-03   1.313781e-03  -4.000000e+02
  5.679441e-01   2.086773e-03   1.185170e-03  -4.000000e+02
  5.736520e-01   1.861644e-03   1.067936e-03  -4.000000e+02
  5.794173e-01   1.658899e-03   9.611948e-04  -4.000000e+02
  5.852406e-01   1.476522e-03   8.641206e-04  -4.000000e+02
  5.911223e-01   1.312658e-03   7.759414e-04  -4.000000e+02
  5.970632e-01   1.165600e-03   6.959372e-04  -4.000000e+02
  6.030638e-01   1.033783e-03   6.234370e-04  -4.000000e+02
  6.091247e-01   9.157671e-04   5.578164e-04  -4.000000e+02
  6.152465e-01   8.102364e-04   4.984951e-04  -4.000000e+02
  6.214298e-01   7.159851e-04   4.449345e-04  -4.000000e+02
  6.276753e-01   6.319119e-04   3.966355e-04  -4.000000e+02
  6.339835e-01   5.570110e-04   3.531358e-04  -4.000000e+02
  6.403552e-01   4.903661e-04   3.140085e-04  -4.000000e+02
  6.467909e-01   4.311425e-04   2.788590e-04  -4.000000e+02
  6.532912e-01   3.785816e-04   2.473240e-04  -4.000000e+02
  6.598569e-01   3.319943e-04   2.190687e-04  -4.000000e+02
  6.664886e-01   2.907560e-04   1.937855e-04  -4.000000e+02
  6.731869e-01   2.543008e-04   1.711920e-04  -4.000000e+02
  6.799525e-01   2.221172e-04   1.510291e-04  -4.000000e+02
  6.867862e-01   1.937430e-04   1.330600e-04  -4.000000e+02
  6.936885e-01   1.687614e-04   1.170679e-04  -4.000000e+02
  7.006602e-01   1.467972e-04   1.028550e-04  -4.000000e+02
  7.077019e-01   1.275129e-04   9.024110e-05  -4.000000e+02
  7.148145e-01   1.106052e-04   7.906217e-05  -4.000000e+02
  7.219985e-01   9.580229e-05   6.916911e-05  -4.000000e+02
  7.292547e-01   8.286083e-05   6.042665e-05  -4.000000e+02
  7.365838e-01   7.156312e-05   5.271223e-05  -4.000000e+02
  7.439866e-01   6.171481e-05   4.591499e-05  -4.000000e+02
  7.514638e-01   5.314267e-05   3.993479e-05  -4.000000e+02
  7.590161e-01   4.569246e-05   3.468132e-05  -4.000000e+02
  7.666444e-01   3.922713e-05   3.007326e-05  -4.000000e+02
  7.743493e-01   3.362502e-05   2.603751e-05  -4.000000e+02
  7.821316e-01   2.877836e-05   2.250846e-05  -4.000000e+02
  7.899921e-01   2.459179e-05   1.942732e-05  -4.000000e+02
  7.979317e-01   2.098109e-05   1.674147e-05  -4.000000e+02
  8.059510e-01   1.787198e-05   1.440394e-05  -4.000000e+02
  8.140510e-01   1.519909e-05   1.237283e-05  -4.000000e+02
  8.222323e-01   1.290492e-05   1.061084e-05  -4.000000e+02
  8.304959e-01   1.093903e-05   9.084817e-06  -4.000000e+02
  8.388425e-01   9.257225e-06   7.765354e-06  -4.000000e+02
  8.472730e-01   7.820856e-06   6.626401e-06  -4.000000e+02
  8.557883e-01   6.596171e-06   5.644925e-06  -4.000000e+02
  8.643891e-01   5.553747e-06   4.800598e-06  -4.000000e+02
  8.730763e-01   4.667986e-06   4.075508e-06  -4.000000e+02
  8.818509e-01   3.916648e-06   3.453900e-06  -4.000000e+02
  8.907137e-01   3.280452e-06   2.921943e-06  -4.000000e+02
  8.996655e-01   2.742705e-06   2.467517e-06  -4.000000e+02
  9.087073e-01   2.288986e-06   2.080018e-06  -4.000000e+02
  9.178399e-01   1.906855e-06   1.750188e-06  -4.000000e+02
  9.270644e-01   1.585605e-06   1.469958e-06  -4.000000e+02
  9.363815e-01   1.316035e-06   1.232310e-06  -4.000000e+02
  9.457923e-01   1.090250e-06   1.031150e-06  -4.000000e+02
  9.552977e-01   9.014953e-07   8.611963e-07  -4.000000e+02
  9.648986e-01   7.439967e-07   7.178813e-07  -4.000000e+02
  9.745960e-01   6.128306e-07   5.972622e-07  -4.000000e+02
  9.843908e-01   5.038060e-07   4.959420e-07  -4.000000e+02
  9.942841e-01   4.133626e-07   4.109999e-07  -4.000000e+02
  1.004277e+00   3.384818e-07   3.399295e-07  -4.000000e+02
  1.014370e+00   2.766096e-07   2.805845e-07  -4.000000e+02
  1.024565e+00   2.255891e-07   2.311306e-07  -4.000000e+02
  1.034862e+00   1.836026e-07   1.900033e-07  -4.000000e+02
  1.045262e+00   1.491217e-07   1.558713e-07  -4.000000e+02
  1.055767e+00   1.208634e-07   1.276037e-07  -4.000000e+02
  1.066378e+00   9.775342e-08   1.042421e-07  -4.000000e+02
  1.077095e+00   7.889377e-08   8.497610e-08  -4.000000e+02
  1.087920e+00   6.353571e-08   6.912178e-08  -4.000000e+02
  1.098854e+00   5.105616e-08   5.610326e-08  -4.000000e+02
  1.109898e+00   4.093774e-08   4.543670e-08  -4.000000e+02
  1.121052e+00   3.275183e-08   3.671651e-08  -4.000000e+02
  1.132319e+00   2.614408e-08   2.960344e-08  -4.000000e+02
  1.143699e+00   2.082226e-08   2.381439e-08  -4.000000e+02
  1.155193e+00   1.654584e-08   1.911364e-08  -4.000000e+02
  1.166803e+00   1.311735e-08   1.530537e-08  -4.000000e+02
  1.178530e+00   1.037505e-08   1.222731e-08  -4.000000e+02
  1.190374e+00   8.186733e-09   9.745276e-09  -4.000000e+02
  1.202338e+00   6.444616e-09   7.748604e-09  -4.000000e+02
  1.214421e+00   5.061031e-09   6.146225e-09  -4.000000e+02
  1.226627e+00   3.964845e-09   4.863383e-09  -4.000000e+02
  1.238954e+00   3.098474e-09   3.838868e-09  -4.000000e+02
  1.251406e+00   2.415424e-09   3.022676e-09  -4.000000e+02
  1.263983e+00   1.878243e-09   2.374067e-09  -4.000000e+02
  1.276686e+00   1.456842e-09   1.859930e-09  -4.000000e+02
  1.289517e+00   1.127104e-09   1.453420e-09  -4.000000e+02
  1.302477e+00   8.697524e-10   1.132832e-09  -4.000000e+02
  1.315567e+00   6.694155e-10   8.806610e-10  -4.000000e+02
  1.328789e+00   5.138700e-10   6.828246e-10  -4.000000e+02
  1.342143e+00   3.934200e-10   5.280260e-10  -4.000000e+02
  1.355632e+00   3.003958e-10   4.072262e-10  -4.000000e+02
  1.369256e+00   2.287461e-10   3.132121e-10  -4.000000e+02
  1.383018e+00   1.737098e-10   2.402437e-10  -4.000000e+02
  1.396917e+00   1.315508e-10   1.837655e-10  -4.000000e+02
  1.410956e+00   9.934573e-11   1.401725e-10  -4.000000e+02
  1.425137e+00   7.481340e-11   1.066193e-10  -4.000000e+02
  1.439460e+00   5.617869e-11   8.086696e-11  -4.000000e+02
  1.453926e+00   4.206429e-11   6.115837e-11  -4.000000e+02
  1.468539e+00   3.140454e-11   4.611878e-11  -4.000000e+02
  1.483298e+00   2.337738e-11   3.467561e-11  -4.000000e+02
  1.498205e+00   1.735045e-11   2.599453e-11  -4.000000e+02
  1.513262e+00   1.283879e-11   1.942846e-11  -4.000000e+02
  1.528471e+00   9.471594e-12   1.447705e-11  -4.000000e+02
  1.543832e+00   6.966175e-12   1.075460e-11  -4.000000e+02
  1.559348e+00   5.107691e-12   7.964667e-12  -4.000000e+02
  1.575020e+00   3.733364e-12   5.880121e-12  -4.000000e+02
  1.590849e+00   2.720244e-12   4.327497e-12  -4.000000e+02
  1.606837e+00   1.975757e-12   3.174719e-12  -4.000000e+02
  1.622986e+00   1.430419e-12   2.321550e-12  -4.000000e+02
  1.639297e+00   1.032246e-12   1.692159e-12  -4.000000e+02
  1.655773e+00   7.424708e-13   1.229363e-12  -4.000000e+02
  1.672413e+00   5.322762e-13   8.901859e-13  -4.000000e+02
  1.689221e+00   3.803137e-13   6.424341e-13  -4.000000e+02
  1.706198e+00   2.708192e-13   4.620714e-13  -4.000000e+02
  1.723346e+00   1.921918e-13   3.312130e-13  -4.000000e+02
  1.740666e+00   1.359231e-13   2.365967e-13  -4.000000e+02
  1.758160e+00   9.579427e-14   1.684216e-13  -4.000000e+02
  1.775830e+00   6.727574e-14   1.194703e-13  -4.000000e+02
  1.793677e+00   4.707982e-14   8.444600e-14  -4.000000e+02
  1.811704e+00   3.282865e-14   5.947578e-14  -4.000000e+02
  1.829912e+00   2.280853e-14   4.173759e-14  -4.000000e+02
  1.848303e+00   1.578890e-14   2.918267e-14  -4.000000e+02
  1.866878e+00   1.088932e-14   2.032904e-14  -4.000000e+02
  1.885641e+00   7.482180e-15   1.410870e-14  -4.000000e+02
  1.904592e+00   5.121737e-15   9.754818e-15  -4.000000e+02
  1.923733e+00   3.492624e-15   6.718876e-15  -4.000000e+02
  1.943067e+00   2.372548e-15   4.610021e-15  -4.000000e+02
  1.962595e+00   1.605426e-15   3.150802e-15  -4.000000e+02
  1.982320e+00   1.082083e-15   2.145035e-15  -4.000000e+02
  2.002242e+00   7.264551e-16   1.454539e-15  -4.000000e+02
  2.022365e+00   4.857552e-16   9.823744e-16  -4.000000e+02
  2.042690e+00   3.234961e-16   6.608024e-16  -4.000000e+02
  2.063220e+00   2.145587e-16   4.426818e-16  -4.000000e+02
  2.083955e+00   1.417199e-16   2.953378e-16  -4.000000e+02
  2.104900e+00   9.321905e-17   1.962167e-16  -4.000000e+02
  2.126054e+00   6.105904e-17   1.298148e-16  -4.000000e+02
  2.147421e+00   3.982429e-17   8.551954e-17  -4.000000e+02
  2.169003e+00   2.586309e-17   5.609713e-17  -4.000000e+02
  2.190802e+00   1.672355e-17   3.663798e-17  -4.000000e+02
  2.212820e+00   1.076646e-17   2.382423e-17  -4.000000e+02
  2.235059e+00   6.900723e-18   1.542352e-17  -4.000000e+02
  2.257522e+00   4.403261e-18   9.940459e-18  -4.000000e+02
  2.280210e+00   2.797002e-18   6.377753e-18  -4.000000e+02
  2.303127e+00   1.768601e-18   4.073313e-18  -4.000000e+02
  2.326274e+00   1.113181e-18   2.589564e-18  -4.000000e+02
  2.349653e+00   6.973974e-19   1.638642e-18  -4.000000e+02
  2.373268e+00   4.348638e-19   1.032048e-18  -4.000000e+02
  2.397119e+00   2.698757e-19   6.469244e-19  -4.000000e+02
  2.421211e+00   1.666831e-19   4.035749e-19  -4.000000e+02
  2.445544e+00   1.024508e-19   2.505479e-19  -4.000000e+02
  2.470122e+00   6.266336e-20   1.547862e-19  -4.000000e+02
  2.494948e+00   3.813868e-20   9.515401e-20  -4.000000e+02
  2.520022e+00   2.309667e-20   5.820413e-20  -4.000000e+02
  2.545349e+00   1.391692e-20   3.542342e-20  -4.000000e+02
  2.570930e+00   8.343052e-21   2.144940e-20  -4.000000e+02
  2.596768e+00   4.975907e-21   1.292128e-20  -4.000000e+02
  2.622866e+00   2.952315e-21   7.743529e-21  -4.000000e+02
  2.649227e+00   1.742503e-21   4.616286e-21  -4.000000e+02
  2.675852e+00   1.023015e-21   2.737436e-21  -4.000000e+02
  2.702744e+00   5.973989e-22   1.614617e-21  -4.000000e+02
  2.729908e+00   3.469746e-22   9.472087e-22  -4.000000e+02
  2.757344e+00   2.004279e-22   5.526485e-22  -4.000000e+02
  2.785055e+00   1.151388e-22   3.206679e-22  -4.000000e+02
  2.813046e+00   6.577551e-23   1.850295e-22  -4.000000e+02
  2.841317e+00   3.736469e-23   1.061649e-22  -4.000000e+02
  2.869873e+00   2.110515e-23   6.056910e-23  -4.000000e+02
  2.898716e+00   1.185279e-23   3.435786e-23  -4.000000e+02
  2.927848e+00   6.618087e-24   1.937675e-23  -4.000000e+02
  2.957273e+00   3.673659e-24   1.086401e-23  -4.000000e+02
  2.986995e+00   2.027187e-24   6.055197e-24  -4.000000e+02
  3.017014e+00   1.111966e-24   3.354818e-24  -4.000000e+02
  3.047336e+00   6.062699e-25   1.847508e-24  -4.000000e+02
  3.077962e+00   3.285416e-25   1.011239e-24  -4.000000e+02
  3.108896e+00   1.769449e-25   5.501033e-25  -4.000000e+02
  3.140141e+00   9.470698e-26   2.973933e-25  -4.000000e+02
  3.171700e+00   5.037266e-26   1.597670e-25  -4.000000e+02
  3.203576e+00   2.662251e-26   8.528724e-26  -4.000000e+02
  3.235773e+00   1.398030e-26   4.523709e-26  -4.000000e+02
  3.268293e+00   7.294063e-27   2.383913e-26  -4.000000e+02
  3.301140e+00   3.780761e-27   1.248082e-26  -4.000000e+02
  3.334317e+00   1.946780e-27   6.491181e-27  -4.000000e+02
  3.367827e+00   9.957575e-28   3.353539e-27  -4.000000e+02
  3.401674e+00   5.058944e-28   1.720888e-27  -4.000000e+02
  3.435862e+00   2.552737e-28   8.770852e-28  -4.000000e+02
  3.470393e+00   1.279270e-28   4.439570e-28  -4.000000e+02
  3.505271e+00   6.366462e-29   2.231617e-28  -4.000000e+02
  3.540499e+00   3.146176e-29   1.113903e-28  -4.000000e+02
  3.576082e+00   1.543782e-29   5.520692e-29  -4.000000e+02
  3.612022e+00   7.521007e-30   2.716604e-29  -4.000000e+02
  3.648323e+00   3.637652e-30   1.327133e-29  -4.000000e+02
  3.684990e+00   1.746585e-30   6.436147e-30  -4.000000e+02
  3.722024e+00   8.324331e-31   3.098336e-30  -4.000000e+02
  3.759431e+00   3.937926e-31   1.480436e-30  -4.000000e+02
  3.797214e+00   1.848891e-31   7.020635e-31  -4.000000e+02
  3.835377e+00   8.614842e-32   3.304117e-31  -4.000000e+02
  3.873923e+00   3.983290e-32   1.543096e-31  -4.000000e+02
  3.912857e+00   1.827516e-32   7.150809e-32  -4.000000e+02
  3.952182e+00   8.318994e-33   3.287817e-32  -4.000000e+02
  3.991902e+00   3.756954e-33   1.499739e-32  -4.000000e+02
  4.032021e+00   1.683144e-33   6.786473e-33  -4.000000e+02
  4.072543e+00   7.479831e-34   3.046194e-33  -4.000000e+02
  4.113473e+00   3.296941e-34   1.356188e-33  -4.000000e+02
  4.154814e+00   1.441264e-34   5.988184e-34  -4.000000e+02
  4.196571e+00   6.248156e-35   2.622083e-34  -4.000000e+02
  4.238747e+00   2.685959e-35   1.138510e-34  -4.000000e+02
  4.281347e+00   1.144849e-35   4.901498e-35  -4.000000e+02
  4.324375e+00   4.837948e-36   2.092110e-35  -4.000000e+02
  4.367836e+00   2.026747e-36   8.852497e-36  -4.000000e+02
  4.411734e+00   8.416363e-37   3.713075e-36  -4.000000e+02
  4.456072e+00   3.464153e-37   1.543652e-36  -4.000000e+02
  4.500857e+00   1.413116e-37   6.360230e-37  -4.000000e+02
  4.546091e+00   5.712501e-38   2.596955e-37  -4.000000e+02
  4.591780e+00   2.288245e-38   1.050712e-37  -4.000000e+02
  4.637928e+00   9.081659e-39   4.212008e-38  -4.000000e+02
  4.684540e+00   3.570863e-39   1.672785e-38  -4.000000e+02
  4.731620e+00   1.390864e-39   6.581039e-39  -4.000000e+02
  4.779174e+00   5.366077e-40   2.564542e-39  -4.000000e+02
  4.827205e+00   2.050442e-40   9.897905e-40  -4.000000e+02
  4.875720e+00   7.759129e-41   3.783134e-40  -4.000000e+02
  4.924722e+00   2.907432e-41   1.431829e-40  -4.000000e+02
  4.974216e+00   1.078680e-41   5.365589e-41  -4.000000e+02
  5.024207e+00   3.962032e-42   1.990607e-41  -4.000000e+02
  5.074702e+00   1.440588e-42   7.310553e-42  -4.000000e+02
  5.125703e+00   5.184562e-43   2.657453e-42  -4.000000e+02
  5.177217e+00   1.846667e-43   9.560597e-43  -4.000000e+02
  5.229249e+00   6.509120e-44   3.403781e-43  -4.000000e+02
  5.281804e+00   2.270207e-44   1.199079e-43  -4.000000e+02
  5.334887e+00   7.833758e-45   4.179222e-44  -4.000000e+02
  5.388504e+00   2.674161e-45   1.440972e-44  -4.000000e+02
  5.442659e+00   9.029592e-46   4.914499e-45  -4.000000e+02
  5.497359e+00   3.015519e-46   1.657739e-45  -4.000000e+02
  5.552608e+00   9.959073e-47   5.529883e-46  -4.000000e+02
  5.608413e+00   3.252275e-47   1.824010e-46  -4.000000e+02
  5.664778e+00   1.050063e-47   5.948373e-47  -4.000000e+02
  5.721710e+00   3.351587e-48   1.917681e-47  -4.000000e+02
  5.779214e+00   1.057401e-48   6.110947e-48  -4.000000e+02
  5.837296e+00   3.297076e-49   1.924601e-48  -4.000000e+02
  5.895962e+00   1.015930e-49   5.989885e-49  -4.000000e+02
  5.955218e+00   3.093062e-50   1.841986e-49  -4.000000e+02
  6.015068e+00   9.303528e-51   5.596136e-50  -4.000000e+02
  6.075521e+00   2.764292e-51   1.679452e-50  -4.000000e+02
  6.136581e+00   8.112225e-52   4.978132e-51  -4.000000e+02
  6.198255e+00   2.351025e-52   1.457225e-51  -4.000000e+02
  6.260548e+00   6.727857e-53   4.212007e-52  -4.000000e+02
  6.323468e+00   1.900808e-53   1.201970e-52  -4.000000e+02
  6.387019e+00   5.301285e-54   3.385941e-53  -4.000000e+02
  6.451210e+00   1.459296e-54   9.414227e-54  -4.000000e+02
  6.516046e+00   3.964266e-55   2.583134e-54  -4.000000e+02
  6.581533e+00   1.062614e-55   6.993626e-55  -4.000000e+02
  6.647679e+00   2.810068e-56   1.868043e-55  -4.000000e+02
  6.714489e+00   7.330300e-57   4.921922e-56  -4.000000e+02
  6.781971e+00   1.885922e-57   1.279026e-56  -4.000000e+02
  6.850131e+00   4.784703e-58   3.277584e-57  -4.000000e+02
  6.918976e+00   1.196871e-58   8.281122e-58  -4.000000e+02
  6.988512e+00   2.951421e-59   2.062604e-58  -4.000000e+02
  7.058748e+00   7.173575e-60   5.063646e-59  -4.000000e+02
  7.129690e+00   1.718260e-60   1.225066e-59  -4.000000e+02
  7.201344e+00   4.055254e-61   2.920328e-60  -4.000000e+02
  7.273719e+00   9.428635e-62   6.858124e-61  -4.000000e+02
  7.346821e+00   2.159263e-62   1.586372e-61  -4.000000e+02
  7.420658e+00   4.869806e-63   3.613716e-62  -4.000000e+02
  7.495237e+00   1.081406e-63   8.105395e-63  -4.000000e+02
  7.570565e+00   2.364055e-64   1.789724e-63  -4.000000e+02
  7.646651e+00   5.086712e-65   3.889631e-64  -4.000000e+02
  7.723501e+00   1.077072e-65   8.318770e-65  -4.000000e+02
  7.801123e+00   2.243867e-66   1.750468e-65  -4.000000e+02
  7.879526e+00   4.598413e-67   3.623331e-66  -4.000000e+02
  7.958716e+00   9.268096e-68   7.376214e-67  -4.000000e+02
  8.038703e+00   1.836774e-68   1.476528e-67  -4.000000e+02
  8.119493e+00   3.578601e-69   2.905643e-68  -4.000000e+02
  8.201095e+00   6.852839e-70   5.620079e-69  -4.000000e+02
  8.283518e+00   1.289535e-70   1.068189e-69  -4.000000e+02
  8.366768e+00   2.383992e-71   1.994631e-70  -4.000000e+02
  8.450856e+00   4.328994e-72   3.658371e-71  -4.000000e+02
  8.535788e+00   7.719327e-73   6.589054e-72  -4.000000e+02
  8.621575e+00   1.351386e-73   1.165107e-72  -4.000000e+02
  8.708223e+00   2.322103e-74   2.022139e-73  -4.000000e+02
  8.795742e+00   3.915424e-75   3.443906e-74  -4.000000e+02
  8.884141e+00   6.476807e-76   5.754086e-75  -4.000000e+02
  8.973428e+00   1.050789e-76   9.429178e-76  -4.000000e+02
  9.063612e+00   1.671579e-77   1.515055e-76  -4.000000e+02
  9.154703e+00   2.606617e-78   2.386281e-77  -4.000000e+02
  9.246709e+00   3.983320e-79   3.683260e-78  -4.000000e+02
  9.339640e+00   5.963569e-80   5.569759e-79  -4.000000e+02
  9.433505e+00   8.744456e-81   8.249087e-80  -4.000000e+02
  9.528313e+00   1.255434e-81   1.196217e-80  -4.000000e+02
  9.624075e+00   1.764227e-82   1.697905e-81  -4.000000e+02
  9.720798e+00   2.425917e-83   2.358185e-82  -4.000000e+02
  9.818494e+00   3.262992e-84   3.203767e-83  -4.000000e+02
  9.917171e+00   4.291684e-85   4.256137e-84  -4.000000e+02
  1.001684e+01   5.517723e-86   5.527015e-85  -4.000000e+02
  1.011751e+01   6.931965e-87   7.013424e-86  -4.000000e+02
  1.021919e+01   8.506608e-88   8.693068e-87  -4.000000e+02
  1.032190e+01   1.019281e-88   1.052091e-87  -4.000000e+02
  1.042564e+01   1.192057e-89   1.242795e-88  -4.000000e+02
  1.053041e+01   1.360155e-90   1.432299e-89  -4.000000e+02
  1.063625e+01   1.513506e-91   1.609802e-90  -4.000000e+02
  1.074314e+01   1.641700e-92   1.763702e-91  -4.000000e+02
  1.085111e+01   1.735084e-93   1.882759e-92  -4.000000e+02
  1.096017e+01   1.785907e-94   1.957385e-93  -4.000000e+02
  1.107032e+01   1.789356e-95   1.980874e-94  -4.000000e+02
  1.118158e+01   1.744265e-96   1.950364e-95  -4.000000e+02
  1.129396e+01   1.653393e-97   1.867335e-96  -4.000000e+02
  1.140746e+01   1.523167e-98   1.737547e-97  -4.000000e+02
  1.152211e+01   1.362940e-99   1.570394e-98  -4.000000e+02
  1.163791e+01  1.183864e-100   1.377770e-99  -4.000000e+02
  1.175487e+01  9.975849e-102  1.172648e-100  -4.000000e+02
  1.187301e+01  8.149567e-103  9.675989e-102  -4.000000e+02
  1.199234e+01  6.449940e-104  7.734984e-103  -4.000000e+02
  1.211286e+01  4.941948e-105  5.986113e-104  -4.000000e+02
  1.223460e+01  3.662948e-106  4.481469e-105  -4.000000e+02
  1.235756e+01  2.624245e-107  3.242925e-106  -4.000000e+02
  1.248175e+01  1.815728e-108  2.266347e-107  -4.000000e+02
  1.260720e+01  1.212219e-109  1.528269e-108  -4.000000e+02
  1.273390e+01  7.801597e-111  9.934476e-110  -4.000000e+02
  1.286188e+01  4.835272e-112  6.219068e-111  -4.000000e+02
  1.299114e+01  2.882895e-113  3.745210e-112  -4.000000e+02
  1.312170e+01  1.651630e-114  2.167220e-113  -4.000000e+02
  1.325358e+01  9.081219e-116  1.203587e-114  -4.000000e+02
  1.338678e+01  4.785836e-117  6.406694e-116  -4.000000e+02
  1.352132e+01  2.414053e-118  3.264118e-117  -4.000000e+02
  1.365721e+01  1.163745e-119  1.589351e-118  -4.000000e+02
  1.379447e+01  5.352860e-121  7.383987e-120  -4.000000e+02
  1.393311e+01  2.345132e-122  3.267497e-121  -4.000000e+02
  1.407314e+01  9.767232e-124  1.374556e-122  -4.000000e+02
  1.421457e+01  3.859160e-125  5.485631e-124  -4.000000e+02
  1.435743e+01  1.443239e-126  2.072120e-125  -4.000000e+02
  1.450173e+01  5.095827e-128  7.389829e-127  -4.000000e+02
  1.464747e+01  1.693997e-129  2.481278e-128  -4.000000e+02
  1.479468e+01  5.285503e-131  7.819734e-130  -4.000000e+02
  1.494337e+01  1.542511e-132  2.305032e-131  -4.000000e+02
  1.509355e+01  4.194104e-134  6.330393e-133  -4.000000e+02
  1.524525e+01  1.057760e-135  1.612581e-134  -4.000000e+02
  1.539846e+01  2.461820e-137  3.790825e-136  -4.000000e+02
  1.555322e+01  5.256297e-139  8.175234e-138  -4.000000e+02
  1.570953e+01  1.022462e-140  1.606240e-139  -4.000000e+02
  1.586742e+01  1.797123e-142  2.851569e-141  -4.000000e+02
  1.602689e+01  2.825803e-144  4.528883e-143  -4.000000e+02
  1.618796e+01  3.926419e-146  6.356071e-145  -4.000000e+02
  1.635065e+01  4.746576e-148  7.760961e-147  -4.000000e+02
  1.651498e+01  4.891704e-150  8.078639e-149  -4.000000e+02
  1.668096e+01  4.180237e-152  6.973036e-151  -4.000000e+02
  1.684860e+01  2.845959e-154  4.795044e-153  -4.000000e+02
  1.701793e+01  1.449538e-156  2.466814e-155  -4.000000e+02
  1.718897e+01  4.929884e-159  8.473961e-158  -4.000000e+02
  1.736172e+01  8.533867e-162  1.481626e-160  -4.000000e+02
  1.753621e+01  7.109895e-166  1.246806e-164  -4.000000e+02
  1.771245e+01 -1.096589e-168 -1.942328e-167  -4.000000e+02
  1.789046e+01  3.449943e-171  6.172107e-170  -4.000000e+02
  1.807026e+01 -1.631136e-173 -2.947506e-172  -4.000000e+02
  1.825187e+01  1.025711e-175  1.872114e-174  -4.000000e+02
  1.843531e+01 -8.028401e-178 -1.480060e-176  -4.000000e+02
  1.862059e+01  7.502286e-180  1.396970e-178  -4.000000e+02
  1.880773e+01 -8.133270e-182 -1.529683e-180  -4.000000e+02
  1.899675e+01  1.001729e-183  1.902960e-182  -4.000000e+02
  1.918767e+01 -1.379481e-185 -2.646903e-184  -4.000000e+02
  1.938051e+01  2.097490e-187  4.065041e-186  -4.000000e+02
  1.957528e+01 -3.485682e-189 -6.823321e-188  -4.000000e+02
  1.977202e+01  6.278228e-191  1.241332e-189  -4.000000e+02
  1.997073e+01 -1.217002e-192 -2.430442e-191  -4.000000e+02
  2.017144e+01  2.523762e-194  5.090792e-193  -4.000000e+02
  2.037417e+01 -5.570151e-196 -1.134872e-194  -4.000000e+02
  2.057893e+01  1.302553e-197  2.680515e-196  -4.000000e+02
  2.078575e+01 -3.214548e-199 -6.681679e-198  -4.000000e+02
  2.099465e+01  8.343005e-201  1.751585e-199  -4.000000e+02
  2.120565e+01 -2.270127e-202 -4.813953e-201  -4.000000e+02
  2.141877e+01  6.457868e-204  1.383196e-202  -4.000000e+02
  2.163403e+01 -1.915773e-205 -4.144589e-204  -4.000000e+02
  2.185146e+01  5.913187e-207  1.292118e-205  -4.000000e+02
  2.207107e+01 -1.895036e-208 -4.182548e-207  -4.000000e+02
  2.229289e+01  6.293676e-210  1.403042e-208  -4.000000e+02
  2.251694e+01 -2.162333e-211 -4.868911e-210  -4.000000e+02
  2.274323e+01  7.673122e-213  1.745116e-211  -4.000000e+02
  2.297181e+01 -2.808060e-214 -6.450621e-213  -4.000000e+02
  2.320268e+01  1.058341e-215  2.455635e-214  -4.000000e+02
  2.343587e+01 -4.102730e-217 -9.615103e-216  -4.000000e+02
  2.367140e+01  1.633912e-218  3.867698e-217  -4.000000e+02
  2.390931e+01 -6.677406e-220 -1.596521e-218  -4.000000e+02
  2.414960e+01  2.797412e-221  6.755637e-220  -4.000000e+02
  2.439231e+01 -1.200186e-222 -2.927531e-221  -4.000000e+02
  2.463745e+01  5.268466e-224  1.298016e-222  -4.000000e+02
  2.488506e+01 -2.364211e-225 -5.883355e-224  -4.000000e+02
  2.513516e+01  1.083676e-226  2.723838e-225  -4.000000e+02
  2.538777e+01 -5.069771e-228 -1.287102e-226  -4.000000e+02
  2.564293e+01  2.418996e-229  6.203014e-228  -4.000000e+02
  2.590064e+01 -1.176357e-230 -3.046841e-229  -4.000000e+02
  2.616095e+01  5.826599e-232  1.524293e-230  -4.000000e+02
  2.642387e+01 -2.937595e-233 -7.762263e-232  -4.000000e+02
  2.668943e+01  1.506649e-234  4.021160e-233  -4.000000e+02
  2.695767e+01 -7.856515e-236 -2.117933e-234  -4.000000e+02
  2.722860e+01  4.163054e-237  1.133541e-235  -4.000000e+02
  2.750225e+01 -2.240450e-238 -6.161741e-237  -4.000000e+02
  2.777865e+01  1.224014e-239  3.400147e-238  -4.000000e+02
  2.805783e+01 -6.785197e-241 -1.903779e-239  -4.000000e+02
  2.833982e+01  3.814769e-242  1.081099e-240  -4.000000e+02
  2.862464e+01 -2.174290e-243 -6.223826e-242  -4.000000e+02
  2.891232e+01  1.255832e-244  3.630901e-243  -4.000000e+02
  2.920289e+01 -7.347490e-246 -2.145679e-244  -4.000000e+02
  2.949639e+01  4.352869e-247  1.283939e-245  -4.000000e+02
  2.979283e+01 -2.610257e-248 -7.776696e-247  -4.000000e+02
  3.009225e+01  1.583838e-249  4.766124e-248  -4.000000e+02
  3.039468e+01 -9.721014e-251 -2.954671e-249  -4.000000e+02
  3.070016e+01  6.033172e-252  1.852193e-250  -4.000000e+02
  3.100870e+01 -3.785106e-253 -1.173712e-251  -4.000000e+02
  3.132034e+01  2.399818e-254  7.516312e-253  -4.000000e+02
  3.163511e+01 -1.537167e-255 -4.862847e-254  -4.000000e+02
  3.195305e+01  9.944558e-257  3.177590e-255  -4.000000e+02
  3.227419e+01 -6.496129e-258 -2.096573e-256  -4.000000e+02
  3.259855e+01  4.283669e-259  1.396414e-257  -4.000000e+02
  3.292617e+01 -2.850760e-260 -9.386459e-259  -4.000000e+02
  3.325708e+01  1.914183e-261  6.366014e-260  -4.000000e+02
  3.359132e+01 -1.296531e-262 -4.355220e-261  -4.000000e+02
  3.392892e+01  8.856475e-264  3.004906e-262  -4.000000e+02
  3.426991e+01 -6.099893e-265 -2.090428e-263  -4.000000e+02
  3.461433e+01  4.235209e-266  1.465989e-264  -4.000000e+02
  3.496221e+01 -2.963671e-267 -1.036165e-265  -4.000000e+02
  3.531358e+01  2.089783e-268  7.379772e-267  -4.000000e+02
  3.566849e+01 -1.484585e-269 -5.295290e-268  -4.000000e+02
  3.602697e+01  1.062333e-270  3.827262e-269  -4.000000e+02
  3.638904e+01 -7.655778e-272 -2.785864e-270  -4.000000e+02
  3.675476e+01  5.555399e-273  2.041874e-271  -4.000000e+02
  3.712415e+01 -4.058491e-274 -1.506680e-272  -4.000000e+02
  3.749725e+01  2.984460e-275  1.119091e-273  -4.000000e+02
  3.787411e+01 -2.208763e-276 -8.365493e-275  -4.000000e+02
  3.825475e+01  1.644930e-277  6.292638e-276  -4.000000e+02
  3.863922e+01 -1.232523e-278 -4.762371e-277  -4.000000e+02
  3.902755e+01  9.290268e-280  3.625764e-278  -4.000000e+02
  3.941978e+01 -7.043449e-281 -2.776512e-279  -4.000000e+02
  3.981596e+01  5.370397e-282  2.138275e-280  -4.000000e+02
  4.021611e+01 -4.117493e-283 -1.655896e-281  -4.000000e+02
  4.062029e+01  3.174008e-284  1.289291e-282  -4.000000e+02
  4.102853e+01 -2.459669e-285 -1.009166e-283  -4.000000e+02
  4.144088e+01  1.915955e-286  7.939884e-285  -4.000000e+02
  4.185736e+01 -1.499966e-287 -6.278462e-286  -4.000000e+02
  4.227804e+01  1.180088e-288  4.989179e-287  -4.000000e+02
  4.270294e+01 -9.328990e-290 -3.983753e-288  -4.000000e+02
  4.313211e+01  7.409590e-291  3.195912e-289  -4.000000e+02
  4.356559e+01 -5.912159e-292 -2.575667e-290  -4.000000e+02
  4.400344e+01  4.738543e-293  2.085122e-291  -4.000000e+02
  4.444568e+01 -3.814572e-294 -1.695413e-292  -4.000000e+02
  4.489236e+01  3.083940e-295  1.384454e-293  -4.000000e+02
  4.534354e+01 -2.503704e-296 -1.135268e-294  -4.000000e+02
  4.579925e+01  2.040967e-297  9.347474e-296  -4.000000e+02
  4.625954e+01 -1.670416e-298 -7.727267e-297  -4.000000e+02
  4.672446e+01  1.372493e-299  6.412898e-298  -4.000000e+02
  4.719405e+01 -1.132021e-300 -5.342464e-299  -4.000000e+02
  4.766835e+01  9.371745e-302  4.467356e-300  -4.000000e+02
  4.814743e+01 -7.787034e-303 -3.749257e-301  -4.000000e+02
  4.863132e+01  6.493428e-304  3.157840e-302  -4.000000e+02
  4.912007e+01 -5.433654e-305 -2.669015e-303  -4.000000e+02
  4.961374e+01  4.562390e-306  2.263572e-304  -4.000000e+02
  5.011236e+01 -3.843639e-307 -1.926138e-305  -4.000000e+02
  5.061600e+01  3.248707e-308  1.644366e-306  -4.000000e+02
  5.112470e+01 -2.754643e-309 -1.408303e-307  -4.000000e+02
  5.163851e+01  2.343022e-310  1.209902e-308  -4.000000e+02
  5.215749e+01 -1.999006e-311 -1.042631e-309  -4.000000e+02
  5.268168e+01  1.710605e-312  9.011752e-311  -4.000000e+02
  5.321114e+01 -1.468097e-313 -7.811910e-312  -4.000000e+02
  5.374592e+01  1.263577e-314  6.791211e-313  -4.000000e+02
  5.428607e+01 -1.090596e-315 -5.920415e-314  -4.000000e+02
  5.483166e+01  9.438751e-317  5.175424e-315  -4.000000e+02
  5.538273e+01 -8.190803e-318 -4.536290e-316  -4.000000e+02
  5.593933e+01  7.126749e-319  3.986645e-317  -4.000000e+02
  5.650153e+01 -6.219792e-320 -3.514338e-318  -4.000000e+02
  5.706938e+01  5.380375e-321  3.071359e-319  -4.000000e+02
  5.764294e+01 -4.644217e-322 -2.685741e-320  -4.000000e+02
  5.822226e+01   0.000000e+00   0.000000e+00  -4.000000e+02
  5.880740e+01  -0.000000e+00  -0.000000e+00  -4.000000e+02
  5.939843e+01   0.000000e+00   0.000000e+00  -4.000000e+02
  5.999539e+01  -0.000000e+00  -0.000000e+00  -4.000000e+02
  6.059835e+01   0.000000e+00   0.000000e+00  -4.000000e+02
  6.120738e+01  -0.000000e+00  -0.000000e+00  -4.000000e+02
  6.182252e+01   0.000000e+00   0.000000e+00  -4.000000e+02
  6.244385e+01  -0.000000e+00  -0.000000e+00  -4.000000e+02
  6.307142e+01   0.000000e+00   0.000000e+00  -4.000000e+02
  6.370530e+01  -0.000000e+00  -0.000000e+00  -4.000000e+02
  6.434555e+01   0.000000e+00   0.000000e+00  -4.000000e+02
  6.499223e+01  -0.000000e+00  -0.000000e+00  -4.000000e+02
  6.564541e+01   0.000000e+00   0.000000e+00  -4.000000e+02
  6.630516e+01  -0.000000e+00  -0.000000e+00  -4.000000e+02
  6.697154e+01   0.000000e+00   0.000000e+00  -4.000000e+02
  6.764461e+01  -0.000000e+00  -0.000000e+00  -4.000000e+02
  6.832445e+01   0.000000e+00   0.000000e+00  -4.000000e+02
  6.901113e+01  -0.000000e+00  -0.000000e+00  -4.000000e+02
  6.970470e+01   0.000000e+00   0.000000e+00  -4.000000e+02
  7.040524e+01  -0.000000e+00  -0.000000e+00  -4.000000e+02
  7.111283e+01   0.000000e+00   0.000000e+00  -4.000000e+02
  7.182752e+01  -0.000000e+00  -0.000000e+00  -4.000000e+02
  7.254940e+01   0.000000e+00   0.000000e+00  -4.000000e+02
  7.327853e+01  -0.000000e+00  -0.000000e+00  -4.000000e+02
  7.401500e+01   0.000000e+00   0.000000e+00  -4.000000e+02
  7.475886e+01  -0.000000e+00  -0.000000e+00  -4.000000e+02
  7.551020e+01   0.000000e+00   0.000000e+00  -4.000000e+02
  7.626909e+01  -0.000000e+00  -0.000000e+00  -4.000000e+02
  7.703561e+01   0.000000e+00   0.000000e+00  -4.000000e+02
  7.780983e+01  -0.000000e+00  -0.000000e+00  -4.000000e+02
  7.859183e+01   0.000000e+00   0.000000e+00  -4.000000e+02
  7.938169e+01  -0.000000e+00  -0.000000e+00  -4.000000e+02
  8.017949e+01   0.000000e+00   0.000000e+00  -4.000000e+02
  8.098531e+01  -0.000000e+00  -0.000000e+00  -4.000000e+02
  8.179922e+01   0.000000e+00   0.000000e+00  -4.000000e+02
  8.262132e+01  -0.000000e+00  -0.000000e+00  -4.000000e+02
  8.345168e+01   0.000000e+00   0.000000e+00  -4.000000e+02
  8.429038e+01  -0.000000e+00  -0.000000e+00  -4.000000e+02
  8.513751e+01   0.000000e+00   0.000000e+00  -4.000000e+02
  8.599316e+01  -0.000000e+00  -0.000000e+00  -4.000000e+02
  8.685740e+01   0.000000e+00   0.000000e+00  -4.000000e+02
  8.773033e+01  -0.000000e+00  -0.000000e+00  -4.000000e+02
  8.861204e+01   0.000000e+00   0.000000e+00  -4.000000e+02
  8.950260e+01  -0.000000e+00  -0.000000e+00  -4.000000e+02
  9.040212e+01   0.000000e+00   0.000000e+00  -4.000000e+02
  9.131068e+01  -0.000000e+00  -0.000000e+00  -4.000000e+02
  9.222836e+01   0.000000e+00   0.000000e+00  -4.000000e+02
  9.315528e+01  -0.000000e+00  -0.000000e+00  -4.000000e+02
  9.409150e+01   0.000000e+00   0.000000e+00  -4.000000e+02
  9.503714e+01  -0.000000e+00  -0.000000e+00  -4.000000e+02
  9.599228e+01   0.000000e+00   0.000000e+00  -4.000000e+02
  9.695701e+01  -0.000000e+00  -0.000000e+00  -4.000000e+02
  9.793145e+01   0.000000e+00   0.000000e+00  -4.000000e+02
  9.891568e+01  -0.000000e+00  -0.000000e+00  -4.000000e+02
  9.990979e+01   0.000000e+00   0.000000e+00  -4.000000e+02


