This is pdfTeX, Version 3.14159265-2.6-1.40.19 (TeX Live 2018) (preloaded format=pdflatex 2018.10.18)  17 APR 2019 19:56
entering extended mode
 \write18 enabled.
 file:line:error style messages enabled.
 %&-line parsing enabled.
**main.tex
(./main.tex
LaTeX2e <2018-04-01> patch level 2
Babel <3.18> and hyphenation patterns for 22 language(s) loaded.
(/usr/local/texlive/2018basic/texmf-dist/tex/latex/base/article.cls
Document Class: article 2018/09/03 v1.4i Standard LaTeX document class
(/usr/local/texlive/2018basic/texmf-dist/tex/latex/base/size10.clo
File: size10.clo 2018/09/03 v1.4i Standard LaTeX file (size option)
)
\c@part=\count80
\c@section=\count81
\c@subsection=\count82
\c@subsubsection=\count83
\c@paragraph=\count84
\c@subparagraph=\count85
\c@figure=\count86
\c@table=\count87
\abovecaptionskip=\skip41
\belowcaptionskip=\skip42
\bibindent=\dimen102
)
(/usr/local/texlive/2018basic/texmf-dist/tex/latex/booktabs/booktabs.sty
Package: booktabs 2016/04/27 v1.618033 publication quality tables
\heavyrulewidth=\dimen103
\lightrulewidth=\dimen104
\cmidrulewidth=\dimen105
\belowrulesep=\dimen106
\belowbottomsep=\dimen107
\aboverulesep=\dimen108
\abovetopsep=\dimen109
\cmidrulesep=\dimen110
\cmidrulekern=\dimen111
\defaultaddspace=\dimen112
\@cmidla=\count88
\@cmidlb=\count89
\@aboverulesep=\dimen113
\@belowrulesep=\dimen114
\@thisruleclass=\count90
\@lastruleclass=\count91
\@thisrulewidth=\dimen115
)
(/usr/local/texlive/2018basic/texmf-dist/tex/latex/amsmath/amsmath.sty
Package: amsmath 2018/12/01 v2.17b AMS math features
\@mathmargin=\skip43

For additional information on amsmath, use the `?' option.
(/usr/local/texlive/2018basic/texmf-dist/tex/latex/amsmath/amstext.sty
Package: amstext 2000/06/29 v2.01 AMS text

(/usr/local/texlive/2018basic/texmf-dist/tex/latex/amsmath/amsgen.sty
File: amsgen.sty 1999/11/30 v2.0 generic functions
\@emptytoks=\toks14
\ex@=\dimen116
))
(/usr/local/texlive/2018basic/texmf-dist/tex/latex/amsmath/amsbsy.sty
Package: amsbsy 1999/11/29 v1.2d Bold Symbols
\pmbraise@=\dimen117
)
(/usr/local/texlive/2018basic/texmf-dist/tex/latex/amsmath/amsopn.sty
Package: amsopn 2016/03/08 v2.02 operator names
)
\inf@bad=\count92
LaTeX Info: Redefining \frac on input line 223.
\uproot@=\count93
\leftroot@=\count94
LaTeX Info: Redefining \overline on input line 385.
\classnum@=\count95
\DOTSCASE@=\count96
LaTeX Info: Redefining \ldots on input line 482.
LaTeX Info: Redefining \dots on input line 485.
LaTeX Info: Redefining \cdots on input line 606.
\Mathstrutbox@=\box26
\strutbox@=\box27
\big@size=\dimen118
LaTeX Font Info:    Redeclaring font encoding OML on input line 729.
LaTeX Font Info:    Redeclaring font encoding OMS on input line 730.
\macc@depth=\count97
\c@MaxMatrixCols=\count98
\dotsspace@=\muskip10
\c@parentequation=\count99
\dspbrk@lvl=\count100
\tag@help=\toks15
\row@=\count101
\column@=\count102
\maxfields@=\count103
\andhelp@=\toks16
\eqnshift@=\dimen119
\alignsep@=\dimen120
\tagshift@=\dimen121
\tagwidth@=\dimen122
\totwidth@=\dimen123
\lineht@=\dimen124
\@envbody=\toks17
\multlinegap=\skip44
\multlinetaggap=\skip45
\mathdisplay@stack=\toks18
LaTeX Info: Redefining \[ on input line 2844.
LaTeX Info: Redefining \] on input line 2845.
)
(/usr/local/texlive/2018basic/texmf-dist/tex/latex/amsfonts/amssymb.sty
Package: amssymb 2013/01/14 v3.01 AMS font symbols

(/usr/local/texlive/2018basic/texmf-dist/tex/latex/amsfonts/amsfonts.sty
Package: amsfonts 2013/01/14 v3.01 Basic AMSFonts support
\symAMSa=\mathgroup4
\symAMSb=\mathgroup5
LaTeX Font Info:    Overwriting math alphabet `\mathfrak' in version `bold'
(Font)                  U/euf/m/n --> U/euf/b/n on input line 106.
))
(/usr/local/texlive/2018basic/texmf-dist/tex/latex/geometry/geometry.sty
Package: geometry 2018/04/16 v5.8 Page Geometry

(/usr/local/texlive/2018basic/texmf-dist/tex/latex/graphics/keyval.sty
Package: keyval 2014/10/28 v1.15 key=value parser (DPC)
\KV@toks@=\toks19
)
(/usr/local/texlive/2018basic/texmf-dist/tex/generic/oberdiek/ifpdf.sty
Package: ifpdf 2018/09/07 v3.3 Provides the ifpdf switch
)
(/usr/local/texlive/2018basic/texmf-dist/tex/generic/oberdiek/ifvtex.sty
Package: ifvtex 2016/05/16 v1.6 Detect VTeX and its facilities (HO)
Package ifvtex Info: VTeX not detected.
)
(/usr/local/texlive/2018basic/texmf-dist/tex/generic/ifxetex/ifxetex.sty
Package: ifxetex 2010/09/12 v0.6 Provides ifxetex conditional
)
\Gm@cnth=\count104
\Gm@cntv=\count105
\c@Gm@tempcnt=\count106
\Gm@bindingoffset=\dimen125
\Gm@wd@mp=\dimen126
\Gm@odd@mp=\dimen127
\Gm@even@mp=\dimen128
\Gm@layoutwidth=\dimen129
\Gm@layoutheight=\dimen130
\Gm@layouthoffset=\dimen131
\Gm@layoutvoffset=\dimen132
\Gm@dimlist=\toks20
)
(/usr/local/texlive/2018basic/texmf-dist/tex/latex/tools/bm.sty
Package: bm 2017/01/16 v1.2c Bold Symbol Support (DPC/FMi)
\symboldoperators=\mathgroup6
\symboldletters=\mathgroup7
\symboldsymbols=\mathgroup8
LaTeX Font Info:    Redeclaring math alphabet \mathbf on input line 141.
LaTeX Info: Redefining \bm on input line 207.
)
(/usr/local/texlive/2018basic/texmf-dist/tex/latex/float/float.sty
Package: float 2001/11/08 v1.3d Float enhancements (AL)
\c@float@type=\count107
\float@exts=\toks21
\float@box=\box28
\@float@everytoks=\toks22
\@floatcapt=\box29
)
(/usr/local/texlive/2018basic/texmf-dist/tex/latex/xcolor/xcolor.sty
Package: xcolor 2016/05/11 v2.12 LaTeX color extensions (UK)

(/usr/local/texlive/2018basic/texmf-dist/tex/latex/graphics-cfg/color.cfg
File: color.cfg 2016/01/02 v1.6 sample color configuration
)
Package xcolor Info: Driver file: pdftex.def on input line 225.

(/usr/local/texlive/2018basic/texmf-dist/tex/latex/graphics-def/pdftex.def
File: pdftex.def 2018/01/08 v1.0l Graphics/color driver for pdftex
)
Package xcolor Info: Model `cmy' substituted by `cmy0' on input line 1348.
Package xcolor Info: Model `hsb' substituted by `rgb' on input line 1352.
Package xcolor Info: Model `RGB' extended on input line 1364.
Package xcolor Info: Model `HTML' substituted by `rgb' on input line 1366.
Package xcolor Info: Model `Hsb' substituted by `hsb' on input line 1367.
Package xcolor Info: Model `tHsb' substituted by `hsb' on input line 1368.
Package xcolor Info: Model `HSB' substituted by `hsb' on input line 1369.
Package xcolor Info: Model `Gray' substituted by `gray' on input line 1370.
Package xcolor Info: Model `wave' substituted by `hsb' on input line 1371.
)
(/usr/local/texlive/2018basic/texmf-dist/tex/latex/subfig/subfig.sty
Package: subfig 2005/06/28 ver: 1.3 subfig package

(/usr/local/texlive/2018basic/texmf-dist/tex/latex/caption/caption.sty
Package: caption 2018/10/06 v3.3-154 Customizing captions (AR)

(/usr/local/texlive/2018basic/texmf-dist/tex/latex/caption/caption3.sty
Package: caption3 2018/09/12 v1.8c caption3 kernel (AR)
Package caption3 Info: TeX engine: e-TeX on input line 64.
\captionmargin=\dimen133
\captionmargin@=\dimen134
\captionwidth=\dimen135
\caption@tempdima=\dimen136
\caption@indent=\dimen137
\caption@parindent=\dimen138
\caption@hangindent=\dimen139
)
\c@caption@flags=\count108
\c@ContinuedFloat=\count109
Package caption Info: float package is loaded.
)
\c@KVtest=\count110
\sf@farskip=\skip46
\sf@captopadj=\dimen140
\sf@capskip=\skip47
\sf@nearskip=\skip48
\c@subfigure=\count111
\c@subfigure@save=\count112
\c@lofdepth=\count113
\c@subtable=\count114
\c@subtable@save=\count115
\c@lotdepth=\count116
\sf@top=\skip49
\sf@bottom=\skip50
)
(/usr/local/texlive/2018basic/texmf-dist/tex/latex/graphics/graphicx.sty
Package: graphicx 2017/06/01 v1.1a Enhanced LaTeX Graphics (DPC,SPQR)

(/usr/local/texlive/2018basic/texmf-dist/tex/latex/graphics/graphics.sty
Package: graphics 2017/06/25 v1.2c Standard LaTeX Graphics (DPC,SPQR)

(/usr/local/texlive/2018basic/texmf-dist/tex/latex/graphics/trig.sty
Package: trig 2016/01/03 v1.10 sin cos tan (DPC)
)
(/usr/local/texlive/2018basic/texmf-dist/tex/latex/graphics-cfg/graphics.cfg
File: graphics.cfg 2016/06/04 v1.11 sample graphics configuration
)
Package graphics Info: Driver file: pdftex.def on input line 99.
)
\Gin@req@height=\dimen141
\Gin@req@width=\dimen142
) (/usr/local/texlive/2018basic/texmf-dist/tex/latex/tools/multicol.sty
Package: multicol 2018/12/27 v1.8v multicolumn formatting (FMi)
\c@tracingmulticols=\count117
\mult@box=\box30
\multicol@leftmargin=\dimen143
\c@unbalance=\count118
\c@collectmore=\count119
\doublecol@number=\count120
\multicoltolerance=\count121
\multicolpretolerance=\count122
\full@width=\dimen144
\page@free=\dimen145
\premulticols=\dimen146
\postmulticols=\dimen147
\multicolsep=\skip51
\multicolbaselineskip=\skip52
\partial@page=\box31
\last@line=\box32
\maxbalancingoverflow=\dimen148
\mult@rightbox=\box33
\mult@grightbox=\box34
\mult@gfirstbox=\box35
\mult@firstbox=\box36
\@tempa=\box37
\@tempa=\box38
\@tempa=\box39
\@tempa=\box40
\@tempa=\box41
\@tempa=\box42
\@tempa=\box43
\@tempa=\box44
\@tempa=\box45
\@tempa=\box46
\@tempa=\box47
\@tempa=\box48
\@tempa=\box49
\@tempa=\box50
\@tempa=\box51
\@tempa=\box52
\@tempa=\box53
\c@columnbadness=\count123
\c@finalcolumnbadness=\count124
\last@try=\dimen149
\multicolovershoot=\dimen150
\multicolundershoot=\dimen151
\mult@nat@firstbox=\box54
\colbreak@box=\box55
\mc@col@check@num=\count125
)
(/usr/local/texlive/2018basic/texmf-dist/tex/latex/minted/minted.sty
Package: minted 2017/07/19 v2.5 Yet another Pygments shim for LaTeX

(/usr/local/texlive/2018basic/texmf-dist/tex/latex/oberdiek/kvoptions.sty
Package: kvoptions 2016/05/16 v3.12 Key value format for package options (HO)

(/usr/local/texlive/2018basic/texmf-dist/tex/generic/oberdiek/ltxcmds.sty
Package: ltxcmds 2016/05/16 v1.23 LaTeX kernel commands for general use (HO)
)
(/usr/local/texlive/2018basic/texmf-dist/tex/generic/oberdiek/kvsetkeys.sty
Package: kvsetkeys 2016/05/16 v1.17 Key value parser (HO)

(/usr/local/texlive/2018basic/texmf-dist/tex/generic/oberdiek/infwarerr.sty
Package: infwarerr 2016/05/16 v1.4 Providing info/warning/error messages (HO)
)
(/usr/local/texlive/2018basic/texmf-dist/tex/generic/oberdiek/etexcmds.sty
Package: etexcmds 2016/05/16 v1.6 Avoid name clashes with e-TeX commands (HO)

(/usr/local/texlive/2018basic/texmf-dist/tex/generic/oberdiek/ifluatex.sty
Package: ifluatex 2016/05/16 v1.4 Provides the ifluatex switch (HO)
Package ifluatex Info: LuaTeX not detected.
)
Package etexcmds Info: Could not find \expanded.
(etexcmds)             That can mean that you are not using pdfTeX 1.50 or
(etexcmds)             that some package has redefined \expanded.
(etexcmds)             In the latter case, load this package earlier.
)))
(/usr/local/texlive/2018basic/texmf-dist/tex/latex/fvextra/fvextra.sty
Package: fvextra 2019/02/04 v1.4 fvextra - extensions and patches for fancyvrb

(/usr/local/texlive/2018basic/texmf-dist/tex/latex/base/ifthen.sty
Package: ifthen 2014/09/29 v1.1c Standard LaTeX ifthen package (DPC)
)
(/usr/local/texlive/2018basic/texmf-dist/tex/latex/etoolbox/etoolbox.sty
Package: etoolbox 2018/08/19 v2.5f e-TeX tools for LaTeX (JAW)
\etb@tempcnta=\count126
)
(/usr/local/texlive/2018basic/texmf-dist/tex/latex/fancyvrb/fancyvrb.sty
Package: fancyvrb 2019/01/08

Style option: `fancyvrb' v3.2 <2019/01/08> (tvz)
\FV@CodeLineNo=\count127
\FV@InFile=\read1
\FV@TabBox=\box56
\c@FancyVerbLine=\count128
\FV@StepNumber=\count129
\FV@OutFile=\write3
)
(/usr/local/texlive/2018basic/texmf-dist/tex/latex/upquote/upquote.sty
Package: upquote 2012/04/19 v1.3 upright-quote and grave-accent glyphs in verba
tim
)
(/usr/local/texlive/2018basic/texmf-dist/tex/latex/lineno/lineno.sty
Package: lineno 2005/11/02 line numbers on paragraphs v4.41
\linenopenalty=\count130
\output=\toks23
\linenoprevgraf=\count131
\linenumbersep=\dimen152
\linenumberwidth=\dimen153
\c@linenumber=\count132
\c@pagewiselinenumber=\count133
\c@LN@truepage=\count134
\c@internallinenumber=\count135
\c@internallinenumbers=\count136
\quotelinenumbersep=\dimen154
\bframerule=\dimen155
\bframesep=\dimen156
\bframebox=\box57
LaTeX Info: Redefining \\ on input line 3056.
)
\c@FV@TrueTabGroupLevel=\count137
\c@FV@TrueTabCounter=\count138
\FV@TabBox@Group=\box58
\FV@TmpLength=\skip53
\c@FV@HighlightLinesStart=\count139
\c@FV@HighlightLinesStop=\count140
\FV@LoopCount=\count141
\FV@NCharsBox=\box59
\FV@BreakIndent=\dimen157
\FV@BreakIndentNChars=\count142
\FV@BreakSymbolSepLeft=\dimen158
\FV@BreakSymbolSepLeftNChars=\count143
\FV@BreakSymbolSepRight=\dimen159
\FV@BreakSymbolSepRightNChars=\count144
\FV@BreakSymbolIndentLeft=\dimen160
\FV@BreakSymbolIndentLeftNChars=\count145
\FV@BreakSymbolIndentRight=\dimen161
\FV@BreakSymbolIndentRightNChars=\count146
\c@FancyVerbLineBreakLast=\count147
\FV@LineBox=\box60
\FV@LineIndentBox=\box61
\FV@LineWidth=\dimen162
)
(/usr/local/texlive/2018basic/texmf-dist/tex/latex/tools/calc.sty
Package: calc 2017/05/25 v4.3 Infix arithmetic (KKT,FJ)
\calc@Acount=\count148
\calc@Bcount=\count149
\calc@Adimen=\dimen163
\calc@Bdimen=\dimen164
\calc@Askip=\skip54
\calc@Bskip=\skip55
LaTeX Info: Redefining \setlength on input line 80.
LaTeX Info: Redefining \addtolength on input line 81.
\calc@Ccount=\count150
\calc@Cskip=\skip56
)
(/usr/local/texlive/2018basic/texmf-dist/tex/latex/tools/shellesc.sty
Package: shellesc 2016/06/07 v0.02a unified shell escape interface for LaTeX
Package shellesc Info: Unrestricted shell escape enabled on input line 67.
)
(/usr/local/texlive/2018basic/texmf-dist/tex/latex/ifplatform/ifplatform.sty
Package: ifplatform 2017/10/13 v0.4a Testing for the operating system

(/usr/local/texlive/2018basic/texmf-dist/tex/generic/oberdiek/pdftexcmds.sty
Package: pdftexcmds 2018/09/10 v0.29 Utility functions of pdfTeX for LuaTeX (HO
)
Package pdftexcmds Info: LuaTeX not detected.
Package pdftexcmds Info: \pdf@primitive is available.
Package pdftexcmds Info: \pdf@ifprimitive is available.
Package pdftexcmds Info: \pdfdraftmode found.
)
(/usr/local/texlive/2018basic/texmf-dist/tex/generic/oberdiek/catchfile.sty
Package: catchfile 2016/05/16 v1.7 Catch the contents of a file (HO)
)
runsystem(uname -s > "main.w18")...executed.


(./main.w18)
runsystem(rm -- "main.w18")...executed.

)
(/usr/local/texlive/2018basic/texmf-dist/tex/generic/xstring/xstring.sty
(/usr/local/texlive/2018basic/texmf-dist/tex/generic/xstring/xstring.tex
\integerpart=\count151
\decimalpart=\count152
)
Package: xstring 2019/02/06 v1.83 String manipulations (CT)
)
(/usr/local/texlive/2018basic/texmf-dist/tex/latex/framed/framed.sty
Package: framed 2011/10/22 v 0.96: framed or shaded text with page breaks
\OuterFrameSep=\skip57
\fb@frw=\dimen165
\fb@frh=\dimen166
\FrameRule=\dimen167
\FrameSep=\dimen168
)
\minted@appexistsfile=\read2
\minted@bgbox=\box62
\minted@code=\write4
\c@minted@FancyVerbLineTemp=\count153
\c@minted@pygmentizecounter=\count154
\@float@every@listing=\toks24
\c@listing=\count155
)
runsystem(mkdir -p _minted-main)...executed.


(/usr/local/texlive/2018basic/texmf-dist/tex/latex/tools/enumerate.sty
Package: enumerate 2015/07/23 v3.00 enumerate extensions (DPC)
\@enLab=\toks25
)
(/usr/local/texlive/2018basic/texmf-dist/tex/latex/hyperref/hyperref.sty
Package: hyperref 2018/11/30 v6.88e Hypertext links for LaTeX

(/usr/local/texlive/2018basic/texmf-dist/tex/generic/oberdiek/hobsub-hyperref.s
ty
Package: hobsub-hyperref 2016/05/16 v1.14 Bundle oberdiek, subset hyperref (HO)


(/usr/local/texlive/2018basic/texmf-dist/tex/generic/oberdiek/hobsub-generic.st
y
Package: hobsub-generic 2016/05/16 v1.14 Bundle oberdiek, subset generic (HO)
Package: hobsub 2016/05/16 v1.14 Construct package bundles (HO)
Package hobsub Info: Skipping package `infwarerr' (already loaded).
Package hobsub Info: Skipping package `ltxcmds' (already loaded).
Package hobsub Info: Skipping package `ifluatex' (already loaded).
Package hobsub Info: Skipping package `ifvtex' (already loaded).
Package: intcalc 2016/05/16 v1.2 Expandable calculations with integers (HO)
Package hobsub Info: Skipping package `ifpdf' (already loaded).
Package hobsub Info: Skipping package `etexcmds' (already loaded).
Package hobsub Info: Skipping package `kvsetkeys' (already loaded).
Package: kvdefinekeys 2016/05/16 v1.4 Define keys (HO)
Package hobsub Info: Skipping package `pdftexcmds' (already loaded).
Package: pdfescape 2016/05/16 v1.14 Implements pdfTeX's escape features (HO)
Package: bigintcalc 2016/05/16 v1.4 Expandable calculations on big integers (HO
)
Package: bitset 2016/05/16 v1.2 Handle bit-vector datatype (HO)
Package: uniquecounter 2016/05/16 v1.3 Provide unlimited unique counter (HO)
)
Package hobsub Info: Skipping package `hobsub' (already loaded).
Package: letltxmacro 2016/05/16 v1.5 Let assignment for LaTeX macros (HO)
Package: hopatch 2016/05/16 v1.3 Wrapper for package hooks (HO)
Package: xcolor-patch 2016/05/16 xcolor patch
Package: atveryend 2016/05/16 v1.9 Hooks at the very end of document (HO)
Package: atbegshi 2016/06/09 v1.18 At begin shipout hook (HO)
Package: refcount 2016/05/16 v3.5 Data extraction from label references (HO)
Package: hycolor 2016/05/16 v1.8 Color options for hyperref/bookmark (HO)
) (/usr/local/texlive/2018basic/texmf-dist/tex/latex/oberdiek/auxhook.sty
Package: auxhook 2016/05/16 v1.4 Hooks for auxiliary files (HO)
)
\@linkdim=\dimen169
\Hy@linkcounter=\count156
\Hy@pagecounter=\count157

(/usr/local/texlive/2018basic/texmf-dist/tex/latex/hyperref/pd1enc.def
File: pd1enc.def 2018/11/30 v6.88e Hyperref: PDFDocEncoding definition (HO)
Now handling font encoding PD1 ...
... no UTF-8 mapping file for font encoding PD1
)
\Hy@SavedSpaceFactor=\count158

(/usr/local/texlive/2018basic/texmf-dist/tex/latex/latexconfig/hyperref.cfg
File: hyperref.cfg 2002/06/06 v1.2 hyperref configuration of TeXLive
)
Package hyperref Info: Option `colorlinks' set `true' on input line 4393.
Package hyperref Info: Hyper figures OFF on input line 4519.
Package hyperref Info: Link nesting OFF on input line 4524.
Package hyperref Info: Hyper index ON on input line 4527.
Package hyperref Info: Plain pages OFF on input line 4534.
Package hyperref Info: Backreferencing OFF on input line 4539.
Package hyperref Info: Implicit mode ON; LaTeX internals redefined.
Package hyperref Info: Bookmarks ON on input line 4772.
\c@Hy@tempcnt=\count159

(/usr/local/texlive/2018basic/texmf-dist/tex/latex/url/url.sty
\Urlmuskip=\muskip11
Package: url 2013/09/16  ver 3.4  Verb mode for urls, etc.
)
LaTeX Info: Redefining \url on input line 5125.
\XeTeXLinkMargin=\dimen170
\Fld@menulength=\count160
\Field@Width=\dimen171
\Fld@charsize=\dimen172
Package hyperref Info: Hyper figures OFF on input line 6380.
Package hyperref Info: Link nesting OFF on input line 6385.
Package hyperref Info: Hyper index ON on input line 6388.
Package hyperref Info: backreferencing OFF on input line 6395.
Package hyperref Info: Link coloring ON on input line 6398.
Package hyperref Info: Link coloring with OCG OFF on input line 6405.
Package hyperref Info: PDF/A mode OFF on input line 6410.
LaTeX Info: Redefining \ref on input line 6450.
LaTeX Info: Redefining \pageref on input line 6454.
\Hy@abspage=\count161
\c@Item=\count162
\c@Hfootnote=\count163
)
Package hyperref Info: Driver (autodetected): hpdftex.

(/usr/local/texlive/2018basic/texmf-dist/tex/latex/hyperref/hpdftex.def
File: hpdftex.def 2018/11/30 v6.88e Hyperref driver for pdfTeX
\Fld@listcount=\count164
\c@bookmark@seq@number=\count165

(/usr/local/texlive/2018basic/texmf-dist/tex/latex/oberdiek/rerunfilecheck.sty
Package: rerunfilecheck 2016/05/16 v1.8 Rerun checks for auxiliary files (HO)
Package uniquecounter Info: New unique counter `rerunfilecheck' on input line 2
82.
)
\Hy@SectionHShift=\skip58
)
runsystem(which pygmentize && touch main.aex)...executed.

runsystem(rm main.aex)...executed.

 (./main.aux)
\openout1 = `main.aux'.

LaTeX Font Info:    Checking defaults for OML/cmm/m/it on input line 42.
LaTeX Font Info:    ... okay on input line 42.
LaTeX Font Info:    Checking defaults for T1/cmr/m/n on input line 42.
LaTeX Font Info:    ... okay on input line 42.
LaTeX Font Info:    Checking defaults for OT1/cmr/m/n on input line 42.
LaTeX Font Info:    ... okay on input line 42.
LaTeX Font Info:    Checking defaults for OMS/cmsy/m/n on input line 42.
LaTeX Font Info:    ... okay on input line 42.
LaTeX Font Info:    Checking defaults for OMX/cmex/m/n on input line 42.
LaTeX Font Info:    ... okay on input line 42.
LaTeX Font Info:    Checking defaults for U/cmr/m/n on input line 42.
LaTeX Font Info:    ... okay on input line 42.
LaTeX Font Info:    Checking defaults for PD1/pdf/m/n on input line 42.
LaTeX Font Info:    ... okay on input line 42.

*geometry* driver: auto-detecting
*geometry* detected driver: pdftex
*geometry* verbose mode - [ preamble ] result:
* driver: pdftex
* paper: <default>
* layout: <same size as paper>
* layoutoffset:(h,v)=(0.0pt,0.0pt)
* modes: 
* h-part:(L,W,R)=(92.14519pt, 430.00462pt, 92.14519pt)
* v-part:(T,H,B)=(95.39737pt, 556.47656pt, 143.09605pt)
* \paperwidth=614.295pt
* \paperheight=794.96999pt
* \textwidth=430.00462pt
* \textheight=556.47656pt
* \oddsidemargin=19.8752pt
* \evensidemargin=19.8752pt
* \topmargin=-13.87262pt
* \headheight=12.0pt
* \headsep=25.0pt
* \topskip=10.0pt
* \footskip=30.0pt
* \marginparwidth=65.0pt
* \marginparsep=11.0pt
* \columnsep=10.0pt
* \skip\footins=9.0pt plus 4.0pt minus 2.0pt
* \hoffset=0.0pt
* \voffset=0.0pt
* \mag=1000
* \@twocolumnfalse
* \@twosidefalse
* \@mparswitchfalse
* \@reversemarginfalse
* (1in=72.27pt=25.4mm, 1cm=28.453pt)

(/usr/local/texlive/2018basic/texmf-dist/tex/context/base/mkii/supp-pdf.mkii
[Loading MPS to PDF converter (version 2006.09.02).]
\scratchcounter=\count166
\scratchdimen=\dimen173
\scratchbox=\box63
\nofMPsegments=\count167
\nofMParguments=\count168
\everyMPshowfont=\toks26
\MPscratchCnt=\count169
\MPscratchDim=\dimen174
\MPnumerator=\count170
\makeMPintoPDFobject=\count171
\everyMPtoPDFconversion=\toks27
) (/usr/local/texlive/2018basic/texmf-dist/tex/latex/oberdiek/epstopdf-base.sty
Package: epstopdf-base 2016/05/15 v2.6 Base part for package epstopdf
(/usr/local/texlive/2018basic/texmf-dist/tex/latex/oberdiek/grfext.sty
Package: grfext 2016/05/16 v1.2 Manage graphics extensions (HO)
)
Package epstopdf-base Info: Redefining graphics rule for `.eps' on input line 4
38.
Package grfext Info: Graphics extension search list:
(grfext)             [.pdf,.png,.jpg,.mps,.jpeg,.jbig2,.jb2,.PDF,.PNG,.JPG,.JPE
G,.JBIG2,.JB2,.eps]
(grfext)             \AppendGraphicsExtensions on input line 456.

(/usr/local/texlive/2018basic/texmf-dist/tex/latex/latexconfig/epstopdf-sys.cfg
File: epstopdf-sys.cfg 2010/07/13 v1.3 Configuration of (r)epstopdf for TeX Liv
e
))
Package caption Info: Begin \AtBeginDocument code.
Package caption Info: subfig package v1.3 is loaded.
Package caption Info: hyperref package is loaded.
Package caption Info: End \AtBeginDocument code.
\AtBeginShipoutBox=\box64
Package hyperref Info: Link coloring ON on input line 42.
 (/usr/local/texlive/2018basic/texmf-dist/tex/latex/hyperref/nameref.sty
Package: nameref 2016/05/21 v2.44 Cross-referencing by name of section

(/usr/local/texlive/2018basic/texmf-dist/tex/generic/oberdiek/gettitlestring.st
y
Package: gettitlestring 2016/05/16 v1.5 Cleanup title references (HO)
)
\c@section@level=\count172
)
LaTeX Info: Redefining \ref on input line 42.
LaTeX Info: Redefining \pageref on input line 42.
LaTeX Info: Redefining \nameref on input line 42.
 (./main.out) (./main.out)
\@outlinefile=\write5
\openout5 = `main.out'.

LaTeX Font Info:    Try loading font information for U+msa on input line 44.

(/usr/local/texlive/2018basic/texmf-dist/tex/latex/amsfonts/umsa.fd
File: umsa.fd 2013/01/14 v3.01 AMS symbols A
)
LaTeX Font Info:    Try loading font information for U+msb on input line 44.

(/usr/local/texlive/2018basic/texmf-dist/tex/latex/amsfonts/umsb.fd
File: umsb.fd 2013/01/14 v3.01 AMS symbols B
)
LaTeX Font Info:    Try loading font information for OMS+cmr on input line 47.

(/usr/local/texlive/2018basic/texmf-dist/tex/latex/base/omscmr.fd
File: omscmr.fd 2014/09/29 v2.5h Standard LaTeX font definitions
)
LaTeX Font Info:    Font shape `OMS/cmr/m/n' in size <10> not available
(Font)              Font shape `OMS/cmsy/m/n' tried instead on input line 47.


LaTeX Warning: Command \r invalid in math mode on input line 73.


Overfull \hbox (7.21927pt too wide) in paragraph at lines 70--80
 [][] 
 []

[1

{/usr/local/texlive/2018basic/texmf-var/fonts/map/pdftex/updmap/pdftex.map}]
[2]

Package hyperref Warning: Token not allowed in a PDF string (PDFDocEncoding):
(hyperref)                removing `math shift' on input line 125.


Package hyperref Warning: Token not allowed in a PDF string (PDFDocEncoding):
(hyperref)                removing `math shift' on input line 125.

[3]
\openout4 = `main.pyg'.

 (./_minted-main/default-pyg-prefix.pygstyle)
(./_minted-main/default.pygstyle)
(./_minted-main/5BA89C4D15ED3774F70E8C481973A3E34FBEEAFC55D0059826E664B9BBCF372
1.pygtex)
\openout4 = `main.pyg'.


(./_minted-main/98B0AD003BD34F644F8E664901ACD1665093E84BEA004B2911D4DA186861F6D
B.pygtex)
\openout4 = `main.pyg'.


(./_minted-main/8A4DD35F6C606274867FB20B4FFFFE965093E84BEA004B2911D4DA186861F6D
B.pygtex)
\openout4 = `main.pyg'.


(./_minted-main/98B0AD003BD34F644F8E664901ACD1665093E84BEA004B2911D4DA186861F6D
B.pygtex)
\openout4 = `main.pyg'.


(./_minted-main/68CF20A26DFAD1FCBBA7CEBD0B545CDD4FBEEAFC55D0059826E664B9BBCF372
1.pygtex)
Overfull \hbox (43.19183pt too wide) detected at line 183
\OML/cmm/m/it/10 h [] \OT1/cmr/m/n/10 = \OML/cmm/m/it/10 ^^O[] []\OMS/cmsy/m/n/
10 h\OML/cmm/m/it/10 l; m[]; []; m \OMS/cmsy/m/n/10 ^^@ \OML/cmm/m/it/10 m[]\OM
S/cmsy/m/n/10 j\OML/cmm/m/it/10 j; m\OMS/cmsy/m/n/10 i\OML/cmm/m/it/10 Y[]\OT1/
cmr/m/n/10 ([])\OML/cmm/m/it/10 ^^_\OT1/cmr/m/n/10 (\OML/cmm/m/it/10 m \OMS/cms
y/m/n/10 ^^@ \OML/cmm/m/it/10 m[]\OT1/cmr/m/n/10 )
 []

\openout4 = `main.pyg'.


(./_minted-main/A01373D7FC025C23743934D73D89A0654FBEEAFC55D0059826E664B9BBCF372
1.pygtex)
\openout4 = `main.pyg'.


(./_minted-main/A01A2E0540DD34ACCAE21BF1C0957F9E4FBEEAFC55D0059826E664B9BBCF372
1.pygtex)
\openout4 = `main.pyg'.


(./_minted-main/A01373D7FC025C23743934D73D89A0654FBEEAFC55D0059826E664B9BBCF372
1.pygtex) [4]
\openout4 = `main.pyg'.


(./_minted-main/19155ABF8F6A7EF85DB08F9AA80957645093E84BEA004B2911D4DA186861F6D
B.pygtex)
\openout4 = `main.pyg'.


(./_minted-main/5ED0477119BB988188F5D975F0B46F7A5093E84BEA004B2911D4DA186861F6D
B.pygtex)
Overfull \hbox (6.47617pt too wide) in paragraph at lines 215--217
[] \OT1/cmr/m/n/10 in-cludes these av-er-aged $\OML/cmm/m/it/10 ^^O[]$ \OT1/cmr
/m/n/10 pro-cessed from $\OML/cmm/m/it/10 ^^O[]$ \OT1/cmr/m/n/10 data in []
 []

<../Dev/QD.pdf, id=194, 462.52798pt x 346.89601pt>
File: ../Dev/QD.pdf Graphic file (type pdf)
<use ../Dev/QD.pdf>
Package pdftex.def Info: ../Dev/QD.pdf  used on input line 225.
(pdftex.def)             Requested size: 301.00192pt x 225.76027pt.
\openout4 = `main.pyg'.


(./_minted-main/DEBFD809C177774ADB0D141DF531CE035093E84BEA004B2911D4DA186861F6D
B.pygtex)
Overfull \hbox (21.90987pt too wide) in paragraph at lines 222--230
\OML/cmm/m/it/10 []; ^^N[]$ \OT1/cmr/m/n/10 be-ing the fit-ting pa-ram-e-ters.
 The fit-ting re-sults are stored in []
 []

[5]
\openout4 = `main.pyg'.


(./_minted-main/11DA6AA89ECB0E52AFC6EF83211C711C4FBEEAFC55D0059826E664B9BBCF372
1.pygtex)
\openout4 = `main.pyg'.


(./_minted-main/2D9E64183CEEBCB1AFA96CF788F8DF7D5093E84BEA004B2911D4DA186861F6D
B.pygtex)
\openout4 = `main.pyg'.


(./_minted-main/52B156C711500FB8E2D0126A6B9EB59F4FBEEAFC55D0059826E664B9BBCF372
1.pygtex) [6 <../Dev/QD.pdf>]

Package hyperref Warning: Token not allowed in a PDF string (PDFDocEncoding):
(hyperref)                removing `math shift' on input line 285.


Package hyperref Warning: Token not allowed in a PDF string (PDFDocEncoding):
(hyperref)                removing `math shift' on input line 285.

[7]
Overfull \hbox (29.63525pt too wide) detected at line 306
[]
 []

[8]
\openout4 = `main.pyg'.


(./_minted-main/2D9E64183CEEBCB1AFA96CF788F8DF7D5093E84BEA004B2911D4DA186861F6D
B.pygtex)
Overfull \hbox (39.3566pt too wide) in paragraph at lines 378--386
 [][] 
 []

[9] (./main.bbl)

Package hyperref Warning: Token not allowed in a PDF string (PDFDocEncoding):
(hyperref)                removing `math shift' on input line 401.


Package hyperref Warning: Token not allowed in a PDF string (PDFDocEncoding):
(hyperref)                removing `\cdot' on input line 401.


Package hyperref Warning: Token not allowed in a PDF string (PDFDocEncoding):
(hyperref)                removing `\lambda' on input line 401.


Package hyperref Warning: Token not allowed in a PDF string (PDFDocEncoding):
(hyperref)                removing `\cdot' on input line 401.


Package hyperref Warning: Token not allowed in a PDF string (PDFDocEncoding):
(hyperref)                removing `math shift' on input line 401.


Overfull \hbox (63.4782pt too wide) detected at line 414
[]
 []

[10]
\openout4 = `main.pyg'.


(./_minted-main/CF736938B97C47344C54F30CCD0BB1E45093E84BEA004B2911D4DA186861F6D
B.pygtex) [11]
Package atveryend Info: Empty hook `BeforeClearDocument' on input line 457.
 [12]
Package atveryend Info: Empty hook `AfterLastShipout' on input line 457.
 (./main.aux)
Package atveryend Info: Executing hook `AtVeryEndDocument' on input line 457.
Package atveryend Info: Executing hook `AtEndAfterFileList' on input line 457.
Package rerunfilecheck Info: File `main.out' has not changed.
(rerunfilecheck)             Checksum: D44501C41D78F9136CF2B55C85903613;1749.
runsystem(rm main.pyg)...executed.

 ) 
Here is how much of TeX's memory you used:
 11661 strings out of 494091
 193942 string characters out of 6163522
 345571 words of memory out of 5000000
 14986 multiletter control sequences out of 15000+600000
 19093 words of font info for 71 fonts, out of 8000000 for 9000
 319 hyphenation exceptions out of 8191
 44i,16n,46p,841b,386s stack positions out of 5000i,500n,10000p,200000b,80000s
</usr/local/texlive/2018basic/texmf-dist/fonts/type1/public/amsfonts/cm/cmbsy
10.pfb></usr/local/texlive/2018basic/texmf-dist/fonts/type1/public/amsfonts/cm/
cmbx10.pfb></usr/local/texlive/2018basic/texmf-dist/fonts/type1/public/amsfonts
/cm/cmbx12.pfb></usr/local/texlive/2018basic/texmf-dist/fonts/type1/public/amsf
onts/cm/cmex10.pfb></usr/local/texlive/2018basic/texmf-dist/fonts/type1/public/
amsfonts/cm/cmmi10.pfb></usr/local/texlive/2018basic/texmf-dist/fonts/type1/pub
lic/amsfonts/cm/cmmi12.pfb></usr/local/texlive/2018basic/texmf-dist/fonts/type1
/public/amsfonts/cm/cmmi5.pfb></usr/local/texlive/2018basic/texmf-dist/fonts/ty
pe1/public/amsfonts/cm/cmmi7.pfb></usr/local/texlive/2018basic/texmf-dist/fonts
/type1/public/amsfonts/cm/cmmib10.pfb></usr/local/texlive/2018basic/texmf-dist/
fonts/type1/public/amsfonts/cm/cmr10.pfb></usr/local/texlive/2018basic/texmf-di
st/fonts/type1/public/amsfonts/cm/cmr12.pfb></usr/local/texlive/2018basic/texmf
-dist/fonts/type1/public/amsfonts/cm/cmr17.pfb></usr/local/texlive/2018basic/te
xmf-dist/fonts/type1/public/amsfonts/cm/cmr5.pfb></usr/local/texlive/2018basic/
texmf-dist/fonts/type1/public/amsfonts/cm/cmr7.pfb></usr/local/texlive/2018basi
c/texmf-dist/fonts/type1/public/amsfonts/cm/cmss10.pfb></usr/local/texlive/2018
basic/texmf-dist/fonts/type1/public/amsfonts/cm/cmsy10.pfb></usr/local/texlive/
2018basic/texmf-dist/fonts/type1/public/amsfonts/cm/cmsy5.pfb></usr/local/texli
ve/2018basic/texmf-dist/fonts/type1/public/amsfonts/cm/cmsy7.pfb></usr/local/te
xlive/2018basic/texmf-dist/fonts/type1/public/amsfonts/cm/cmti10.pfb></usr/loca
l/texlive/2018basic/texmf-dist/fonts/type1/public/amsfonts/cm/cmtt10.pfb></usr/
local/texlive/2018basic/texmf-dist/fonts/type1/public/amsfonts/symbols/msbm10.p
fb></usr/local/texlive/2018basic/texmf-dist/fonts/type1/public/amsfonts/symbols
/msbm7.pfb>
Output written on main.pdf (12 pages, 291508 bytes).
PDF statistics:
 400 PDF objects out of 1000 (max. 8388607)
 343 compressed objects within 4 object streams
 108 named destinations out of 1000 (max. 500000)
 198 words of extra memory for PDF output out of 10000 (max. 10000000)

